-- Found ament_cmake: 1.3.5 (/opt/ros/humble/share/ament_cmake/cmake)
-- Override CMake install command with custom implementation using symlinks instead of copying resources
-- Found ament_lint_auto: 0.12.8 (/opt/ros/humble/share/ament_lint_auto/cmake)
-- Added test 'flake8' to check Python code syntax and style conventions
-- Added test 'lint_cmake' to check CMake code style
-- Added test 'pep257' to check Python code against some of the docstring style conventions in PEP 257
-- Added test 'xmllint' to check XML markup files
-- Configuring done
-- Generating done
-- Build files have been written to: /home/shrujan/Desktop/SBRT/urdf_ros2_ws/build/tetra_description
-- Install configuration: ""
-- Execute custom install script
-- Up-to-date symlink: /home/shrujan/Desktop/SBRT/urdf_ros2_ws/install/tetra_description/share/tetra_description/meshes/ARMFINAL_1401-0043-0032_assembly_v1_1.stl
-- Up-to-date symlink: /home/shrujan/Desktop/SBRT/urdf_ros2_ws/install/tetra_description/share/tetra_description/meshes/ARMFINAL_1401-0043-0032_assembly_v1__1__1.stl
-- Up-to-date symlink: /home/shrujan/Desktop/SBRT/urdf_ros2_ws/install/tetra_description/share/tetra_description/meshes/ARMFINAL_1516-4008-0800_v1_1.stl
-- Up-to-date symlink: /home/shrujan/Desktop/SBRT/urdf_ros2_ws/install/tetra_description/share/tetra_description/meshes/ARMFINAL_LowerArmPlate_v1_1.stl
-- Up-to-date symlink: /home/shrujan/Desktop/SBRT/urdf_ros2_ws/install/tetra_description/share/tetra_description/meshes/ARMFINAL_LowerArmPlate_v1__1__1.stl
-- Up-to-date symlink: /home/shrujan/Desktop/SBRT/urdf_ros2_ws/install/tetra_description/share/tetra_description/meshes/ARMFINAL_baseAxle_v1_1.stl
-- Up-to-date symlink: /home/shrujan/Desktop/SBRT/urdf_ros2_ws/install/tetra_description/share/tetra_description/meshes/ARMFINAL_baseOuter1_v1_1.stl
-- Up-to-date symlink: /home/shrujan/Desktop/SBRT/urdf_ros2_ws/install/tetra_description/share/tetra_description/meshes/ARMFINAL_baseOuter_v1_1.stl
-- Up-to-date symlink: /home/shrujan/Desktop/SBRT/urdf_ros2_ws/install/tetra_description/share/tetra_description/meshes/ARMFINAL_basePlatform_v1_1.stl
-- Up-to-date symlink: /home/shrujan/Desktop/SBRT/urdf_ros2_ws/install/tetra_description/share/tetra_description/meshes/ARMFINAL_upperArmHinge_v1_1.stl
-- Up-to-date symlink: /home/shrujan/Desktop/SBRT/urdf_ros2_ws/install/tetra_description/share/tetra_description/meshes/backFlipper_v2_1.stl
-- Up-to-date symlink: /home/shrujan/Desktop/SBRT/urdf_ros2_ws/install/tetra_description/share/tetra_description/meshes/backFlipper_v2__1__1.stl
-- Up-to-date symlink: /home/shrujan/Desktop/SBRT/urdf_ros2_ws/install/tetra_description/share/tetra_description/meshes/backFlipper_v2__2__1.stl
-- Up-to-date symlink: /home/shrujan/Desktop/SBRT/urdf_ros2_ws/install/tetra_description/share/tetra_description/meshes/backFlipper_v2__3__1.stl
-- Up-to-date symlink: /home/shrujan/Desktop/SBRT/urdf_ros2_ws/install/tetra_description/share/tetra_description/meshes/base_link.stl
-- Up-to-date symlink: /home/shrujan/Desktop/SBRT/urdf_ros2_ws/install/tetra_description/share/tetra_description/meshes/drive_housing_v2_1.stl
-- Up-to-date symlink: /home/shrujan/Desktop/SBRT/urdf_ros2_ws/install/tetra_description/share/tetra_description/meshes/drive_housing_v2__1__1.stl
-- Up-to-date symlink: /home/shrujan/Desktop/SBRT/urdf_ros2_ws/install/tetra_description/share/tetra_description/meshes/ebox_v1_1.stl
-- Up-to-date symlink: /home/shrujan/Desktop/SBRT/urdf_ros2_ws/install/tetra_description/share/tetra_description/meshes/sprocket_v1_1.stl
-- Up-to-date symlink: /home/shrujan/Desktop/SBRT/urdf_ros2_ws/install/tetra_description/share/tetra_description/meshes/sprocket_v1__1__1.stl
-- Up-to-date symlink: /home/shrujan/Desktop/SBRT/urdf_ros2_ws/install/tetra_description/share/tetra_description/meshes/sprocket_v1__2__1.stl
-- Up-to-date symlink: /home/shrujan/Desktop/SBRT/urdf_ros2_ws/install/tetra_description/share/tetra_description/meshes/sprocket_v1__3__1.stl
-- Up-to-date symlink: /home/shrujan/Desktop/SBRT/urdf_ros2_ws/install/tetra_description/share/tetra_description/urdf/lidar.xacro
-- Up-to-date symlink: /home/shrujan/Desktop/SBRT/urdf_ros2_ws/install/tetra_description/share/tetra_description/urdf/materials.xacro
-- Up-to-date symlink: /home/shrujan/Desktop/SBRT/urdf_ros2_ws/install/tetra_description/share/tetra_description/urdf/ros2_control.xacro
-- Up-to-date symlink: /home/shrujan/Desktop/SBRT/urdf_ros2_ws/install/tetra_description/share/tetra_description/urdf/simple_dexter_driveTrain.xacro
-- Up-to-date symlink: /home/shrujan/Desktop/SBRT/urdf_ros2_ws/install/tetra_description/share/tetra_description/urdf/simple_dexter_driveTrain_gazebo.xacro
-- Up-to-date symlink: /home/shrujan/Desktop/SBRT/urdf_ros2_ws/install/tetra_description/share/tetra_description/urdf/simple_dexter_driveTrain_trans.xacro
-- Up-to-date symlink: /home/shrujan/Desktop/SBRT/urdf_ros2_ws/install/tetra_description/share/tetra_description/launch/gazebo.launch.py
-- Up-to-date symlink: /home/shrujan/Desktop/SBRT/urdf_ros2_ws/install/tetra_description/share/tetra_description/rviz/display.rviz
-- Up-to-date symlink: /home/shrujan/Desktop/SBRT/urdf_ros2_ws/install/tetra_description/share/tetra_description/rviz/urdf.rviz
-- Up-to-date symlink: /home/shrujan/Desktop/SBRT/urdf_ros2_ws/install/tetra_description/share/tetra_description/config/controller.yaml
-- Up-to-date symlink: /home/shrujan/Desktop/SBRT/urdf_ros2_ws/install/tetra_description/share/tetra_description/config/my_controller.yaml
-- Up-to-date symlink: /home/shrujan/Desktop/SBRT/urdf_ros2_ws/install/tetra_description/share/ament_index/resource_index/package_run_dependencies/tetra_description
-- Up-to-date symlink: /home/shrujan/Desktop/SBRT/urdf_ros2_ws/install/tetra_description/share/ament_index/resource_index/parent_prefix_path/tetra_description
-- Up-to-date symlink: /home/shrujan/Desktop/SBRT/urdf_ros2_ws/install/tetra_description/share/tetra_description/environment/ament_prefix_path.sh
-- Up-to-date symlink: /home/shrujan/Desktop/SBRT/urdf_ros2_ws/install/tetra_description/share/tetra_description/environment/ament_prefix_path.dsv
-- Up-to-date symlink: /home/shrujan/Desktop/SBRT/urdf_ros2_ws/install/tetra_description/share/tetra_description/environment/path.sh
-- Up-to-date symlink: /home/shrujan/Desktop/SBRT/urdf_ros2_ws/install/tetra_description/share/tetra_description/environment/path.dsv
-- Up-to-date symlink: /home/shrujan/Desktop/SBRT/urdf_ros2_ws/install/tetra_description/share/tetra_description/local_setup.bash
-- Up-to-date symlink: /home/shrujan/Desktop/SBRT/urdf_ros2_ws/install/tetra_description/share/tetra_description/local_setup.sh
-- Up-to-date symlink: /home/shrujan/Desktop/SBRT/urdf_ros2_ws/install/tetra_description/share/tetra_description/local_setup.zsh
-- Up-to-date symlink: /home/shrujan/Desktop/SBRT/urdf_ros2_ws/install/tetra_description/share/tetra_description/local_setup.dsv
-- Symlinking: /home/shrujan/Desktop/SBRT/urdf_ros2_ws/install/tetra_description/share/tetra_description/package.dsv
-- Up-to-date symlink: /home/shrujan/Desktop/SBRT/urdf_ros2_ws/install/tetra_description/share/ament_index/resource_index/packages/tetra_description
-- Up-to-date symlink: /home/shrujan/Desktop/SBRT/urdf_ros2_ws/install/tetra_description/share/tetra_description/cmake/tetra_descriptionConfig.cmake
-- Up-to-date symlink: /home/shrujan/Desktop/SBRT/urdf_ros2_ws/install/tetra_description/share/tetra_description/cmake/tetra_descriptionConfig-version.cmake
-- Up-to-date symlink: /home/shrujan/Desktop/SBRT/urdf_ros2_ws/install/tetra_description/share/tetra_description/package.xml
