[0.852s] DEBUG:colcon:Command line arguments: ['/usr/bin/colcon', 'build', '--symlink-install']
[0.852s] DEBUG:colcon:Parsed command line arguments: Namespace(log_base=None, log_level=None, verb_name='build', build_base='build', install_base='install', merge_install=False, symlink_install=True, test_result_base=None, continue_on_error=False, executor='parallel', parallel_workers=16, event_handlers=None, ignore_user_meta=False, metas=['./colcon.meta'], base_paths=['.'], packages_ignore=None, packages_ignore_regex=None, paths=None, packages_up_to=None, packages_up_to_regex=None, packages_above=None, packages_above_and_dependencies=None, packages_above_depth=None, packages_select_by_dep=None, packages_skip_by_dep=None, packages_skip_up_to=None, packages_select_build_failed=False, packages_skip_build_finished=False, packages_select_test_failures=False, packages_skip_test_passed=False, packages_select=None, packages_skip=None, packages_select_regex=None, packages_skip_regex=None, packages_start=None, packages_end=None, allow_overriding=[], cmake_args=None, cmake_target=None, cmake_target_skip_unavailable=False, cmake_clean_cache=False, cmake_clean_first=False, cmake_force_configure=False, ament_cmake_args=None, catkin_cmake_args=None, catkin_skip_building_tests=False, verb_parser=<colcon_defaults.argument_parser.defaults.DefaultArgumentsDecorator object at 0x7f0e8ccb8fd0>, verb_extension=<colcon_core.verb.build.BuildVerb object at 0x7f0e8cfca8c0>, main=<bound method BuildVerb.main of <colcon_core.verb.build.BuildVerb object at 0x7f0e8cfca8c0>>)
[0.892s] Level 1:colcon.colcon_core.package_discovery:discover_packages(colcon_meta) check parameters
[0.892s] Level 1:colcon.colcon_core.package_discovery:discover_packages(recursive) check parameters
[0.892s] Level 1:colcon.colcon_core.package_discovery:discover_packages(ignore) check parameters
[0.892s] Level 1:colcon.colcon_core.package_discovery:discover_packages(path) check parameters
[0.892s] Level 1:colcon.colcon_core.package_discovery:discover_packages(colcon_meta) discover
[0.892s] Level 1:colcon.colcon_core.package_discovery:discover_packages(recursive) discover
[0.892s] INFO:colcon.colcon_core.package_discovery:Crawling recursively for packages in '/home/shrujan/Desktop/SBRT/urdf_ros2_ws'
[0.892s] Level 1:colcon.colcon_core.package_identification:_identify(.) by extensions ['ignore', 'ignore_ament_install']
[0.893s] Level 1:colcon.colcon_core.package_identification:_identify(.) by extension 'ignore'
[0.893s] Level 1:colcon.colcon_core.package_identification:_identify(.) by extension 'ignore_ament_install'
[0.893s] Level 1:colcon.colcon_core.package_identification:_identify(.) by extensions ['colcon_pkg']
[0.893s] Level 1:colcon.colcon_core.package_identification:_identify(.) by extension 'colcon_pkg'
[0.893s] Level 1:colcon.colcon_core.package_identification:_identify(.) by extensions ['colcon_meta']
[0.893s] Level 1:colcon.colcon_core.package_identification:_identify(.) by extension 'colcon_meta'
[0.893s] Level 1:colcon.colcon_core.package_identification:_identify(.) by extensions ['ros']
[0.893s] Level 1:colcon.colcon_core.package_identification:_identify(.) by extension 'ros'
[0.900s] Level 1:colcon.colcon_core.package_identification:_identify(.) by extensions ['cmake', 'python']
[0.900s] Level 1:colcon.colcon_core.package_identification:_identify(.) by extension 'cmake'
[0.901s] Level 1:colcon.colcon_core.package_identification:_identify(.) by extension 'python'
[0.901s] Level 1:colcon.colcon_core.package_identification:_identify(.) by extensions ['python_setup_py']
[0.901s] Level 1:colcon.colcon_core.package_identification:_identify(.) by extension 'python_setup_py'
[0.901s] Level 1:colcon.colcon_core.package_identification:_identify(build) by extensions ['ignore', 'ignore_ament_install']
[0.901s] Level 1:colcon.colcon_core.package_identification:_identify(build) by extension 'ignore'
[0.901s] Level 1:colcon.colcon_core.package_identification:_identify(build) ignored
[0.901s] Level 1:colcon.colcon_core.package_identification:_identify(install) by extensions ['ignore', 'ignore_ament_install']
[0.901s] Level 1:colcon.colcon_core.package_identification:_identify(install) by extension 'ignore'
[0.901s] Level 1:colcon.colcon_core.package_identification:_identify(install) ignored
[0.901s] Level 1:colcon.colcon_core.package_identification:_identify(log) by extensions ['ignore', 'ignore_ament_install']
[0.901s] Level 1:colcon.colcon_core.package_identification:_identify(log) by extension 'ignore'
[0.901s] Level 1:colcon.colcon_core.package_identification:_identify(log) ignored
[0.901s] Level 1:colcon.colcon_core.package_identification:_identify(src) by extensions ['ignore', 'ignore_ament_install']
[0.901s] Level 1:colcon.colcon_core.package_identification:_identify(src) by extension 'ignore'
[0.901s] Level 1:colcon.colcon_core.package_identification:_identify(src) by extension 'ignore_ament_install'
[0.901s] Level 1:colcon.colcon_core.package_identification:_identify(src) by extensions ['colcon_pkg']
[0.902s] Level 1:colcon.colcon_core.package_identification:_identify(src) by extension 'colcon_pkg'
[0.902s] Level 1:colcon.colcon_core.package_identification:_identify(src) by extensions ['colcon_meta']
[0.902s] Level 1:colcon.colcon_core.package_identification:_identify(src) by extension 'colcon_meta'
[0.902s] Level 1:colcon.colcon_core.package_identification:_identify(src) by extensions ['ros']
[0.902s] Level 1:colcon.colcon_core.package_identification:_identify(src) by extension 'ros'
[0.902s] Level 1:colcon.colcon_core.package_identification:_identify(src) by extensions ['cmake', 'python']
[0.902s] Level 1:colcon.colcon_core.package_identification:_identify(src) by extension 'cmake'
[0.902s] Level 1:colcon.colcon_core.package_identification:_identify(src) by extension 'python'
[0.902s] Level 1:colcon.colcon_core.package_identification:_identify(src) by extensions ['python_setup_py']
[0.902s] Level 1:colcon.colcon_core.package_identification:_identify(src) by extension 'python_setup_py'
[0.902s] Level 1:colcon.colcon_core.package_identification:_identify(src/tetra_controller) by extensions ['ignore', 'ignore_ament_install']
[0.902s] Level 1:colcon.colcon_core.package_identification:_identify(src/tetra_controller) by extension 'ignore'
[0.902s] Level 1:colcon.colcon_core.package_identification:_identify(src/tetra_controller) by extension 'ignore_ament_install'
[0.902s] Level 1:colcon.colcon_core.package_identification:_identify(src/tetra_controller) by extensions ['colcon_pkg']
[0.902s] Level 1:colcon.colcon_core.package_identification:_identify(src/tetra_controller) by extension 'colcon_pkg'
[0.902s] Level 1:colcon.colcon_core.package_identification:_identify(src/tetra_controller) by extensions ['colcon_meta']
[0.902s] Level 1:colcon.colcon_core.package_identification:_identify(src/tetra_controller) by extension 'colcon_meta'
[0.902s] Level 1:colcon.colcon_core.package_identification:_identify(src/tetra_controller) by extensions ['ros']
[0.902s] Level 1:colcon.colcon_core.package_identification:_identify(src/tetra_controller) by extension 'ros'
[0.904s] DEBUG:colcon.colcon_core.package_identification:Package 'src/tetra_controller' with type 'ros.ament_cmake' and name 'tetra_controller'
[0.905s] Level 1:colcon.colcon_core.package_identification:_identify(src/tetra_description) by extensions ['ignore', 'ignore_ament_install']
[0.905s] Level 1:colcon.colcon_core.package_identification:_identify(src/tetra_description) by extension 'ignore'
[0.905s] Level 1:colcon.colcon_core.package_identification:_identify(src/tetra_description) by extension 'ignore_ament_install'
[0.905s] Level 1:colcon.colcon_core.package_identification:_identify(src/tetra_description) by extensions ['colcon_pkg']
[0.905s] Level 1:colcon.colcon_core.package_identification:_identify(src/tetra_description) by extension 'colcon_pkg'
[0.905s] Level 1:colcon.colcon_core.package_identification:_identify(src/tetra_description) by extensions ['colcon_meta']
[0.905s] Level 1:colcon.colcon_core.package_identification:_identify(src/tetra_description) by extension 'colcon_meta'
[0.905s] Level 1:colcon.colcon_core.package_identification:_identify(src/tetra_description) by extensions ['ros']
[0.905s] Level 1:colcon.colcon_core.package_identification:_identify(src/tetra_description) by extension 'ros'
[0.905s] DEBUG:colcon.colcon_core.package_identification:Package 'src/tetra_description' with type 'ros.ament_cmake' and name 'tetra_description'
[0.905s] Level 1:colcon.colcon_core.package_discovery:discover_packages(recursive) using defaults
[0.905s] Level 1:colcon.colcon_core.package_discovery:discover_packages(ignore) discover
[0.905s] Level 1:colcon.colcon_core.package_discovery:discover_packages(ignore) using defaults
[0.905s] Level 1:colcon.colcon_core.package_discovery:discover_packages(path) discover
[0.905s] Level 1:colcon.colcon_core.package_discovery:discover_packages(path) using defaults
[0.983s] Level 1:colcon.colcon_core.package_discovery:discover_packages(prefix_path) check parameters
[0.983s] Level 1:colcon.colcon_core.package_discovery:discover_packages(prefix_path) discover
[1.009s] DEBUG:colcon.colcon_installed_package_information.package_discovery:Found 2 installed packages in /home/shrujan/Desktop/SBRT/urdf_ros2_ws/install
[1.023s] DEBUG:colcon.colcon_installed_package_information.package_discovery:Found 403 installed packages in /opt/ros/humble
[1.034s] Level 1:colcon.colcon_core.package_discovery:discover_packages(prefix_path) using defaults
[1.117s] Level 5:colcon.colcon_core.verb:set package 'tetra_controller' build argument 'cmake_args' from command line to 'None'
[1.117s] Level 5:colcon.colcon_core.verb:set package 'tetra_controller' build argument 'cmake_target' from command line to 'None'
[1.117s] Level 5:colcon.colcon_core.verb:set package 'tetra_controller' build argument 'cmake_target_skip_unavailable' from command line to 'False'
[1.117s] Level 5:colcon.colcon_core.verb:set package 'tetra_controller' build argument 'cmake_clean_cache' from command line to 'False'
[1.117s] Level 5:colcon.colcon_core.verb:set package 'tetra_controller' build argument 'cmake_clean_first' from command line to 'False'
[1.117s] Level 5:colcon.colcon_core.verb:set package 'tetra_controller' build argument 'cmake_force_configure' from command line to 'False'
[1.117s] Level 5:colcon.colcon_core.verb:set package 'tetra_controller' build argument 'ament_cmake_args' from command line to 'None'
[1.117s] Level 5:colcon.colcon_core.verb:set package 'tetra_controller' build argument 'catkin_cmake_args' from command line to 'None'
[1.117s] Level 5:colcon.colcon_core.verb:set package 'tetra_controller' build argument 'catkin_skip_building_tests' from command line to 'False'
[1.117s] DEBUG:colcon.colcon_core.verb:Building package 'tetra_controller' with the following arguments: {'ament_cmake_args': None, 'build_base': '/home/shrujan/Desktop/SBRT/urdf_ros2_ws/build/tetra_controller', 'catkin_cmake_args': None, 'catkin_skip_building_tests': False, 'cmake_args': None, 'cmake_clean_cache': False, 'cmake_clean_first': False, 'cmake_force_configure': False, 'cmake_target': None, 'cmake_target_skip_unavailable': False, 'install_base': '/home/shrujan/Desktop/SBRT/urdf_ros2_ws/install/tetra_controller', 'merge_install': False, 'path': '/home/shrujan/Desktop/SBRT/urdf_ros2_ws/src/tetra_controller', 'symlink_install': True, 'test_result_base': None}
[1.130s] Level 5:colcon.colcon_core.verb:set package 'tetra_description' build argument 'cmake_args' from command line to 'None'
[1.130s] Level 5:colcon.colcon_core.verb:set package 'tetra_description' build argument 'cmake_target' from command line to 'None'
[1.130s] Level 5:colcon.colcon_core.verb:set package 'tetra_description' build argument 'cmake_target_skip_unavailable' from command line to 'False'
[1.130s] Level 5:colcon.colcon_core.verb:set package 'tetra_description' build argument 'cmake_clean_cache' from command line to 'False'
[1.130s] Level 5:colcon.colcon_core.verb:set package 'tetra_description' build argument 'cmake_clean_first' from command line to 'False'
[1.130s] Level 5:colcon.colcon_core.verb:set package 'tetra_description' build argument 'cmake_force_configure' from command line to 'False'
[1.130s] Level 5:colcon.colcon_core.verb:set package 'tetra_description' build argument 'ament_cmake_args' from command line to 'None'
[1.130s] Level 5:colcon.colcon_core.verb:set package 'tetra_description' build argument 'catkin_cmake_args' from command line to 'None'
[1.130s] Level 5:colcon.colcon_core.verb:set package 'tetra_description' build argument 'catkin_skip_building_tests' from command line to 'False'
[1.130s] DEBUG:colcon.colcon_core.verb:Building package 'tetra_description' with the following arguments: {'ament_cmake_args': None, 'build_base': '/home/shrujan/Desktop/SBRT/urdf_ros2_ws/build/tetra_description', 'catkin_cmake_args': None, 'catkin_skip_building_tests': False, 'cmake_args': None, 'cmake_clean_cache': False, 'cmake_clean_first': False, 'cmake_force_configure': False, 'cmake_target': None, 'cmake_target_skip_unavailable': False, 'install_base': '/home/shrujan/Desktop/SBRT/urdf_ros2_ws/install/tetra_description', 'merge_install': False, 'path': '/home/shrujan/Desktop/SBRT/urdf_ros2_ws/src/tetra_description', 'symlink_install': True, 'test_result_base': None}
[1.142s] INFO:colcon.colcon_core.executor:Executing jobs using 'parallel' executor
[1.156s] DEBUG:colcon.colcon_parallel_executor.executor.parallel:run_until_complete
[1.156s] INFO:colcon.colcon_ros.task.ament_cmake.build:Building ROS package in '/home/shrujan/Desktop/SBRT/urdf_ros2_ws/src/tetra_controller' with build type 'ament_cmake'
[1.156s] INFO:colcon.colcon_cmake.task.cmake.build:Building CMake package in '/home/shrujan/Desktop/SBRT/urdf_ros2_ws/src/tetra_controller'
[1.170s] INFO:colcon.colcon_core.plugin_system:Skipping extension 'colcon_core.shell.bat': Not used on non-Windows systems
[1.170s] INFO:colcon.colcon_core.shell:Skip shell extension 'powershell' for command environment: Not usable outside of PowerShell
[1.170s] DEBUG:colcon.colcon_core.shell:Skip shell extension 'dsv' for command environment
[1.211s] INFO:colcon.colcon_ros.task.ament_cmake.build:Building ROS package in '/home/shrujan/Desktop/SBRT/urdf_ros2_ws/src/tetra_description' with build type 'ament_cmake'
[1.212s] INFO:colcon.colcon_cmake.task.cmake.build:Building CMake package in '/home/shrujan/Desktop/SBRT/urdf_ros2_ws/src/tetra_description'
[1.225s] INFO:colcon.colcon_core.shell:Skip shell extension 'powershell' for command environment: Not usable outside of PowerShell
[1.225s] DEBUG:colcon.colcon_core.shell:Skip shell extension 'dsv' for command environment
[1.272s] DEBUG:colcon.colcon_core.event_handler.log_command:Invoking command in '/home/shrujan/Desktop/SBRT/urdf_ros2_ws/build/tetra_controller': CMAKE_PREFIX_PATH=${CMAKE_PREFIX_PATH}:/opt/ros/humble /usr/bin/cmake --build /home/shrujan/Desktop/SBRT/urdf_ros2_ws/build/tetra_controller -- -j16 -l16
[1.274s] DEBUG:colcon.colcon_core.event_handler.log_command:Invoking command in '/home/shrujan/Desktop/SBRT/urdf_ros2_ws/build/tetra_description': CMAKE_PREFIX_PATH=${CMAKE_PREFIX_PATH}:/opt/ros/humble /usr/bin/cmake --build /home/shrujan/Desktop/SBRT/urdf_ros2_ws/build/tetra_description -- -j16 -l16
[1.306s] DEBUG:colcon.colcon_core.event_handler.log_command:Invoked command in '/home/shrujan/Desktop/SBRT/urdf_ros2_ws/build/tetra_description' returned '0': CMAKE_PREFIX_PATH=${CMAKE_PREFIX_PATH}:/opt/ros/humble /usr/bin/cmake --build /home/shrujan/Desktop/SBRT/urdf_ros2_ws/build/tetra_description -- -j16 -l16
[1.334s] DEBUG:colcon.colcon_core.event_handler.log_command:Invoking command in '/home/shrujan/Desktop/SBRT/urdf_ros2_ws/build/tetra_description': CMAKE_PREFIX_PATH=${CMAKE_PREFIX_PATH}:/opt/ros/humble /usr/bin/cmake --install /home/shrujan/Desktop/SBRT/urdf_ros2_ws/build/tetra_description
[1.357s] Level 1:colcon.colcon_core.environment:create_environment_scripts_only(tetra_description)
[1.358s] DEBUG:colcon.colcon_core.event_handler.log_command:Invoked command in '/home/shrujan/Desktop/SBRT/urdf_ros2_ws/build/tetra_description' returned '0': CMAKE_PREFIX_PATH=${CMAKE_PREFIX_PATH}:/opt/ros/humble /usr/bin/cmake --install /home/shrujan/Desktop/SBRT/urdf_ros2_ws/build/tetra_description
[1.373s] Level 1:colcon.colcon_core.environment:checking '/home/shrujan/Desktop/SBRT/urdf_ros2_ws/install/tetra_description' for CMake module files
[1.373s] Level 1:colcon.colcon_core.environment:checking '/home/shrujan/Desktop/SBRT/urdf_ros2_ws/install/tetra_description' for CMake config files
[1.374s] Level 1:colcon.colcon_core.shell:create_environment_hook('tetra_description', 'cmake_prefix_path')
[1.388s] INFO:colcon.colcon_core.shell:Creating environment hook '/home/shrujan/Desktop/SBRT/urdf_ros2_ws/install/tetra_description/share/tetra_description/hook/cmake_prefix_path.ps1'
[1.388s] INFO:colcon.colcon_core.shell:Creating environment descriptor '/home/shrujan/Desktop/SBRT/urdf_ros2_ws/install/tetra_description/share/tetra_description/hook/cmake_prefix_path.dsv'
[1.389s] INFO:colcon.colcon_core.shell:Creating environment hook '/home/shrujan/Desktop/SBRT/urdf_ros2_ws/install/tetra_description/share/tetra_description/hook/cmake_prefix_path.sh'
[1.389s] Level 1:colcon.colcon_core.environment:checking '/home/shrujan/Desktop/SBRT/urdf_ros2_ws/install/tetra_description/bin'
[1.389s] Level 1:colcon.colcon_core.environment:checking '/home/shrujan/Desktop/SBRT/urdf_ros2_ws/install/tetra_description/lib/pkgconfig/tetra_description.pc'
[1.390s] Level 1:colcon.colcon_core.environment:checking '/home/shrujan/Desktop/SBRT/urdf_ros2_ws/install/tetra_description/lib/python3.10/site-packages'
[1.390s] Level 1:colcon.colcon_core.environment:checking '/home/shrujan/Desktop/SBRT/urdf_ros2_ws/install/tetra_description/bin'
[1.404s] INFO:colcon.colcon_core.shell:Creating package script '/home/shrujan/Desktop/SBRT/urdf_ros2_ws/install/tetra_description/share/tetra_description/package.ps1'
[1.405s] INFO:colcon.colcon_core.shell:Creating package descriptor '/home/shrujan/Desktop/SBRT/urdf_ros2_ws/install/tetra_description/share/tetra_description/package.dsv'
[1.405s] INFO:colcon.colcon_core.shell:Creating package script '/home/shrujan/Desktop/SBRT/urdf_ros2_ws/install/tetra_description/share/tetra_description/package.sh'
[1.405s] INFO:colcon.colcon_core.shell:Creating package script '/home/shrujan/Desktop/SBRT/urdf_ros2_ws/install/tetra_description/share/tetra_description/package.bash'
[1.406s] INFO:colcon.colcon_core.shell:Creating package script '/home/shrujan/Desktop/SBRT/urdf_ros2_ws/install/tetra_description/share/tetra_description/package.zsh'
[1.406s] Level 1:colcon.colcon_core.environment:create_file_with_runtime_dependencies(/home/shrujan/Desktop/SBRT/urdf_ros2_ws/install/tetra_description/share/colcon-core/packages/tetra_description)
[1.442s] Level 1:colcon.colcon_core.environment:create_environment_scripts_only(tetra_description)
[1.456s] Level 1:colcon.colcon_core.environment:checking '/home/shrujan/Desktop/SBRT/urdf_ros2_ws/install/tetra_description' for CMake module files
[1.456s] Level 1:colcon.colcon_core.environment:checking '/home/shrujan/Desktop/SBRT/urdf_ros2_ws/install/tetra_description' for CMake config files
[1.457s] Level 1:colcon.colcon_core.shell:create_environment_hook('tetra_description', 'cmake_prefix_path')
[1.470s] INFO:colcon.colcon_core.shell:Creating environment hook '/home/shrujan/Desktop/SBRT/urdf_ros2_ws/install/tetra_description/share/tetra_description/hook/cmake_prefix_path.ps1'
[1.470s] INFO:colcon.colcon_core.shell:Creating environment descriptor '/home/shrujan/Desktop/SBRT/urdf_ros2_ws/install/tetra_description/share/tetra_description/hook/cmake_prefix_path.dsv'
[1.471s] INFO:colcon.colcon_core.shell:Creating environment hook '/home/shrujan/Desktop/SBRT/urdf_ros2_ws/install/tetra_description/share/tetra_description/hook/cmake_prefix_path.sh'
[1.471s] Level 1:colcon.colcon_core.environment:checking '/home/shrujan/Desktop/SBRT/urdf_ros2_ws/install/tetra_description/bin'
[1.471s] Level 1:colcon.colcon_core.environment:checking '/home/shrujan/Desktop/SBRT/urdf_ros2_ws/install/tetra_description/lib/pkgconfig/tetra_description.pc'
[1.471s] Level 1:colcon.colcon_core.environment:checking '/home/shrujan/Desktop/SBRT/urdf_ros2_ws/install/tetra_description/lib/python3.10/site-packages'
[1.471s] Level 1:colcon.colcon_core.environment:checking '/home/shrujan/Desktop/SBRT/urdf_ros2_ws/install/tetra_description/bin'
[1.485s] INFO:colcon.colcon_core.shell:Creating package script '/home/shrujan/Desktop/SBRT/urdf_ros2_ws/install/tetra_description/share/tetra_description/package.ps1'
[1.486s] INFO:colcon.colcon_core.shell:Creating package descriptor '/home/shrujan/Desktop/SBRT/urdf_ros2_ws/install/tetra_description/share/tetra_description/package.dsv'
[1.486s] INFO:colcon.colcon_core.shell:Creating package script '/home/shrujan/Desktop/SBRT/urdf_ros2_ws/install/tetra_description/share/tetra_description/package.sh'
[1.487s] INFO:colcon.colcon_core.shell:Creating package script '/home/shrujan/Desktop/SBRT/urdf_ros2_ws/install/tetra_description/share/tetra_description/package.bash'
[1.487s] INFO:colcon.colcon_core.shell:Creating package script '/home/shrujan/Desktop/SBRT/urdf_ros2_ws/install/tetra_description/share/tetra_description/package.zsh'
[1.487s] Level 1:colcon.colcon_core.environment:create_file_with_runtime_dependencies(/home/shrujan/Desktop/SBRT/urdf_ros2_ws/install/tetra_description/share/colcon-core/packages/tetra_description)
[1.563s] DEBUG:colcon.colcon_core.event_handler.log_command:Invoked command in '/home/shrujan/Desktop/SBRT/urdf_ros2_ws/build/tetra_controller' returned '0': CMAKE_PREFIX_PATH=${CMAKE_PREFIX_PATH}:/opt/ros/humble /usr/bin/cmake --build /home/shrujan/Desktop/SBRT/urdf_ros2_ws/build/tetra_controller -- -j16 -l16
[1.588s] DEBUG:colcon.colcon_core.event_handler.log_command:Invoking command in '/home/shrujan/Desktop/SBRT/urdf_ros2_ws/build/tetra_controller': CMAKE_PREFIX_PATH=${CMAKE_PREFIX_PATH}:/opt/ros/humble /usr/bin/cmake --install /home/shrujan/Desktop/SBRT/urdf_ros2_ws/build/tetra_controller
[1.633s] Level 1:colcon.colcon_core.environment:create_environment_scripts_only(tetra_controller)
[1.633s] DEBUG:colcon.colcon_core.event_handler.log_command:Invoked command in '/home/shrujan/Desktop/SBRT/urdf_ros2_ws/build/tetra_controller' returned '0': CMAKE_PREFIX_PATH=${CMAKE_PREFIX_PATH}:/opt/ros/humble /usr/bin/cmake --install /home/shrujan/Desktop/SBRT/urdf_ros2_ws/build/tetra_controller
[1.646s] Level 1:colcon.colcon_core.environment:checking '/home/shrujan/Desktop/SBRT/urdf_ros2_ws/install/tetra_controller' for CMake module files
[1.647s] Level 1:colcon.colcon_core.environment:checking '/home/shrujan/Desktop/SBRT/urdf_ros2_ws/install/tetra_controller' for CMake config files
[1.647s] Level 1:colcon.colcon_core.shell:create_environment_hook('tetra_controller', 'cmake_prefix_path')
[1.659s] INFO:colcon.colcon_core.shell:Creating environment hook '/home/shrujan/Desktop/SBRT/urdf_ros2_ws/install/tetra_controller/share/tetra_controller/hook/cmake_prefix_path.ps1'
[1.660s] INFO:colcon.colcon_core.shell:Creating environment descriptor '/home/shrujan/Desktop/SBRT/urdf_ros2_ws/install/tetra_controller/share/tetra_controller/hook/cmake_prefix_path.dsv'
[1.660s] INFO:colcon.colcon_core.shell:Creating environment hook '/home/shrujan/Desktop/SBRT/urdf_ros2_ws/install/tetra_controller/share/tetra_controller/hook/cmake_prefix_path.sh'
[1.660s] Level 1:colcon.colcon_core.environment:checking '/home/shrujan/Desktop/SBRT/urdf_ros2_ws/install/tetra_controller/lib'
[1.661s] Level 1:colcon.colcon_core.environment:checking '/home/shrujan/Desktop/SBRT/urdf_ros2_ws/install/tetra_controller/bin'
[1.661s] Level 1:colcon.colcon_core.environment:checking '/home/shrujan/Desktop/SBRT/urdf_ros2_ws/install/tetra_controller/lib/pkgconfig/tetra_controller.pc'
[1.661s] Level 1:colcon.colcon_core.environment:checking '/home/shrujan/Desktop/SBRT/urdf_ros2_ws/install/tetra_controller/lib/python3.10/site-packages'
[1.661s] Level 1:colcon.colcon_core.environment:checking '/home/shrujan/Desktop/SBRT/urdf_ros2_ws/install/tetra_controller/bin'
[1.674s] INFO:colcon.colcon_core.shell:Creating package script '/home/shrujan/Desktop/SBRT/urdf_ros2_ws/install/tetra_controller/share/tetra_controller/package.ps1'
[1.674s] INFO:colcon.colcon_core.shell:Creating package descriptor '/home/shrujan/Desktop/SBRT/urdf_ros2_ws/install/tetra_controller/share/tetra_controller/package.dsv'
[1.674s] INFO:colcon.colcon_core.shell:Creating package script '/home/shrujan/Desktop/SBRT/urdf_ros2_ws/install/tetra_controller/share/tetra_controller/package.sh'
[1.675s] INFO:colcon.colcon_core.shell:Creating package script '/home/shrujan/Desktop/SBRT/urdf_ros2_ws/install/tetra_controller/share/tetra_controller/package.bash'
[1.675s] INFO:colcon.colcon_core.shell:Creating package script '/home/shrujan/Desktop/SBRT/urdf_ros2_ws/install/tetra_controller/share/tetra_controller/package.zsh'
[1.675s] Level 1:colcon.colcon_core.environment:create_file_with_runtime_dependencies(/home/shrujan/Desktop/SBRT/urdf_ros2_ws/install/tetra_controller/share/colcon-core/packages/tetra_controller)
[1.711s] Level 1:colcon.colcon_core.environment:create_environment_scripts_only(tetra_controller)
[1.724s] Level 1:colcon.colcon_core.environment:checking '/home/shrujan/Desktop/SBRT/urdf_ros2_ws/install/tetra_controller' for CMake module files
[1.724s] Level 1:colcon.colcon_core.environment:checking '/home/shrujan/Desktop/SBRT/urdf_ros2_ws/install/tetra_controller' for CMake config files
[1.724s] Level 1:colcon.colcon_core.shell:create_environment_hook('tetra_controller', 'cmake_prefix_path')
[1.737s] INFO:colcon.colcon_core.shell:Creating environment hook '/home/shrujan/Desktop/SBRT/urdf_ros2_ws/install/tetra_controller/share/tetra_controller/hook/cmake_prefix_path.ps1'
[1.737s] INFO:colcon.colcon_core.shell:Creating environment descriptor '/home/shrujan/Desktop/SBRT/urdf_ros2_ws/install/tetra_controller/share/tetra_controller/hook/cmake_prefix_path.dsv'
[1.738s] INFO:colcon.colcon_core.shell:Creating environment hook '/home/shrujan/Desktop/SBRT/urdf_ros2_ws/install/tetra_controller/share/tetra_controller/hook/cmake_prefix_path.sh'
[1.738s] Level 1:colcon.colcon_core.environment:checking '/home/shrujan/Desktop/SBRT/urdf_ros2_ws/install/tetra_controller/lib'
[1.738s] Level 1:colcon.colcon_core.environment:checking '/home/shrujan/Desktop/SBRT/urdf_ros2_ws/install/tetra_controller/bin'
[1.738s] Level 1:colcon.colcon_core.environment:checking '/home/shrujan/Desktop/SBRT/urdf_ros2_ws/install/tetra_controller/lib/pkgconfig/tetra_controller.pc'
[1.738s] Level 1:colcon.colcon_core.environment:checking '/home/shrujan/Desktop/SBRT/urdf_ros2_ws/install/tetra_controller/lib/python3.10/site-packages'
[1.738s] Level 1:colcon.colcon_core.environment:checking '/home/shrujan/Desktop/SBRT/urdf_ros2_ws/install/tetra_controller/bin'
[1.751s] INFO:colcon.colcon_core.shell:Creating package script '/home/shrujan/Desktop/SBRT/urdf_ros2_ws/install/tetra_controller/share/tetra_controller/package.ps1'
[1.751s] INFO:colcon.colcon_core.shell:Creating package descriptor '/home/shrujan/Desktop/SBRT/urdf_ros2_ws/install/tetra_controller/share/tetra_controller/package.dsv'
[1.752s] INFO:colcon.colcon_core.shell:Creating package script '/home/shrujan/Desktop/SBRT/urdf_ros2_ws/install/tetra_controller/share/tetra_controller/package.sh'
[1.752s] INFO:colcon.colcon_core.shell:Creating package script '/home/shrujan/Desktop/SBRT/urdf_ros2_ws/install/tetra_controller/share/tetra_controller/package.bash'
[1.752s] INFO:colcon.colcon_core.shell:Creating package script '/home/shrujan/Desktop/SBRT/urdf_ros2_ws/install/tetra_controller/share/tetra_controller/package.zsh'
[1.752s] Level 1:colcon.colcon_core.environment:create_file_with_runtime_dependencies(/home/shrujan/Desktop/SBRT/urdf_ros2_ws/install/tetra_controller/share/colcon-core/packages/tetra_controller)
[1.753s] DEBUG:colcon.colcon_parallel_executor.executor.parallel:closing loop
[1.753s] DEBUG:colcon.colcon_parallel_executor.executor.parallel:loop closed
[1.753s] DEBUG:colcon.colcon_parallel_executor.executor.parallel:run_until_complete finished with '0'
[1.753s] DEBUG:colcon.colcon_core.event_reactor:joining thread
[1.771s] INFO:colcon.colcon_core.plugin_system:Skipping extension 'colcon_notification.desktop_notification.terminal_notifier': Not used on non-Darwin systems
[1.771s] INFO:colcon.colcon_core.plugin_system:Skipping extension 'colcon_notification.desktop_notification.win32': Not used on non-Windows systems
[1.771s] INFO:colcon.colcon_notification.desktop_notification:Sending desktop notification using 'notify2'
[1.780s] DEBUG:colcon.colcon_core.event_reactor:joined thread
[1.794s] INFO:colcon.colcon_core.shell:Creating prefix script '/home/shrujan/Desktop/SBRT/urdf_ros2_ws/install/local_setup.ps1'
[1.794s] INFO:colcon.colcon_core.shell:Creating prefix util module '/home/shrujan/Desktop/SBRT/urdf_ros2_ws/install/_local_setup_util_ps1.py'
[1.795s] INFO:colcon.colcon_core.shell:Creating prefix chain script '/home/shrujan/Desktop/SBRT/urdf_ros2_ws/install/setup.ps1'
[1.809s] INFO:colcon.colcon_core.shell:Creating prefix script '/home/shrujan/Desktop/SBRT/urdf_ros2_ws/install/local_setup.sh'
[1.809s] INFO:colcon.colcon_core.shell:Creating prefix util module '/home/shrujan/Desktop/SBRT/urdf_ros2_ws/install/_local_setup_util_sh.py'
[1.810s] INFO:colcon.colcon_core.shell:Creating prefix chain script '/home/shrujan/Desktop/SBRT/urdf_ros2_ws/install/setup.sh'
[1.824s] INFO:colcon.colcon_core.shell:Creating prefix script '/home/shrujan/Desktop/SBRT/urdf_ros2_ws/install/local_setup.bash'
[1.824s] INFO:colcon.colcon_core.shell:Creating prefix chain script '/home/shrujan/Desktop/SBRT/urdf_ros2_ws/install/setup.bash'
[1.838s] INFO:colcon.colcon_core.shell:Creating prefix script '/home/shrujan/Desktop/SBRT/urdf_ros2_ws/install/local_setup.zsh'
[1.838s] INFO:colcon.colcon_core.shell:Creating prefix chain script '/home/shrujan/Desktop/SBRT/urdf_ros2_ws/install/setup.zsh'
