[0.116s] Invoking command in '/home/shrujan/Desktop/SBRT/urdf_ros2_ws/build/tetra_controller': CMAKE_PREFIX_PATH=/opt/ros/humble /usr/bin/cmake --build /home/shrujan/Desktop/SBRT/urdf_ros2_ws/build/tetra_controller -- -j16 -l16
[0.150s] -- Found ament_cmake: 1.3.5 (/opt/ros/humble/share/ament_cmake/cmake)
[0.324s] -- Found ament_lint_auto: 0.12.8 (/opt/ros/humble/share/ament_lint_auto/cmake)
[0.389s] -- Added test 'flake8' to check Python code syntax and style conventions
[0.389s] -- Added test 'lint_cmake' to check CMake code style
[0.390s] -- Added test 'pep257' to check Python code against some of the docstring style conventions in PEP 257
[0.391s] -- Added test 'xmllint' to check XML markup files
[0.391s] -- Configuring done
[0.394s] -- Generating done
[0.395s] -- Build files have been written to: /home/shrujan/Desktop/SBRT/urdf_ros2_ws/build/tetra_controller
[0.421s] Invoked command in '/home/shrujan/Desktop/SBRT/urdf_ros2_ws/build/tetra_controller' returned '0': CMAKE_PREFIX_PATH=/opt/ros/humble /usr/bin/cmake --build /home/shrujan/Desktop/SBRT/urdf_ros2_ws/build/tetra_controller -- -j16 -l16
[0.446s] Invoking command in '/home/shrujan/Desktop/SBRT/urdf_ros2_ws/build/tetra_controller': CMAKE_PREFIX_PATH=/opt/ros/humble /usr/bin/cmake --install /home/shrujan/Desktop/SBRT/urdf_ros2_ws/build/tetra_controller
[0.455s] -- Install configuration: ""
[0.455s] -- Up-to-date: /home/shrujan/Desktop/SBRT/urdf_ros2_ws/install/tetra_controller/share/tetra_controller/config
[0.455s] -- Up-to-date: /home/shrujan/Desktop/SBRT/urdf_ros2_ws/install/tetra_controller/share/tetra_controller/config/tetra_controllers.yaml
[0.455s] -- Installing: /home/shrujan/Desktop/SBRT/urdf_ros2_ws/install/tetra_controller/share/tetra_controller/launch
[0.455s] -- Installing: /home/shrujan/Desktop/SBRT/urdf_ros2_ws/install/tetra_controller/share/tetra_controller/launch/controller.launch.py
[0.455s] -- Installing: /home/shrujan/Desktop/SBRT/urdf_ros2_ws/install/tetra_controller/share/ament_index/resource_index/package_run_dependencies/tetra_controller
[0.455s] -- Installing: /home/shrujan/Desktop/SBRT/urdf_ros2_ws/install/tetra_controller/share/ament_index/resource_index/parent_prefix_path/tetra_controller
[0.456s] -- Up-to-date: /home/shrujan/Desktop/SBRT/urdf_ros2_ws/install/tetra_controller/share/tetra_controller/environment/ament_prefix_path.sh
[0.456s] -- Installing: /home/shrujan/Desktop/SBRT/urdf_ros2_ws/install/tetra_controller/share/tetra_controller/environment/ament_prefix_path.dsv
[0.456s] -- Up-to-date: /home/shrujan/Desktop/SBRT/urdf_ros2_ws/install/tetra_controller/share/tetra_controller/environment/path.sh
[0.456s] -- Installing: /home/shrujan/Desktop/SBRT/urdf_ros2_ws/install/tetra_controller/share/tetra_controller/environment/path.dsv
[0.456s] -- Up-to-date: /home/shrujan/Desktop/SBRT/urdf_ros2_ws/install/tetra_controller/share/tetra_controller/local_setup.bash
[0.456s] -- Up-to-date: /home/shrujan/Desktop/SBRT/urdf_ros2_ws/install/tetra_controller/share/tetra_controller/local_setup.sh
[0.456s] -- Up-to-date: /home/shrujan/Desktop/SBRT/urdf_ros2_ws/install/tetra_controller/share/tetra_controller/local_setup.zsh
[0.456s] -- Installing: /home/shrujan/Desktop/SBRT/urdf_ros2_ws/install/tetra_controller/share/tetra_controller/local_setup.dsv
[0.456s] -- Installing: /home/shrujan/Desktop/SBRT/urdf_ros2_ws/install/tetra_controller/share/tetra_controller/package.dsv
[0.456s] -- Up-to-date: /home/shrujan/Desktop/SBRT/urdf_ros2_ws/install/tetra_controller/share/ament_index/resource_index/packages/tetra_controller
[0.457s] -- Up-to-date: /home/shrujan/Desktop/SBRT/urdf_ros2_ws/install/tetra_controller/share/tetra_controller/cmake/tetra_controllerConfig.cmake
[0.457s] -- Up-to-date: /home/shrujan/Desktop/SBRT/urdf_ros2_ws/install/tetra_controller/share/tetra_controller/cmake/tetra_controllerConfig-version.cmake
[0.457s] -- Installing: /home/shrujan/Desktop/SBRT/urdf_ros2_ws/install/tetra_controller/share/tetra_controller/package.xml
[0.459s] Invoked command in '/home/shrujan/Desktop/SBRT/urdf_ros2_ws/build/tetra_controller' returned '0': CMAKE_PREFIX_PATH=/opt/ros/humble /usr/bin/cmake --install /home/shrujan/Desktop/SBRT/urdf_ros2_ws/build/tetra_controller
