[0.133s] Invoking command in '/home/shrujan/Desktop/SBRT/urdf_ros2_ws/build/tetra_controller': CMAKE_PREFIX_PATH=${CMAKE_PREFIX_PATH}:/opt/ros/humble /usr/bin/cmake --build /home/shrujan/Desktop/SBRT/urdf_ros2_ws/build/tetra_controller -- -j16 -l16
[0.171s] Invoked command in '/home/shrujan/Desktop/SBRT/urdf_ros2_ws/build/tetra_controller' returned '0': CMAKE_PREFIX_PATH=${CMAKE_PREFIX_PATH}:/opt/ros/humble /usr/bin/cmake --build /home/shrujan/Desktop/SBRT/urdf_ros2_ws/build/tetra_controller -- -j16 -l16
[0.204s] Invoking command in '/home/shrujan/Desktop/SBRT/urdf_ros2_ws/build/tetra_controller': CMAKE_PREFIX_PATH=${CMAKE_PREFIX_PATH}:/opt/ros/humble /usr/bin/cmake --install /home/shrujan/Desktop/SBRT/urdf_ros2_ws/build/tetra_controller
[0.212s] -- Install configuration: ""
[0.212s] -- Execute custom install script
[0.213s] -- Up-to-date symlink: /home/shrujan/Desktop/SBRT/urdf_ros2_ws/install/tetra_controller/share/tetra_controller/config/tetra_controllers.yaml
[0.213s] -- Up-to-date symlink: /home/shrujan/Desktop/SBRT/urdf_ros2_ws/install/tetra_controller/share/tetra_controller/launch/controller.launch.py
[0.213s] -- Up-to-date symlink: /home/shrujan/Desktop/SBRT/urdf_ros2_ws/install/tetra_controller/share/ament_index/resource_index/package_run_dependencies/tetra_controller
[0.213s] -- Up-to-date symlink: /home/shrujan/Desktop/SBRT/urdf_ros2_ws/install/tetra_controller/share/ament_index/resource_index/parent_prefix_path/tetra_controller
[0.213s] -- Up-to-date symlink: /home/shrujan/Desktop/SBRT/urdf_ros2_ws/install/tetra_controller/share/tetra_controller/environment/ament_prefix_path.sh
[0.213s] -- Up-to-date symlink: /home/shrujan/Desktop/SBRT/urdf_ros2_ws/install/tetra_controller/share/tetra_controller/environment/ament_prefix_path.dsv
[0.214s] -- Up-to-date symlink: /home/shrujan/Desktop/SBRT/urdf_ros2_ws/install/tetra_controller/share/tetra_controller/environment/path.sh
[0.214s] -- Up-to-date symlink: /home/shrujan/Desktop/SBRT/urdf_ros2_ws/install/tetra_controller/share/tetra_controller/environment/path.dsv
[0.214s] -- Up-to-date symlink: /home/shrujan/Desktop/SBRT/urdf_ros2_ws/install/tetra_controller/share/tetra_controller/local_setup.bash
[0.214s] -- Up-to-date symlink: /home/shrujan/Desktop/SBRT/urdf_ros2_ws/install/tetra_controller/share/tetra_controller/local_setup.sh
[0.214s] -- Up-to-date symlink: /home/shrujan/Desktop/SBRT/urdf_ros2_ws/install/tetra_controller/share/tetra_controller/local_setup.zsh
[0.214s] -- Up-to-date symlink: /home/shrujan/Desktop/SBRT/urdf_ros2_ws/install/tetra_controller/share/tetra_controller/local_setup.dsv
[0.215s] -- Symlinking: /home/shrujan/Desktop/SBRT/urdf_ros2_ws/install/tetra_controller/share/tetra_controller/package.dsv
[0.224s] -- Up-to-date symlink: /home/shrujan/Desktop/SBRT/urdf_ros2_ws/install/tetra_controller/share/ament_index/resource_index/packages/tetra_controller
[0.225s] -- Up-to-date symlink: /home/shrujan/Desktop/SBRT/urdf_ros2_ws/install/tetra_controller/share/tetra_controller/cmake/tetra_controllerConfig.cmake
[0.225s] -- Up-to-date symlink: /home/shrujan/Desktop/SBRT/urdf_ros2_ws/install/tetra_controller/share/tetra_controller/cmake/tetra_controllerConfig-version.cmake
[0.225s] -- Up-to-date symlink: /home/shrujan/Desktop/SBRT/urdf_ros2_ws/install/tetra_controller/share/tetra_controller/package.xml
[0.228s] Invoked command in '/home/shrujan/Desktop/SBRT/urdf_ros2_ws/build/tetra_controller' returned '0': CMAKE_PREFIX_PATH=${CMAKE_PREFIX_PATH}:/opt/ros/humble /usr/bin/cmake --install /home/shrujan/Desktop/SBRT/urdf_ros2_ws/build/tetra_controller
