[0.935s] DEBUG:colcon:Command line arguments: ['/usr/bin/colcon', 'build']
[0.935s] DEBUG:colcon:Parsed command line arguments: Namespace(log_base=None, log_level=None, verb_name='build', build_base='build', install_base='install', merge_install=False, symlink_install=False, test_result_base=None, continue_on_error=False, executor='parallel', parallel_workers=16, event_handlers=None, ignore_user_meta=False, metas=['./colcon.meta'], base_paths=['.'], packages_ignore=None, packages_ignore_regex=None, paths=None, packages_up_to=None, packages_up_to_regex=None, packages_above=None, packages_above_and_dependencies=None, packages_above_depth=None, packages_select_by_dep=None, packages_skip_by_dep=None, packages_skip_up_to=None, packages_select_build_failed=False, packages_skip_build_finished=False, packages_select_test_failures=False, packages_skip_test_passed=False, packages_select=None, packages_skip=None, packages_select_regex=None, packages_skip_regex=None, packages_start=None, packages_end=None, allow_overriding=[], cmake_args=None, cmake_target=None, cmake_target_skip_unavailable=False, cmake_clean_cache=False, cmake_clean_first=False, cmake_force_configure=False, ament_cmake_args=None, catkin_cmake_args=None, catkin_skip_building_tests=False, verb_parser=<colcon_defaults.argument_parser.defaults.DefaultArgumentsDecorator object at 0x7fdae297dc60>, verb_extension=<colcon_core.verb.build.BuildVerb object at 0x7fdae2cf2b00>, main=<bound method BuildVerb.main of <colcon_core.verb.build.BuildVerb object at 0x7fdae2cf2b00>>)
[0.987s] Level 1:colcon.colcon_core.package_discovery:discover_packages(colcon_meta) check parameters
[0.987s] Level 1:colcon.colcon_core.package_discovery:discover_packages(recursive) check parameters
[0.987s] Level 1:colcon.colcon_core.package_discovery:discover_packages(ignore) check parameters
[0.987s] Level 1:colcon.colcon_core.package_discovery:discover_packages(path) check parameters
[0.987s] Level 1:colcon.colcon_core.package_discovery:discover_packages(colcon_meta) discover
[0.987s] Level 1:colcon.colcon_core.package_discovery:discover_packages(recursive) discover
[0.987s] INFO:colcon.colcon_core.package_discovery:Crawling recursively for packages in '/home/shrujan/Desktop/SBRT/urdf_ros2_ws'
[0.988s] Level 1:colcon.colcon_core.package_identification:_identify(.) by extensions ['ignore', 'ignore_ament_install']
[0.988s] Level 1:colcon.colcon_core.package_identification:_identify(.) by extension 'ignore'
[0.988s] Level 1:colcon.colcon_core.package_identification:_identify(.) by extension 'ignore_ament_install'
[0.988s] Level 1:colcon.colcon_core.package_identification:_identify(.) by extensions ['colcon_pkg']
[0.988s] Level 1:colcon.colcon_core.package_identification:_identify(.) by extension 'colcon_pkg'
[0.988s] Level 1:colcon.colcon_core.package_identification:_identify(.) by extensions ['colcon_meta']
[0.988s] Level 1:colcon.colcon_core.package_identification:_identify(.) by extension 'colcon_meta'
[0.988s] Level 1:colcon.colcon_core.package_identification:_identify(.) by extensions ['ros']
[0.988s] Level 1:colcon.colcon_core.package_identification:_identify(.) by extension 'ros'
[0.996s] Level 1:colcon.colcon_core.package_identification:_identify(.) by extensions ['cmake', 'python']
[0.996s] Level 1:colcon.colcon_core.package_identification:_identify(.) by extension 'cmake'
[0.996s] Level 1:colcon.colcon_core.package_identification:_identify(.) by extension 'python'
[0.996s] Level 1:colcon.colcon_core.package_identification:_identify(.) by extensions ['python_setup_py']
[0.996s] Level 1:colcon.colcon_core.package_identification:_identify(.) by extension 'python_setup_py'
[0.996s] Level 1:colcon.colcon_core.package_identification:_identify(build) by extensions ['ignore', 'ignore_ament_install']
[0.996s] Level 1:colcon.colcon_core.package_identification:_identify(build) by extension 'ignore'
[0.996s] Level 1:colcon.colcon_core.package_identification:_identify(build) ignored
[0.997s] Level 1:colcon.colcon_core.package_identification:_identify(install) by extensions ['ignore', 'ignore_ament_install']
[0.997s] Level 1:colcon.colcon_core.package_identification:_identify(install) by extension 'ignore'
[0.997s] Level 1:colcon.colcon_core.package_identification:_identify(install) ignored
[0.997s] Level 1:colcon.colcon_core.package_identification:_identify(log) by extensions ['ignore', 'ignore_ament_install']
[0.997s] Level 1:colcon.colcon_core.package_identification:_identify(log) by extension 'ignore'
[0.997s] Level 1:colcon.colcon_core.package_identification:_identify(log) ignored
[0.997s] Level 1:colcon.colcon_core.package_identification:_identify(src) by extensions ['ignore', 'ignore_ament_install']
[0.997s] Level 1:colcon.colcon_core.package_identification:_identify(src) by extension 'ignore'
[0.997s] Level 1:colcon.colcon_core.package_identification:_identify(src) by extension 'ignore_ament_install'
[0.997s] Level 1:colcon.colcon_core.package_identification:_identify(src) by extensions ['colcon_pkg']
[0.997s] Level 1:colcon.colcon_core.package_identification:_identify(src) by extension 'colcon_pkg'
[0.997s] Level 1:colcon.colcon_core.package_identification:_identify(src) by extensions ['colcon_meta']
[0.997s] Level 1:colcon.colcon_core.package_identification:_identify(src) by extension 'colcon_meta'
[0.997s] Level 1:colcon.colcon_core.package_identification:_identify(src) by extensions ['ros']
[0.997s] Level 1:colcon.colcon_core.package_identification:_identify(src) by extension 'ros'
[0.997s] Level 1:colcon.colcon_core.package_identification:_identify(src) by extensions ['cmake', 'python']
[0.997s] Level 1:colcon.colcon_core.package_identification:_identify(src) by extension 'cmake'
[0.997s] Level 1:colcon.colcon_core.package_identification:_identify(src) by extension 'python'
[0.997s] Level 1:colcon.colcon_core.package_identification:_identify(src) by extensions ['python_setup_py']
[0.997s] Level 1:colcon.colcon_core.package_identification:_identify(src) by extension 'python_setup_py'
[0.998s] Level 1:colcon.colcon_core.package_identification:_identify(src/tetra_controller) by extensions ['ignore', 'ignore_ament_install']
[0.998s] Level 1:colcon.colcon_core.package_identification:_identify(src/tetra_controller) by extension 'ignore'
[0.998s] Level 1:colcon.colcon_core.package_identification:_identify(src/tetra_controller) by extension 'ignore_ament_install'
[0.998s] Level 1:colcon.colcon_core.package_identification:_identify(src/tetra_controller) by extensions ['colcon_pkg']
[0.998s] Level 1:colcon.colcon_core.package_identification:_identify(src/tetra_controller) by extension 'colcon_pkg'
[0.998s] Level 1:colcon.colcon_core.package_identification:_identify(src/tetra_controller) by extensions ['colcon_meta']
[0.998s] Level 1:colcon.colcon_core.package_identification:_identify(src/tetra_controller) by extension 'colcon_meta'
[0.998s] Level 1:colcon.colcon_core.package_identification:_identify(src/tetra_controller) by extensions ['ros']
[0.998s] Level 1:colcon.colcon_core.package_identification:_identify(src/tetra_controller) by extension 'ros'
[1.000s] DEBUG:colcon.colcon_core.package_identification:Package 'src/tetra_controller' with type 'ros.ament_cmake' and name 'tetra_controller'
[1.000s] Level 1:colcon.colcon_core.package_identification:_identify(src/tetra_description) by extensions ['ignore', 'ignore_ament_install']
[1.000s] Level 1:colcon.colcon_core.package_identification:_identify(src/tetra_description) by extension 'ignore'
[1.000s] Level 1:colcon.colcon_core.package_identification:_identify(src/tetra_description) by extension 'ignore_ament_install'
[1.000s] Level 1:colcon.colcon_core.package_identification:_identify(src/tetra_description) by extensions ['colcon_pkg']
[1.000s] Level 1:colcon.colcon_core.package_identification:_identify(src/tetra_description) by extension 'colcon_pkg'
[1.000s] Level 1:colcon.colcon_core.package_identification:_identify(src/tetra_description) by extensions ['colcon_meta']
[1.000s] Level 1:colcon.colcon_core.package_identification:_identify(src/tetra_description) by extension 'colcon_meta'
[1.000s] Level 1:colcon.colcon_core.package_identification:_identify(src/tetra_description) by extensions ['ros']
[1.000s] Level 1:colcon.colcon_core.package_identification:_identify(src/tetra_description) by extension 'ros'
[1.001s] DEBUG:colcon.colcon_core.package_identification:Package 'src/tetra_description' with type 'ros.ament_cmake' and name 'tetra_description'
[1.001s] Level 1:colcon.colcon_core.package_discovery:discover_packages(recursive) using defaults
[1.001s] Level 1:colcon.colcon_core.package_discovery:discover_packages(ignore) discover
[1.001s] Level 1:colcon.colcon_core.package_discovery:discover_packages(ignore) using defaults
[1.001s] Level 1:colcon.colcon_core.package_discovery:discover_packages(path) discover
[1.001s] Level 1:colcon.colcon_core.package_discovery:discover_packages(path) using defaults
[1.086s] Level 1:colcon.colcon_core.package_discovery:discover_packages(prefix_path) check parameters
[1.086s] Level 1:colcon.colcon_core.package_discovery:discover_packages(prefix_path) discover
[1.115s] DEBUG:colcon.colcon_installed_package_information.package_discovery:Found 2 installed packages in /home/shrujan/Desktop/SBRT/urdf_ros2_ws/install
[1.130s] DEBUG:colcon.colcon_installed_package_information.package_discovery:Found 403 installed packages in /opt/ros/humble
[1.142s] Level 1:colcon.colcon_core.package_discovery:discover_packages(prefix_path) using defaults
[1.258s] Level 5:colcon.colcon_core.verb:set package 'tetra_controller' build argument 'cmake_args' from command line to 'None'
[1.258s] Level 5:colcon.colcon_core.verb:set package 'tetra_controller' build argument 'cmake_target' from command line to 'None'
[1.258s] Level 5:colcon.colcon_core.verb:set package 'tetra_controller' build argument 'cmake_target_skip_unavailable' from command line to 'False'
[1.258s] Level 5:colcon.colcon_core.verb:set package 'tetra_controller' build argument 'cmake_clean_cache' from command line to 'False'
[1.258s] Level 5:colcon.colcon_core.verb:set package 'tetra_controller' build argument 'cmake_clean_first' from command line to 'False'
[1.258s] Level 5:colcon.colcon_core.verb:set package 'tetra_controller' build argument 'cmake_force_configure' from command line to 'False'
[1.258s] Level 5:colcon.colcon_core.verb:set package 'tetra_controller' build argument 'ament_cmake_args' from command line to 'None'
[1.258s] Level 5:colcon.colcon_core.verb:set package 'tetra_controller' build argument 'catkin_cmake_args' from command line to 'None'
[1.258s] Level 5:colcon.colcon_core.verb:set package 'tetra_controller' build argument 'catkin_skip_building_tests' from command line to 'False'
[1.258s] DEBUG:colcon.colcon_core.verb:Building package 'tetra_controller' with the following arguments: {'ament_cmake_args': None, 'build_base': '/home/shrujan/Desktop/SBRT/urdf_ros2_ws/build/tetra_controller', 'catkin_cmake_args': None, 'catkin_skip_building_tests': False, 'cmake_args': None, 'cmake_clean_cache': False, 'cmake_clean_first': False, 'cmake_force_configure': False, 'cmake_target': None, 'cmake_target_skip_unavailable': False, 'install_base': '/home/shrujan/Desktop/SBRT/urdf_ros2_ws/install/tetra_controller', 'merge_install': False, 'path': '/home/shrujan/Desktop/SBRT/urdf_ros2_ws/src/tetra_controller', 'symlink_install': False, 'test_result_base': None}
[1.271s] Level 5:colcon.colcon_core.verb:set package 'tetra_description' build argument 'cmake_args' from command line to 'None'
[1.271s] Level 5:colcon.colcon_core.verb:set package 'tetra_description' build argument 'cmake_target' from command line to 'None'
[1.271s] Level 5:colcon.colcon_core.verb:set package 'tetra_description' build argument 'cmake_target_skip_unavailable' from command line to 'False'
[1.271s] Level 5:colcon.colcon_core.verb:set package 'tetra_description' build argument 'cmake_clean_cache' from command line to 'False'
[1.271s] Level 5:colcon.colcon_core.verb:set package 'tetra_description' build argument 'cmake_clean_first' from command line to 'False'
[1.271s] Level 5:colcon.colcon_core.verb:set package 'tetra_description' build argument 'cmake_force_configure' from command line to 'False'
[1.271s] Level 5:colcon.colcon_core.verb:set package 'tetra_description' build argument 'ament_cmake_args' from command line to 'None'
[1.271s] Level 5:colcon.colcon_core.verb:set package 'tetra_description' build argument 'catkin_cmake_args' from command line to 'None'
[1.272s] Level 5:colcon.colcon_core.verb:set package 'tetra_description' build argument 'catkin_skip_building_tests' from command line to 'False'
[1.272s] DEBUG:colcon.colcon_core.verb:Building package 'tetra_description' with the following arguments: {'ament_cmake_args': None, 'build_base': '/home/shrujan/Desktop/SBRT/urdf_ros2_ws/build/tetra_description', 'catkin_cmake_args': None, 'catkin_skip_building_tests': False, 'cmake_args': None, 'cmake_clean_cache': False, 'cmake_clean_first': False, 'cmake_force_configure': False, 'cmake_target': None, 'cmake_target_skip_unavailable': False, 'install_base': '/home/shrujan/Desktop/SBRT/urdf_ros2_ws/install/tetra_description', 'merge_install': False, 'path': '/home/shrujan/Desktop/SBRT/urdf_ros2_ws/src/tetra_description', 'symlink_install': False, 'test_result_base': None}
[1.286s] INFO:colcon.colcon_core.executor:Executing jobs using 'parallel' executor
[1.300s] DEBUG:colcon.colcon_parallel_executor.executor.parallel:run_until_complete
[1.300s] INFO:colcon.colcon_ros.task.ament_cmake.build:Building ROS package in '/home/shrujan/Desktop/SBRT/urdf_ros2_ws/src/tetra_controller' with build type 'ament_cmake'
[1.301s] INFO:colcon.colcon_cmake.task.cmake.build:Building CMake package in '/home/shrujan/Desktop/SBRT/urdf_ros2_ws/src/tetra_controller'
[1.315s] INFO:colcon.colcon_core.plugin_system:Skipping extension 'colcon_core.shell.bat': Not used on non-Windows systems
[1.315s] INFO:colcon.colcon_core.shell:Skip shell extension 'powershell' for command environment: Not usable outside of PowerShell
[1.315s] DEBUG:colcon.colcon_core.shell:Skip shell extension 'dsv' for command environment
[1.359s] INFO:colcon.colcon_ros.task.ament_cmake.build:Building ROS package in '/home/shrujan/Desktop/SBRT/urdf_ros2_ws/src/tetra_description' with build type 'ament_cmake'
[1.360s] INFO:colcon.colcon_cmake.task.cmake.build:Building CMake package in '/home/shrujan/Desktop/SBRT/urdf_ros2_ws/src/tetra_description'
[1.379s] INFO:colcon.colcon_core.shell:Skip shell extension 'powershell' for command environment: Not usable outside of PowerShell
[1.379s] DEBUG:colcon.colcon_core.shell:Skip shell extension 'dsv' for command environment
[1.432s] DEBUG:colcon.colcon_core.event_handler.log_command:Invoking command in '/home/shrujan/Desktop/SBRT/urdf_ros2_ws/build/tetra_controller': CMAKE_PREFIX_PATH=${CMAKE_PREFIX_PATH}:/opt/ros/humble /usr/bin/cmake --build /home/shrujan/Desktop/SBRT/urdf_ros2_ws/build/tetra_controller -- -j16 -l16
[1.435s] DEBUG:colcon.colcon_core.event_handler.log_command:Invoking command in '/home/shrujan/Desktop/SBRT/urdf_ros2_ws/build/tetra_description': CMAKE_PREFIX_PATH=${CMAKE_PREFIX_PATH}:/opt/ros/humble /usr/bin/cmake --build /home/shrujan/Desktop/SBRT/urdf_ros2_ws/build/tetra_description -- -j16 -l16
[1.471s] DEBUG:colcon.colcon_core.event_handler.log_command:Invoked command in '/home/shrujan/Desktop/SBRT/urdf_ros2_ws/build/tetra_description' returned '0': CMAKE_PREFIX_PATH=${CMAKE_PREFIX_PATH}:/opt/ros/humble /usr/bin/cmake --build /home/shrujan/Desktop/SBRT/urdf_ros2_ws/build/tetra_description -- -j16 -l16
[1.502s] DEBUG:colcon.colcon_core.event_handler.log_command:Invoking command in '/home/shrujan/Desktop/SBRT/urdf_ros2_ws/build/tetra_description': CMAKE_PREFIX_PATH=${CMAKE_PREFIX_PATH}:/opt/ros/humble /usr/bin/cmake --install /home/shrujan/Desktop/SBRT/urdf_ros2_ws/build/tetra_description
[1.529s] Level 1:colcon.colcon_core.environment:create_environment_scripts_only(tetra_description)
[1.529s] DEBUG:colcon.colcon_core.event_handler.log_command:Invoked command in '/home/shrujan/Desktop/SBRT/urdf_ros2_ws/build/tetra_description' returned '0': CMAKE_PREFIX_PATH=${CMAKE_PREFIX_PATH}:/opt/ros/humble /usr/bin/cmake --install /home/shrujan/Desktop/SBRT/urdf_ros2_ws/build/tetra_description
[1.545s] Level 1:colcon.colcon_core.environment:checking '/home/shrujan/Desktop/SBRT/urdf_ros2_ws/install/tetra_description' for CMake module files
[1.545s] Level 1:colcon.colcon_core.environment:checking '/home/shrujan/Desktop/SBRT/urdf_ros2_ws/install/tetra_description' for CMake config files
[1.546s] Level 1:colcon.colcon_core.shell:create_environment_hook('tetra_description', 'cmake_prefix_path')
[1.559s] INFO:colcon.colcon_core.shell:Creating environment hook '/home/shrujan/Desktop/SBRT/urdf_ros2_ws/install/tetra_description/share/tetra_description/hook/cmake_prefix_path.ps1'
[1.559s] INFO:colcon.colcon_core.shell:Creating environment descriptor '/home/shrujan/Desktop/SBRT/urdf_ros2_ws/install/tetra_description/share/tetra_description/hook/cmake_prefix_path.dsv'
[1.560s] INFO:colcon.colcon_core.shell:Creating environment hook '/home/shrujan/Desktop/SBRT/urdf_ros2_ws/install/tetra_description/share/tetra_description/hook/cmake_prefix_path.sh'
[1.560s] Level 1:colcon.colcon_core.environment:checking '/home/shrujan/Desktop/SBRT/urdf_ros2_ws/install/tetra_description/bin'
[1.560s] Level 1:colcon.colcon_core.environment:checking '/home/shrujan/Desktop/SBRT/urdf_ros2_ws/install/tetra_description/lib/pkgconfig/tetra_description.pc'
[1.560s] Level 1:colcon.colcon_core.environment:checking '/home/shrujan/Desktop/SBRT/urdf_ros2_ws/install/tetra_description/lib/python3.10/site-packages'
[1.561s] Level 1:colcon.colcon_core.environment:checking '/home/shrujan/Desktop/SBRT/urdf_ros2_ws/install/tetra_description/bin'
[1.575s] INFO:colcon.colcon_core.shell:Creating package script '/home/shrujan/Desktop/SBRT/urdf_ros2_ws/install/tetra_description/share/tetra_description/package.ps1'
[1.576s] INFO:colcon.colcon_core.shell:Creating package descriptor '/home/shrujan/Desktop/SBRT/urdf_ros2_ws/install/tetra_description/share/tetra_description/package.dsv'
[1.576s] INFO:colcon.colcon_core.shell:Creating package script '/home/shrujan/Desktop/SBRT/urdf_ros2_ws/install/tetra_description/share/tetra_description/package.sh'
[1.577s] INFO:colcon.colcon_core.shell:Creating package script '/home/shrujan/Desktop/SBRT/urdf_ros2_ws/install/tetra_description/share/tetra_description/package.bash'
[1.577s] INFO:colcon.colcon_core.shell:Creating package script '/home/shrujan/Desktop/SBRT/urdf_ros2_ws/install/tetra_description/share/tetra_description/package.zsh'
[1.578s] Level 1:colcon.colcon_core.environment:create_file_with_runtime_dependencies(/home/shrujan/Desktop/SBRT/urdf_ros2_ws/install/tetra_description/share/colcon-core/packages/tetra_description)
[1.615s] Level 1:colcon.colcon_core.environment:create_environment_scripts_only(tetra_description)
[1.630s] Level 1:colcon.colcon_core.environment:checking '/home/shrujan/Desktop/SBRT/urdf_ros2_ws/install/tetra_description' for CMake module files
[1.631s] Level 1:colcon.colcon_core.environment:checking '/home/shrujan/Desktop/SBRT/urdf_ros2_ws/install/tetra_description' for CMake config files
[1.631s] Level 1:colcon.colcon_core.shell:create_environment_hook('tetra_description', 'cmake_prefix_path')
[1.644s] INFO:colcon.colcon_core.shell:Creating environment hook '/home/shrujan/Desktop/SBRT/urdf_ros2_ws/install/tetra_description/share/tetra_description/hook/cmake_prefix_path.ps1'
[1.644s] INFO:colcon.colcon_core.shell:Creating environment descriptor '/home/shrujan/Desktop/SBRT/urdf_ros2_ws/install/tetra_description/share/tetra_description/hook/cmake_prefix_path.dsv'
[1.645s] INFO:colcon.colcon_core.shell:Creating environment hook '/home/shrujan/Desktop/SBRT/urdf_ros2_ws/install/tetra_description/share/tetra_description/hook/cmake_prefix_path.sh'
[1.645s] Level 1:colcon.colcon_core.environment:checking '/home/shrujan/Desktop/SBRT/urdf_ros2_ws/install/tetra_description/bin'
[1.645s] Level 1:colcon.colcon_core.environment:checking '/home/shrujan/Desktop/SBRT/urdf_ros2_ws/install/tetra_description/lib/pkgconfig/tetra_description.pc'
[1.645s] Level 1:colcon.colcon_core.environment:checking '/home/shrujan/Desktop/SBRT/urdf_ros2_ws/install/tetra_description/lib/python3.10/site-packages'
[1.645s] Level 1:colcon.colcon_core.environment:checking '/home/shrujan/Desktop/SBRT/urdf_ros2_ws/install/tetra_description/bin'
[1.660s] INFO:colcon.colcon_core.shell:Creating package script '/home/shrujan/Desktop/SBRT/urdf_ros2_ws/install/tetra_description/share/tetra_description/package.ps1'
[1.660s] INFO:colcon.colcon_core.shell:Creating package descriptor '/home/shrujan/Desktop/SBRT/urdf_ros2_ws/install/tetra_description/share/tetra_description/package.dsv'
[1.661s] INFO:colcon.colcon_core.shell:Creating package script '/home/shrujan/Desktop/SBRT/urdf_ros2_ws/install/tetra_description/share/tetra_description/package.sh'
[1.661s] INFO:colcon.colcon_core.shell:Creating package script '/home/shrujan/Desktop/SBRT/urdf_ros2_ws/install/tetra_description/share/tetra_description/package.bash'
[1.661s] INFO:colcon.colcon_core.shell:Creating package script '/home/shrujan/Desktop/SBRT/urdf_ros2_ws/install/tetra_description/share/tetra_description/package.zsh'
[1.662s] Level 1:colcon.colcon_core.environment:create_file_with_runtime_dependencies(/home/shrujan/Desktop/SBRT/urdf_ros2_ws/install/tetra_description/share/colcon-core/packages/tetra_description)
[1.735s] DEBUG:colcon.colcon_core.event_handler.log_command:Invoked command in '/home/shrujan/Desktop/SBRT/urdf_ros2_ws/build/tetra_controller' returned '0': CMAKE_PREFIX_PATH=${CMAKE_PREFIX_PATH}:/opt/ros/humble /usr/bin/cmake --build /home/shrujan/Desktop/SBRT/urdf_ros2_ws/build/tetra_controller -- -j16 -l16
[1.764s] DEBUG:colcon.colcon_core.event_handler.log_command:Invoking command in '/home/shrujan/Desktop/SBRT/urdf_ros2_ws/build/tetra_controller': CMAKE_PREFIX_PATH=${CMAKE_PREFIX_PATH}:/opt/ros/humble /usr/bin/cmake --install /home/shrujan/Desktop/SBRT/urdf_ros2_ws/build/tetra_controller
[1.814s] Level 1:colcon.colcon_core.environment:create_environment_scripts_only(tetra_controller)
[1.814s] DEBUG:colcon.colcon_core.event_handler.log_command:Invoked command in '/home/shrujan/Desktop/SBRT/urdf_ros2_ws/build/tetra_controller' returned '0': CMAKE_PREFIX_PATH=${CMAKE_PREFIX_PATH}:/opt/ros/humble /usr/bin/cmake --install /home/shrujan/Desktop/SBRT/urdf_ros2_ws/build/tetra_controller
[1.829s] Level 1:colcon.colcon_core.environment:checking '/home/shrujan/Desktop/SBRT/urdf_ros2_ws/install/tetra_controller' for CMake module files
[1.829s] Level 1:colcon.colcon_core.environment:checking '/home/shrujan/Desktop/SBRT/urdf_ros2_ws/install/tetra_controller' for CMake config files
[1.830s] Level 1:colcon.colcon_core.shell:create_environment_hook('tetra_controller', 'cmake_prefix_path')
[1.842s] INFO:colcon.colcon_core.shell:Creating environment hook '/home/shrujan/Desktop/SBRT/urdf_ros2_ws/install/tetra_controller/share/tetra_controller/hook/cmake_prefix_path.ps1'
[1.843s] INFO:colcon.colcon_core.shell:Creating environment descriptor '/home/shrujan/Desktop/SBRT/urdf_ros2_ws/install/tetra_controller/share/tetra_controller/hook/cmake_prefix_path.dsv'
[1.843s] INFO:colcon.colcon_core.shell:Creating environment hook '/home/shrujan/Desktop/SBRT/urdf_ros2_ws/install/tetra_controller/share/tetra_controller/hook/cmake_prefix_path.sh'
[1.844s] Level 1:colcon.colcon_core.environment:checking '/home/shrujan/Desktop/SBRT/urdf_ros2_ws/install/tetra_controller/lib'
[1.844s] Level 1:colcon.colcon_core.environment:checking '/home/shrujan/Desktop/SBRT/urdf_ros2_ws/install/tetra_controller/bin'
[1.844s] Level 1:colcon.colcon_core.environment:checking '/home/shrujan/Desktop/SBRT/urdf_ros2_ws/install/tetra_controller/lib/pkgconfig/tetra_controller.pc'
[1.844s] Level 1:colcon.colcon_core.environment:checking '/home/shrujan/Desktop/SBRT/urdf_ros2_ws/install/tetra_controller/lib/python3.10/site-packages'
[1.844s] Level 1:colcon.colcon_core.environment:checking '/home/shrujan/Desktop/SBRT/urdf_ros2_ws/install/tetra_controller/bin'
[1.857s] INFO:colcon.colcon_core.shell:Creating package script '/home/shrujan/Desktop/SBRT/urdf_ros2_ws/install/tetra_controller/share/tetra_controller/package.ps1'
[1.857s] INFO:colcon.colcon_core.shell:Creating package descriptor '/home/shrujan/Desktop/SBRT/urdf_ros2_ws/install/tetra_controller/share/tetra_controller/package.dsv'
[1.857s] INFO:colcon.colcon_core.shell:Creating package script '/home/shrujan/Desktop/SBRT/urdf_ros2_ws/install/tetra_controller/share/tetra_controller/package.sh'
[1.858s] INFO:colcon.colcon_core.shell:Creating package script '/home/shrujan/Desktop/SBRT/urdf_ros2_ws/install/tetra_controller/share/tetra_controller/package.bash'
[1.858s] INFO:colcon.colcon_core.shell:Creating package script '/home/shrujan/Desktop/SBRT/urdf_ros2_ws/install/tetra_controller/share/tetra_controller/package.zsh'
[1.858s] Level 1:colcon.colcon_core.environment:create_file_with_runtime_dependencies(/home/shrujan/Desktop/SBRT/urdf_ros2_ws/install/tetra_controller/share/colcon-core/packages/tetra_controller)
[1.898s] Level 1:colcon.colcon_core.environment:create_environment_scripts_only(tetra_controller)
[1.913s] Level 1:colcon.colcon_core.environment:checking '/home/shrujan/Desktop/SBRT/urdf_ros2_ws/install/tetra_controller' for CMake module files
[1.913s] Level 1:colcon.colcon_core.environment:checking '/home/shrujan/Desktop/SBRT/urdf_ros2_ws/install/tetra_controller' for CMake config files
[1.913s] Level 1:colcon.colcon_core.shell:create_environment_hook('tetra_controller', 'cmake_prefix_path')
[1.926s] INFO:colcon.colcon_core.shell:Creating environment hook '/home/shrujan/Desktop/SBRT/urdf_ros2_ws/install/tetra_controller/share/tetra_controller/hook/cmake_prefix_path.ps1'
[1.927s] INFO:colcon.colcon_core.shell:Creating environment descriptor '/home/shrujan/Desktop/SBRT/urdf_ros2_ws/install/tetra_controller/share/tetra_controller/hook/cmake_prefix_path.dsv'
[1.927s] INFO:colcon.colcon_core.shell:Creating environment hook '/home/shrujan/Desktop/SBRT/urdf_ros2_ws/install/tetra_controller/share/tetra_controller/hook/cmake_prefix_path.sh'
[1.928s] Level 1:colcon.colcon_core.environment:checking '/home/shrujan/Desktop/SBRT/urdf_ros2_ws/install/tetra_controller/lib'
[1.928s] Level 1:colcon.colcon_core.environment:checking '/home/shrujan/Desktop/SBRT/urdf_ros2_ws/install/tetra_controller/bin'
[1.928s] Level 1:colcon.colcon_core.environment:checking '/home/shrujan/Desktop/SBRT/urdf_ros2_ws/install/tetra_controller/lib/pkgconfig/tetra_controller.pc'
[1.928s] Level 1:colcon.colcon_core.environment:checking '/home/shrujan/Desktop/SBRT/urdf_ros2_ws/install/tetra_controller/lib/python3.10/site-packages'
[1.928s] Level 1:colcon.colcon_core.environment:checking '/home/shrujan/Desktop/SBRT/urdf_ros2_ws/install/tetra_controller/bin'
[1.942s] INFO:colcon.colcon_core.shell:Creating package script '/home/shrujan/Desktop/SBRT/urdf_ros2_ws/install/tetra_controller/share/tetra_controller/package.ps1'
[1.943s] INFO:colcon.colcon_core.shell:Creating package descriptor '/home/shrujan/Desktop/SBRT/urdf_ros2_ws/install/tetra_controller/share/tetra_controller/package.dsv'
[1.943s] INFO:colcon.colcon_core.shell:Creating package script '/home/shrujan/Desktop/SBRT/urdf_ros2_ws/install/tetra_controller/share/tetra_controller/package.sh'
[1.944s] INFO:colcon.colcon_core.shell:Creating package script '/home/shrujan/Desktop/SBRT/urdf_ros2_ws/install/tetra_controller/share/tetra_controller/package.bash'
[1.944s] INFO:colcon.colcon_core.shell:Creating package script '/home/shrujan/Desktop/SBRT/urdf_ros2_ws/install/tetra_controller/share/tetra_controller/package.zsh'
[1.944s] Level 1:colcon.colcon_core.environment:create_file_with_runtime_dependencies(/home/shrujan/Desktop/SBRT/urdf_ros2_ws/install/tetra_controller/share/colcon-core/packages/tetra_controller)
[1.945s] DEBUG:colcon.colcon_parallel_executor.executor.parallel:closing loop
[1.945s] DEBUG:colcon.colcon_parallel_executor.executor.parallel:loop closed
[1.945s] DEBUG:colcon.colcon_parallel_executor.executor.parallel:run_until_complete finished with '0'
[1.946s] DEBUG:colcon.colcon_core.event_reactor:joining thread
[1.965s] INFO:colcon.colcon_core.plugin_system:Skipping extension 'colcon_notification.desktop_notification.terminal_notifier': Not used on non-Darwin systems
[1.965s] INFO:colcon.colcon_core.plugin_system:Skipping extension 'colcon_notification.desktop_notification.win32': Not used on non-Windows systems
[1.965s] INFO:colcon.colcon_notification.desktop_notification:Sending desktop notification using 'notify2'
[1.977s] DEBUG:colcon.colcon_core.event_reactor:joined thread
[1.993s] INFO:colcon.colcon_core.shell:Creating prefix script '/home/shrujan/Desktop/SBRT/urdf_ros2_ws/install/local_setup.ps1'
[1.994s] INFO:colcon.colcon_core.shell:Creating prefix util module '/home/shrujan/Desktop/SBRT/urdf_ros2_ws/install/_local_setup_util_ps1.py'
[1.995s] INFO:colcon.colcon_core.shell:Creating prefix chain script '/home/shrujan/Desktop/SBRT/urdf_ros2_ws/install/setup.ps1'
[2.009s] INFO:colcon.colcon_core.shell:Creating prefix script '/home/shrujan/Desktop/SBRT/urdf_ros2_ws/install/local_setup.sh'
[2.009s] INFO:colcon.colcon_core.shell:Creating prefix util module '/home/shrujan/Desktop/SBRT/urdf_ros2_ws/install/_local_setup_util_sh.py'
[2.009s] INFO:colcon.colcon_core.shell:Creating prefix chain script '/home/shrujan/Desktop/SBRT/urdf_ros2_ws/install/setup.sh'
[2.023s] INFO:colcon.colcon_core.shell:Creating prefix script '/home/shrujan/Desktop/SBRT/urdf_ros2_ws/install/local_setup.bash'
[2.024s] INFO:colcon.colcon_core.shell:Creating prefix chain script '/home/shrujan/Desktop/SBRT/urdf_ros2_ws/install/setup.bash'
[2.041s] INFO:colcon.colcon_core.shell:Creating prefix script '/home/shrujan/Desktop/SBRT/urdf_ros2_ws/install/local_setup.zsh'
[2.041s] INFO:colcon.colcon_core.shell:Creating prefix chain script '/home/shrujan/Desktop/SBRT/urdf_ros2_ws/install/setup.zsh'
