[0.889s] DEBUG:colcon:Command line arguments: ['/usr/bin/colcon', 'build']
[0.889s] DEBUG:colcon:Parsed command line arguments: Namespace(log_base=None, log_level=None, verb_name='build', build_base='build', install_base='install', merge_install=False, symlink_install=False, test_result_base=None, continue_on_error=False, executor='parallel', parallel_workers=16, event_handlers=None, ignore_user_meta=False, metas=['./colcon.meta'], base_paths=['.'], packages_ignore=None, packages_ignore_regex=None, paths=None, packages_up_to=None, packages_up_to_regex=None, packages_above=None, packages_above_and_dependencies=None, packages_above_depth=None, packages_select_by_dep=None, packages_skip_by_dep=None, packages_skip_up_to=None, packages_select_build_failed=False, packages_skip_build_finished=False, packages_select_test_failures=False, packages_skip_test_passed=False, packages_select=None, packages_skip=None, packages_select_regex=None, packages_skip_regex=None, packages_start=None, packages_end=None, allow_overriding=[], cmake_args=None, cmake_target=None, cmake_target_skip_unavailable=False, cmake_clean_cache=False, cmake_clean_first=False, cmake_force_configure=False, ament_cmake_args=None, catkin_cmake_args=None, catkin_skip_building_tests=False, verb_parser=<colcon_defaults.argument_parser.defaults.DefaultArgumentsDecorator object at 0x7f0509add5a0>, verb_extension=<colcon_core.verb.build.BuildVerb object at 0x7f0509dfe890>, main=<bound method BuildVerb.main of <colcon_core.verb.build.BuildVerb object at 0x7f0509dfe890>>)
[0.930s] Level 1:colcon.colcon_core.package_discovery:discover_packages(colcon_meta) check parameters
[0.930s] Level 1:colcon.colcon_core.package_discovery:discover_packages(recursive) check parameters
[0.930s] Level 1:colcon.colcon_core.package_discovery:discover_packages(ignore) check parameters
[0.930s] Level 1:colcon.colcon_core.package_discovery:discover_packages(path) check parameters
[0.930s] Level 1:colcon.colcon_core.package_discovery:discover_packages(colcon_meta) discover
[0.930s] Level 1:colcon.colcon_core.package_discovery:discover_packages(recursive) discover
[0.930s] INFO:colcon.colcon_core.package_discovery:Crawling recursively for packages in '/home/shrujan/Desktop/SBRT/urdf_ros2_ws'
[0.930s] Level 1:colcon.colcon_core.package_identification:_identify(.) by extensions ['ignore', 'ignore_ament_install']
[0.930s] Level 1:colcon.colcon_core.package_identification:_identify(.) by extension 'ignore'
[0.930s] Level 1:colcon.colcon_core.package_identification:_identify(.) by extension 'ignore_ament_install'
[0.931s] Level 1:colcon.colcon_core.package_identification:_identify(.) by extensions ['colcon_pkg']
[0.931s] Level 1:colcon.colcon_core.package_identification:_identify(.) by extension 'colcon_pkg'
[0.931s] Level 1:colcon.colcon_core.package_identification:_identify(.) by extensions ['colcon_meta']
[0.931s] Level 1:colcon.colcon_core.package_identification:_identify(.) by extension 'colcon_meta'
[0.931s] Level 1:colcon.colcon_core.package_identification:_identify(.) by extensions ['ros']
[0.931s] Level 1:colcon.colcon_core.package_identification:_identify(.) by extension 'ros'
[0.939s] Level 1:colcon.colcon_core.package_identification:_identify(.) by extensions ['cmake', 'python']
[0.939s] Level 1:colcon.colcon_core.package_identification:_identify(.) by extension 'cmake'
[0.939s] Level 1:colcon.colcon_core.package_identification:_identify(.) by extension 'python'
[0.939s] Level 1:colcon.colcon_core.package_identification:_identify(.) by extensions ['python_setup_py']
[0.939s] Level 1:colcon.colcon_core.package_identification:_identify(.) by extension 'python_setup_py'
[0.939s] Level 1:colcon.colcon_core.package_identification:_identify(build) by extensions ['ignore', 'ignore_ament_install']
[0.939s] Level 1:colcon.colcon_core.package_identification:_identify(build) by extension 'ignore'
[0.939s] Level 1:colcon.colcon_core.package_identification:_identify(build) ignored
[0.939s] Level 1:colcon.colcon_core.package_identification:_identify(install) by extensions ['ignore', 'ignore_ament_install']
[0.939s] Level 1:colcon.colcon_core.package_identification:_identify(install) by extension 'ignore'
[0.939s] Level 1:colcon.colcon_core.package_identification:_identify(install) ignored
[0.939s] Level 1:colcon.colcon_core.package_identification:_identify(log) by extensions ['ignore', 'ignore_ament_install']
[0.939s] Level 1:colcon.colcon_core.package_identification:_identify(log) by extension 'ignore'
[0.940s] Level 1:colcon.colcon_core.package_identification:_identify(log) ignored
[0.940s] Level 1:colcon.colcon_core.package_identification:_identify(src) by extensions ['ignore', 'ignore_ament_install']
[0.940s] Level 1:colcon.colcon_core.package_identification:_identify(src) by extension 'ignore'
[0.940s] Level 1:colcon.colcon_core.package_identification:_identify(src) by extension 'ignore_ament_install'
[0.940s] Level 1:colcon.colcon_core.package_identification:_identify(src) by extensions ['colcon_pkg']
[0.940s] Level 1:colcon.colcon_core.package_identification:_identify(src) by extension 'colcon_pkg'
[0.940s] Level 1:colcon.colcon_core.package_identification:_identify(src) by extensions ['colcon_meta']
[0.940s] Level 1:colcon.colcon_core.package_identification:_identify(src) by extension 'colcon_meta'
[0.940s] Level 1:colcon.colcon_core.package_identification:_identify(src) by extensions ['ros']
[0.940s] Level 1:colcon.colcon_core.package_identification:_identify(src) by extension 'ros'
[0.940s] Level 1:colcon.colcon_core.package_identification:_identify(src) by extensions ['cmake', 'python']
[0.940s] Level 1:colcon.colcon_core.package_identification:_identify(src) by extension 'cmake'
[0.940s] Level 1:colcon.colcon_core.package_identification:_identify(src) by extension 'python'
[0.940s] Level 1:colcon.colcon_core.package_identification:_identify(src) by extensions ['python_setup_py']
[0.940s] Level 1:colcon.colcon_core.package_identification:_identify(src) by extension 'python_setup_py'
[0.940s] Level 1:colcon.colcon_core.package_identification:_identify(src/tetra_controller) by extensions ['ignore', 'ignore_ament_install']
[0.940s] Level 1:colcon.colcon_core.package_identification:_identify(src/tetra_controller) by extension 'ignore'
[0.940s] Level 1:colcon.colcon_core.package_identification:_identify(src/tetra_controller) by extension 'ignore_ament_install'
[0.940s] Level 1:colcon.colcon_core.package_identification:_identify(src/tetra_controller) by extensions ['colcon_pkg']
[0.940s] Level 1:colcon.colcon_core.package_identification:_identify(src/tetra_controller) by extension 'colcon_pkg'
[0.940s] Level 1:colcon.colcon_core.package_identification:_identify(src/tetra_controller) by extensions ['colcon_meta']
[0.940s] Level 1:colcon.colcon_core.package_identification:_identify(src/tetra_controller) by extension 'colcon_meta'
[0.940s] Level 1:colcon.colcon_core.package_identification:_identify(src/tetra_controller) by extensions ['ros']
[0.940s] Level 1:colcon.colcon_core.package_identification:_identify(src/tetra_controller) by extension 'ros'
[0.942s] DEBUG:colcon.colcon_core.package_identification:Package 'src/tetra_controller' with type 'ros.ament_cmake' and name 'tetra_controller'
[0.943s] Level 1:colcon.colcon_core.package_identification:_identify(src/tetra_description) by extensions ['ignore', 'ignore_ament_install']
[0.943s] Level 1:colcon.colcon_core.package_identification:_identify(src/tetra_description) by extension 'ignore'
[0.943s] Level 1:colcon.colcon_core.package_identification:_identify(src/tetra_description) by extension 'ignore_ament_install'
[0.943s] Level 1:colcon.colcon_core.package_identification:_identify(src/tetra_description) by extensions ['colcon_pkg']
[0.943s] Level 1:colcon.colcon_core.package_identification:_identify(src/tetra_description) by extension 'colcon_pkg'
[0.943s] Level 1:colcon.colcon_core.package_identification:_identify(src/tetra_description) by extensions ['colcon_meta']
[0.943s] Level 1:colcon.colcon_core.package_identification:_identify(src/tetra_description) by extension 'colcon_meta'
[0.943s] Level 1:colcon.colcon_core.package_identification:_identify(src/tetra_description) by extensions ['ros']
[0.943s] Level 1:colcon.colcon_core.package_identification:_identify(src/tetra_description) by extension 'ros'
[0.943s] DEBUG:colcon.colcon_core.package_identification:Package 'src/tetra_description' with type 'ros.ament_cmake' and name 'tetra_description'
[0.943s] Level 1:colcon.colcon_core.package_discovery:discover_packages(recursive) using defaults
[0.943s] Level 1:colcon.colcon_core.package_discovery:discover_packages(ignore) discover
[0.943s] Level 1:colcon.colcon_core.package_discovery:discover_packages(ignore) using defaults
[0.943s] Level 1:colcon.colcon_core.package_discovery:discover_packages(path) discover
[0.943s] Level 1:colcon.colcon_core.package_discovery:discover_packages(path) using defaults
[1.024s] Level 1:colcon.colcon_core.package_discovery:discover_packages(prefix_path) check parameters
[1.025s] Level 1:colcon.colcon_core.package_discovery:discover_packages(prefix_path) discover
[1.052s] DEBUG:colcon.colcon_installed_package_information.package_discovery:Found 2 installed packages in /home/shrujan/Desktop/SBRT/urdf_ros2_ws/install
[1.066s] DEBUG:colcon.colcon_installed_package_information.package_discovery:Found 403 installed packages in /opt/ros/humble
[1.077s] Level 1:colcon.colcon_core.package_discovery:discover_packages(prefix_path) using defaults
[1.162s] Level 5:colcon.colcon_core.verb:set package 'tetra_controller' build argument 'cmake_args' from command line to 'None'
[1.162s] Level 5:colcon.colcon_core.verb:set package 'tetra_controller' build argument 'cmake_target' from command line to 'None'
[1.162s] Level 5:colcon.colcon_core.verb:set package 'tetra_controller' build argument 'cmake_target_skip_unavailable' from command line to 'False'
[1.162s] Level 5:colcon.colcon_core.verb:set package 'tetra_controller' build argument 'cmake_clean_cache' from command line to 'False'
[1.162s] Level 5:colcon.colcon_core.verb:set package 'tetra_controller' build argument 'cmake_clean_first' from command line to 'False'
[1.163s] Level 5:colcon.colcon_core.verb:set package 'tetra_controller' build argument 'cmake_force_configure' from command line to 'False'
[1.163s] Level 5:colcon.colcon_core.verb:set package 'tetra_controller' build argument 'ament_cmake_args' from command line to 'None'
[1.163s] Level 5:colcon.colcon_core.verb:set package 'tetra_controller' build argument 'catkin_cmake_args' from command line to 'None'
[1.163s] Level 5:colcon.colcon_core.verb:set package 'tetra_controller' build argument 'catkin_skip_building_tests' from command line to 'False'
[1.163s] DEBUG:colcon.colcon_core.verb:Building package 'tetra_controller' with the following arguments: {'ament_cmake_args': None, 'build_base': '/home/shrujan/Desktop/SBRT/urdf_ros2_ws/build/tetra_controller', 'catkin_cmake_args': None, 'catkin_skip_building_tests': False, 'cmake_args': None, 'cmake_clean_cache': False, 'cmake_clean_first': False, 'cmake_force_configure': False, 'cmake_target': None, 'cmake_target_skip_unavailable': False, 'install_base': '/home/shrujan/Desktop/SBRT/urdf_ros2_ws/install/tetra_controller', 'merge_install': False, 'path': '/home/shrujan/Desktop/SBRT/urdf_ros2_ws/src/tetra_controller', 'symlink_install': False, 'test_result_base': None}
[1.176s] Level 5:colcon.colcon_core.verb:set package 'tetra_description' build argument 'cmake_args' from command line to 'None'
[1.176s] Level 5:colcon.colcon_core.verb:set package 'tetra_description' build argument 'cmake_target' from command line to 'None'
[1.176s] Level 5:colcon.colcon_core.verb:set package 'tetra_description' build argument 'cmake_target_skip_unavailable' from command line to 'False'
[1.176s] Level 5:colcon.colcon_core.verb:set package 'tetra_description' build argument 'cmake_clean_cache' from command line to 'False'
[1.176s] Level 5:colcon.colcon_core.verb:set package 'tetra_description' build argument 'cmake_clean_first' from command line to 'False'
[1.176s] Level 5:colcon.colcon_core.verb:set package 'tetra_description' build argument 'cmake_force_configure' from command line to 'False'
[1.176s] Level 5:colcon.colcon_core.verb:set package 'tetra_description' build argument 'ament_cmake_args' from command line to 'None'
[1.176s] Level 5:colcon.colcon_core.verb:set package 'tetra_description' build argument 'catkin_cmake_args' from command line to 'None'
[1.176s] Level 5:colcon.colcon_core.verb:set package 'tetra_description' build argument 'catkin_skip_building_tests' from command line to 'False'
[1.176s] DEBUG:colcon.colcon_core.verb:Building package 'tetra_description' with the following arguments: {'ament_cmake_args': None, 'build_base': '/home/shrujan/Desktop/SBRT/urdf_ros2_ws/build/tetra_description', 'catkin_cmake_args': None, 'catkin_skip_building_tests': False, 'cmake_args': None, 'cmake_clean_cache': False, 'cmake_clean_first': False, 'cmake_force_configure': False, 'cmake_target': None, 'cmake_target_skip_unavailable': False, 'install_base': '/home/shrujan/Desktop/SBRT/urdf_ros2_ws/install/tetra_description', 'merge_install': False, 'path': '/home/shrujan/Desktop/SBRT/urdf_ros2_ws/src/tetra_description', 'symlink_install': False, 'test_result_base': None}
[1.189s] INFO:colcon.colcon_core.executor:Executing jobs using 'parallel' executor
[1.202s] DEBUG:colcon.colcon_parallel_executor.executor.parallel:run_until_complete
[1.202s] INFO:colcon.colcon_ros.task.ament_cmake.build:Building ROS package in '/home/shrujan/Desktop/SBRT/urdf_ros2_ws/src/tetra_controller' with build type 'ament_cmake'
[1.203s] INFO:colcon.colcon_cmake.task.cmake.build:Building CMake package in '/home/shrujan/Desktop/SBRT/urdf_ros2_ws/src/tetra_controller'
[1.218s] INFO:colcon.colcon_core.plugin_system:Skipping extension 'colcon_core.shell.bat': Not used on non-Windows systems
[1.218s] INFO:colcon.colcon_core.shell:Skip shell extension 'powershell' for command environment: Not usable outside of PowerShell
[1.218s] DEBUG:colcon.colcon_core.shell:Skip shell extension 'dsv' for command environment
[1.263s] INFO:colcon.colcon_ros.task.ament_cmake.build:Building ROS package in '/home/shrujan/Desktop/SBRT/urdf_ros2_ws/src/tetra_description' with build type 'ament_cmake'
[1.263s] INFO:colcon.colcon_cmake.task.cmake.build:Building CMake package in '/home/shrujan/Desktop/SBRT/urdf_ros2_ws/src/tetra_description'
[1.277s] INFO:colcon.colcon_core.shell:Skip shell extension 'powershell' for command environment: Not usable outside of PowerShell
[1.277s] DEBUG:colcon.colcon_core.shell:Skip shell extension 'dsv' for command environment
[1.327s] DEBUG:colcon.colcon_core.event_handler.log_command:Invoking command in '/home/shrujan/Desktop/SBRT/urdf_ros2_ws/build/tetra_controller': CMAKE_PREFIX_PATH=${CMAKE_PREFIX_PATH}:/opt/ros/humble /usr/bin/cmake --build /home/shrujan/Desktop/SBRT/urdf_ros2_ws/build/tetra_controller -- -j16 -l16
[1.330s] DEBUG:colcon.colcon_core.event_handler.log_command:Invoking command in '/home/shrujan/Desktop/SBRT/urdf_ros2_ws/build/tetra_description': CMAKE_PREFIX_PATH=${CMAKE_PREFIX_PATH}:/opt/ros/humble /usr/bin/cmake --build /home/shrujan/Desktop/SBRT/urdf_ros2_ws/build/tetra_description -- -j16 -l16
[1.361s] DEBUG:colcon.colcon_core.event_handler.log_command:Invoked command in '/home/shrujan/Desktop/SBRT/urdf_ros2_ws/build/tetra_controller' returned '0': CMAKE_PREFIX_PATH=${CMAKE_PREFIX_PATH}:/opt/ros/humble /usr/bin/cmake --build /home/shrujan/Desktop/SBRT/urdf_ros2_ws/build/tetra_controller -- -j16 -l16
[1.362s] DEBUG:colcon.colcon_core.event_handler.log_command:Invoked command in '/home/shrujan/Desktop/SBRT/urdf_ros2_ws/build/tetra_description' returned '0': CMAKE_PREFIX_PATH=${CMAKE_PREFIX_PATH}:/opt/ros/humble /usr/bin/cmake --build /home/shrujan/Desktop/SBRT/urdf_ros2_ws/build/tetra_description -- -j16 -l16
[1.389s] DEBUG:colcon.colcon_core.event_handler.log_command:Invoking command in '/home/shrujan/Desktop/SBRT/urdf_ros2_ws/build/tetra_controller': CMAKE_PREFIX_PATH=${CMAKE_PREFIX_PATH}:/opt/ros/humble /usr/bin/cmake --install /home/shrujan/Desktop/SBRT/urdf_ros2_ws/build/tetra_controller
[1.390s] DEBUG:colcon.colcon_core.event_handler.log_command:Invoking command in '/home/shrujan/Desktop/SBRT/urdf_ros2_ws/build/tetra_description': CMAKE_PREFIX_PATH=${CMAKE_PREFIX_PATH}:/opt/ros/humble /usr/bin/cmake --install /home/shrujan/Desktop/SBRT/urdf_ros2_ws/build/tetra_description
[1.398s] Level 1:colcon.colcon_core.environment:create_environment_scripts_only(tetra_controller)
[1.400s] DEBUG:colcon.colcon_core.event_handler.log_command:Invoked command in '/home/shrujan/Desktop/SBRT/urdf_ros2_ws/build/tetra_controller' returned '0': CMAKE_PREFIX_PATH=${CMAKE_PREFIX_PATH}:/opt/ros/humble /usr/bin/cmake --install /home/shrujan/Desktop/SBRT/urdf_ros2_ws/build/tetra_controller
[1.419s] Level 1:colcon.colcon_core.environment:checking '/home/shrujan/Desktop/SBRT/urdf_ros2_ws/install/tetra_controller' for CMake module files
[1.419s] Level 1:colcon.colcon_core.environment:checking '/home/shrujan/Desktop/SBRT/urdf_ros2_ws/install/tetra_controller' for CMake config files
[1.419s] Level 1:colcon.colcon_core.shell:create_environment_hook('tetra_controller', 'cmake_prefix_path')
[1.433s] INFO:colcon.colcon_core.shell:Creating environment hook '/home/shrujan/Desktop/SBRT/urdf_ros2_ws/install/tetra_controller/share/tetra_controller/hook/cmake_prefix_path.ps1'
[1.434s] INFO:colcon.colcon_core.shell:Creating environment descriptor '/home/shrujan/Desktop/SBRT/urdf_ros2_ws/install/tetra_controller/share/tetra_controller/hook/cmake_prefix_path.dsv'
[1.434s] INFO:colcon.colcon_core.shell:Creating environment hook '/home/shrujan/Desktop/SBRT/urdf_ros2_ws/install/tetra_controller/share/tetra_controller/hook/cmake_prefix_path.sh'
[1.434s] Level 1:colcon.colcon_core.environment:checking '/home/shrujan/Desktop/SBRT/urdf_ros2_ws/install/tetra_controller/bin'
[1.435s] Level 1:colcon.colcon_core.environment:checking '/home/shrujan/Desktop/SBRT/urdf_ros2_ws/install/tetra_controller/lib/pkgconfig/tetra_controller.pc'
[1.435s] Level 1:colcon.colcon_core.environment:checking '/home/shrujan/Desktop/SBRT/urdf_ros2_ws/install/tetra_controller/lib/python3.10/site-packages'
[1.435s] Level 1:colcon.colcon_core.environment:checking '/home/shrujan/Desktop/SBRT/urdf_ros2_ws/install/tetra_controller/bin'
[1.447s] INFO:colcon.colcon_core.shell:Creating package script '/home/shrujan/Desktop/SBRT/urdf_ros2_ws/install/tetra_controller/share/tetra_controller/package.ps1'
[1.448s] INFO:colcon.colcon_core.shell:Creating package descriptor '/home/shrujan/Desktop/SBRT/urdf_ros2_ws/install/tetra_controller/share/tetra_controller/package.dsv'
[1.448s] INFO:colcon.colcon_core.shell:Creating package script '/home/shrujan/Desktop/SBRT/urdf_ros2_ws/install/tetra_controller/share/tetra_controller/package.sh'
[1.449s] INFO:colcon.colcon_core.shell:Creating package script '/home/shrujan/Desktop/SBRT/urdf_ros2_ws/install/tetra_controller/share/tetra_controller/package.bash'
[1.449s] INFO:colcon.colcon_core.shell:Creating package script '/home/shrujan/Desktop/SBRT/urdf_ros2_ws/install/tetra_controller/share/tetra_controller/package.zsh'
[1.450s] Level 1:colcon.colcon_core.environment:create_file_with_runtime_dependencies(/home/shrujan/Desktop/SBRT/urdf_ros2_ws/install/tetra_controller/share/colcon-core/packages/tetra_controller)
[1.451s] Level 1:colcon.colcon_core.environment:create_environment_scripts_only(tetra_description)
[1.452s] DEBUG:colcon.colcon_core.event_handler.log_command:Invoked command in '/home/shrujan/Desktop/SBRT/urdf_ros2_ws/build/tetra_description' returned '0': CMAKE_PREFIX_PATH=${CMAKE_PREFIX_PATH}:/opt/ros/humble /usr/bin/cmake --install /home/shrujan/Desktop/SBRT/urdf_ros2_ws/build/tetra_description
[1.465s] Level 1:colcon.colcon_core.environment:checking '/home/shrujan/Desktop/SBRT/urdf_ros2_ws/install/tetra_description' for CMake module files
[1.465s] Level 1:colcon.colcon_core.environment:checking '/home/shrujan/Desktop/SBRT/urdf_ros2_ws/install/tetra_description' for CMake config files
[1.466s] Level 1:colcon.colcon_core.shell:create_environment_hook('tetra_description', 'cmake_prefix_path')
[1.479s] INFO:colcon.colcon_core.shell:Creating environment hook '/home/shrujan/Desktop/SBRT/urdf_ros2_ws/install/tetra_description/share/tetra_description/hook/cmake_prefix_path.ps1'
[1.479s] INFO:colcon.colcon_core.shell:Creating environment descriptor '/home/shrujan/Desktop/SBRT/urdf_ros2_ws/install/tetra_description/share/tetra_description/hook/cmake_prefix_path.dsv'
[1.479s] INFO:colcon.colcon_core.shell:Creating environment hook '/home/shrujan/Desktop/SBRT/urdf_ros2_ws/install/tetra_description/share/tetra_description/hook/cmake_prefix_path.sh'
[1.480s] Level 1:colcon.colcon_core.environment:checking '/home/shrujan/Desktop/SBRT/urdf_ros2_ws/install/tetra_description/bin'
[1.480s] Level 1:colcon.colcon_core.environment:checking '/home/shrujan/Desktop/SBRT/urdf_ros2_ws/install/tetra_description/lib/pkgconfig/tetra_description.pc'
[1.480s] Level 1:colcon.colcon_core.environment:checking '/home/shrujan/Desktop/SBRT/urdf_ros2_ws/install/tetra_description/lib/python3.10/site-packages'
[1.480s] Level 1:colcon.colcon_core.environment:checking '/home/shrujan/Desktop/SBRT/urdf_ros2_ws/install/tetra_description/bin'
[1.493s] INFO:colcon.colcon_core.shell:Creating package script '/home/shrujan/Desktop/SBRT/urdf_ros2_ws/install/tetra_description/share/tetra_description/package.ps1'
[1.493s] INFO:colcon.colcon_core.shell:Creating package descriptor '/home/shrujan/Desktop/SBRT/urdf_ros2_ws/install/tetra_description/share/tetra_description/package.dsv'
[1.494s] INFO:colcon.colcon_core.shell:Creating package script '/home/shrujan/Desktop/SBRT/urdf_ros2_ws/install/tetra_description/share/tetra_description/package.sh'
[1.494s] INFO:colcon.colcon_core.shell:Creating package script '/home/shrujan/Desktop/SBRT/urdf_ros2_ws/install/tetra_description/share/tetra_description/package.bash'
[1.494s] INFO:colcon.colcon_core.shell:Creating package script '/home/shrujan/Desktop/SBRT/urdf_ros2_ws/install/tetra_description/share/tetra_description/package.zsh'
[1.495s] Level 1:colcon.colcon_core.environment:create_file_with_runtime_dependencies(/home/shrujan/Desktop/SBRT/urdf_ros2_ws/install/tetra_description/share/colcon-core/packages/tetra_description)
[1.509s] Level 1:colcon.colcon_core.environment:create_environment_scripts_only(tetra_controller)
[1.522s] Level 1:colcon.colcon_core.environment:checking '/home/shrujan/Desktop/SBRT/urdf_ros2_ws/install/tetra_controller' for CMake module files
[1.522s] Level 1:colcon.colcon_core.environment:checking '/home/shrujan/Desktop/SBRT/urdf_ros2_ws/install/tetra_controller' for CMake config files
[1.523s] Level 1:colcon.colcon_core.shell:create_environment_hook('tetra_controller', 'cmake_prefix_path')
[1.536s] INFO:colcon.colcon_core.shell:Creating environment hook '/home/shrujan/Desktop/SBRT/urdf_ros2_ws/install/tetra_controller/share/tetra_controller/hook/cmake_prefix_path.ps1'
[1.537s] INFO:colcon.colcon_core.shell:Creating environment descriptor '/home/shrujan/Desktop/SBRT/urdf_ros2_ws/install/tetra_controller/share/tetra_controller/hook/cmake_prefix_path.dsv'
[1.537s] INFO:colcon.colcon_core.shell:Creating environment hook '/home/shrujan/Desktop/SBRT/urdf_ros2_ws/install/tetra_controller/share/tetra_controller/hook/cmake_prefix_path.sh'
[1.537s] Level 1:colcon.colcon_core.environment:checking '/home/shrujan/Desktop/SBRT/urdf_ros2_ws/install/tetra_controller/bin'
[1.538s] Level 1:colcon.colcon_core.environment:checking '/home/shrujan/Desktop/SBRT/urdf_ros2_ws/install/tetra_controller/lib/pkgconfig/tetra_controller.pc'
[1.538s] Level 1:colcon.colcon_core.environment:checking '/home/shrujan/Desktop/SBRT/urdf_ros2_ws/install/tetra_controller/lib/python3.10/site-packages'
[1.538s] Level 1:colcon.colcon_core.environment:checking '/home/shrujan/Desktop/SBRT/urdf_ros2_ws/install/tetra_controller/bin'
[1.551s] INFO:colcon.colcon_core.shell:Creating package script '/home/shrujan/Desktop/SBRT/urdf_ros2_ws/install/tetra_controller/share/tetra_controller/package.ps1'
[1.551s] INFO:colcon.colcon_core.shell:Creating package descriptor '/home/shrujan/Desktop/SBRT/urdf_ros2_ws/install/tetra_controller/share/tetra_controller/package.dsv'
[1.552s] INFO:colcon.colcon_core.shell:Creating package script '/home/shrujan/Desktop/SBRT/urdf_ros2_ws/install/tetra_controller/share/tetra_controller/package.sh'
[1.552s] INFO:colcon.colcon_core.shell:Creating package script '/home/shrujan/Desktop/SBRT/urdf_ros2_ws/install/tetra_controller/share/tetra_controller/package.bash'
[1.552s] INFO:colcon.colcon_core.shell:Creating package script '/home/shrujan/Desktop/SBRT/urdf_ros2_ws/install/tetra_controller/share/tetra_controller/package.zsh'
[1.552s] Level 1:colcon.colcon_core.environment:create_file_with_runtime_dependencies(/home/shrujan/Desktop/SBRT/urdf_ros2_ws/install/tetra_controller/share/colcon-core/packages/tetra_controller)
[1.567s] Level 1:colcon.colcon_core.environment:create_environment_scripts_only(tetra_description)
[1.580s] Level 1:colcon.colcon_core.environment:checking '/home/shrujan/Desktop/SBRT/urdf_ros2_ws/install/tetra_description' for CMake module files
[1.581s] Level 1:colcon.colcon_core.environment:checking '/home/shrujan/Desktop/SBRT/urdf_ros2_ws/install/tetra_description' for CMake config files
[1.581s] Level 1:colcon.colcon_core.shell:create_environment_hook('tetra_description', 'cmake_prefix_path')
[1.594s] INFO:colcon.colcon_core.shell:Creating environment hook '/home/shrujan/Desktop/SBRT/urdf_ros2_ws/install/tetra_description/share/tetra_description/hook/cmake_prefix_path.ps1'
[1.594s] INFO:colcon.colcon_core.shell:Creating environment descriptor '/home/shrujan/Desktop/SBRT/urdf_ros2_ws/install/tetra_description/share/tetra_description/hook/cmake_prefix_path.dsv'
[1.595s] INFO:colcon.colcon_core.shell:Creating environment hook '/home/shrujan/Desktop/SBRT/urdf_ros2_ws/install/tetra_description/share/tetra_description/hook/cmake_prefix_path.sh'
[1.595s] Level 1:colcon.colcon_core.environment:checking '/home/shrujan/Desktop/SBRT/urdf_ros2_ws/install/tetra_description/bin'
[1.595s] Level 1:colcon.colcon_core.environment:checking '/home/shrujan/Desktop/SBRT/urdf_ros2_ws/install/tetra_description/lib/pkgconfig/tetra_description.pc'
[1.595s] Level 1:colcon.colcon_core.environment:checking '/home/shrujan/Desktop/SBRT/urdf_ros2_ws/install/tetra_description/lib/python3.10/site-packages'
[1.596s] Level 1:colcon.colcon_core.environment:checking '/home/shrujan/Desktop/SBRT/urdf_ros2_ws/install/tetra_description/bin'
[1.609s] INFO:colcon.colcon_core.shell:Creating package script '/home/shrujan/Desktop/SBRT/urdf_ros2_ws/install/tetra_description/share/tetra_description/package.ps1'
[1.609s] INFO:colcon.colcon_core.shell:Creating package descriptor '/home/shrujan/Desktop/SBRT/urdf_ros2_ws/install/tetra_description/share/tetra_description/package.dsv'
[1.610s] INFO:colcon.colcon_core.shell:Creating package script '/home/shrujan/Desktop/SBRT/urdf_ros2_ws/install/tetra_description/share/tetra_description/package.sh'
[1.610s] INFO:colcon.colcon_core.shell:Creating package script '/home/shrujan/Desktop/SBRT/urdf_ros2_ws/install/tetra_description/share/tetra_description/package.bash'
[1.610s] INFO:colcon.colcon_core.shell:Creating package script '/home/shrujan/Desktop/SBRT/urdf_ros2_ws/install/tetra_description/share/tetra_description/package.zsh'
[1.611s] Level 1:colcon.colcon_core.environment:create_file_with_runtime_dependencies(/home/shrujan/Desktop/SBRT/urdf_ros2_ws/install/tetra_description/share/colcon-core/packages/tetra_description)
[1.611s] DEBUG:colcon.colcon_parallel_executor.executor.parallel:closing loop
[1.611s] DEBUG:colcon.colcon_parallel_executor.executor.parallel:loop closed
[1.611s] DEBUG:colcon.colcon_parallel_executor.executor.parallel:run_until_complete finished with '0'
[1.611s] DEBUG:colcon.colcon_core.event_reactor:joining thread
[1.631s] INFO:colcon.colcon_core.plugin_system:Skipping extension 'colcon_notification.desktop_notification.terminal_notifier': Not used on non-Darwin systems
[1.632s] INFO:colcon.colcon_core.plugin_system:Skipping extension 'colcon_notification.desktop_notification.win32': Not used on non-Windows systems
[1.632s] INFO:colcon.colcon_notification.desktop_notification:Sending desktop notification using 'notify2'
[1.649s] DEBUG:colcon.colcon_core.event_reactor:joined thread
[1.663s] INFO:colcon.colcon_core.shell:Creating prefix script '/home/shrujan/Desktop/SBRT/urdf_ros2_ws/install/local_setup.ps1'
[1.664s] INFO:colcon.colcon_core.shell:Creating prefix util module '/home/shrujan/Desktop/SBRT/urdf_ros2_ws/install/_local_setup_util_ps1.py'
[1.665s] INFO:colcon.colcon_core.shell:Creating prefix chain script '/home/shrujan/Desktop/SBRT/urdf_ros2_ws/install/setup.ps1'
[1.678s] INFO:colcon.colcon_core.shell:Creating prefix script '/home/shrujan/Desktop/SBRT/urdf_ros2_ws/install/local_setup.sh'
[1.679s] INFO:colcon.colcon_core.shell:Creating prefix util module '/home/shrujan/Desktop/SBRT/urdf_ros2_ws/install/_local_setup_util_sh.py'
[1.679s] INFO:colcon.colcon_core.shell:Creating prefix chain script '/home/shrujan/Desktop/SBRT/urdf_ros2_ws/install/setup.sh'
[1.692s] INFO:colcon.colcon_core.shell:Creating prefix script '/home/shrujan/Desktop/SBRT/urdf_ros2_ws/install/local_setup.bash'
[1.693s] INFO:colcon.colcon_core.shell:Creating prefix chain script '/home/shrujan/Desktop/SBRT/urdf_ros2_ws/install/setup.bash'
[1.706s] INFO:colcon.colcon_core.shell:Creating prefix script '/home/shrujan/Desktop/SBRT/urdf_ros2_ws/install/local_setup.zsh'
[1.706s] INFO:colcon.colcon_core.shell:Creating prefix chain script '/home/shrujan/Desktop/SBRT/urdf_ros2_ws/install/setup.zsh'
