[0.203s] DEBUG:colcon:Command line arguments: ['/usr/bin/colcon', 'build']
[0.204s] DEBUG:colcon:Parsed command line arguments: Namespace(log_base=None, log_level=None, verb_name='build', build_base='build', install_base='install', merge_install=False, symlink_install=False, test_result_base=None, continue_on_error=False, executor='parallel', parallel_workers=16, event_handlers=None, ignore_user_meta=False, metas=['./colcon.meta'], base_paths=['.'], packages_ignore=None, packages_ignore_regex=None, paths=None, packages_up_to=None, packages_up_to_regex=None, packages_above=None, packages_above_and_dependencies=None, packages_above_depth=None, packages_select_by_dep=None, packages_skip_by_dep=None, packages_skip_up_to=None, packages_select_build_failed=False, packages_skip_build_finished=False, packages_select_test_failures=False, packages_skip_test_passed=False, packages_select=None, packages_skip=None, packages_select_regex=None, packages_skip_regex=None, packages_start=None, packages_end=None, allow_overriding=[], cmake_args=None, cmake_target=None, cmake_target_skip_unavailable=False, cmake_clean_cache=False, cmake_clean_first=False, cmake_force_configure=False, ament_cmake_args=None, catkin_cmake_args=None, catkin_skip_building_tests=False, verb_parser=<colcon_defaults.argument_parser.defaults.DefaultArgumentsDecorator object at 0x7fcaeaf50ca0>, verb_extension=<colcon_core.verb.build.BuildVerb object at 0x7fcaeae7e9b0>, main=<bound method BuildVerb.main of <colcon_core.verb.build.BuildVerb object at 0x7fcaeae7e9b0>>)
[0.225s] Level 1:colcon.colcon_core.package_discovery:discover_packages(colcon_meta) check parameters
[0.225s] Level 1:colcon.colcon_core.package_discovery:discover_packages(recursive) check parameters
[0.225s] Level 1:colcon.colcon_core.package_discovery:discover_packages(ignore) check parameters
[0.225s] Level 1:colcon.colcon_core.package_discovery:discover_packages(path) check parameters
[0.225s] Level 1:colcon.colcon_core.package_discovery:discover_packages(colcon_meta) discover
[0.225s] Level 1:colcon.colcon_core.package_discovery:discover_packages(recursive) discover
[0.225s] INFO:colcon.colcon_core.package_discovery:Crawling recursively for packages in '/home/sbrt/ROS2-WS'
[0.225s] Level 1:colcon.colcon_core.package_identification:_identify(.) by extensions ['ignore', 'ignore_ament_install']
[0.225s] Level 1:colcon.colcon_core.package_identification:_identify(.) by extension 'ignore'
[0.225s] Level 1:colcon.colcon_core.package_identification:_identify(.) by extension 'ignore_ament_install'
[0.226s] Level 1:colcon.colcon_core.package_identification:_identify(.) by extensions ['colcon_pkg']
[0.226s] Level 1:colcon.colcon_core.package_identification:_identify(.) by extension 'colcon_pkg'
[0.226s] Level 1:colcon.colcon_core.package_identification:_identify(.) by extensions ['colcon_meta']
[0.226s] Level 1:colcon.colcon_core.package_identification:_identify(.) by extension 'colcon_meta'
[0.226s] Level 1:colcon.colcon_core.package_identification:_identify(.) by extensions ['ros']
[0.226s] Level 1:colcon.colcon_core.package_identification:_identify(.) by extension 'ros'
[0.233s] Level 1:colcon.colcon_core.package_identification:_identify(.) by extensions ['cmake', 'python']
[0.233s] Level 1:colcon.colcon_core.package_identification:_identify(.) by extension 'cmake'
[0.233s] Level 1:colcon.colcon_core.package_identification:_identify(.) by extension 'python'
[0.233s] Level 1:colcon.colcon_core.package_identification:_identify(.) by extensions ['python_setup_py']
[0.233s] Level 1:colcon.colcon_core.package_identification:_identify(.) by extension 'python_setup_py'
[0.233s] Level 1:colcon.colcon_core.package_identification:_identify(build) by extensions ['ignore', 'ignore_ament_install']
[0.233s] Level 1:colcon.colcon_core.package_identification:_identify(build) by extension 'ignore'
[0.233s] Level 1:colcon.colcon_core.package_identification:_identify(build) ignored
[0.233s] Level 1:colcon.colcon_core.package_identification:_identify(install) by extensions ['ignore', 'ignore_ament_install']
[0.233s] Level 1:colcon.colcon_core.package_identification:_identify(install) by extension 'ignore'
[0.233s] Level 1:colcon.colcon_core.package_identification:_identify(install) ignored
[0.233s] Level 1:colcon.colcon_core.package_identification:_identify(log) by extensions ['ignore', 'ignore_ament_install']
[0.234s] Level 1:colcon.colcon_core.package_identification:_identify(log) by extension 'ignore'
[0.234s] Level 1:colcon.colcon_core.package_identification:_identify(log) ignored
[0.234s] Level 1:colcon.colcon_core.package_identification:_identify(test_bot) by extensions ['ignore', 'ignore_ament_install']
[0.234s] Level 1:colcon.colcon_core.package_identification:_identify(test_bot) by extension 'ignore'
[0.234s] Level 1:colcon.colcon_core.package_identification:_identify(test_bot) by extension 'ignore_ament_install'
[0.234s] Level 1:colcon.colcon_core.package_identification:_identify(test_bot) by extensions ['colcon_pkg']
[0.234s] Level 1:colcon.colcon_core.package_identification:_identify(test_bot) by extension 'colcon_pkg'
[0.234s] Level 1:colcon.colcon_core.package_identification:_identify(test_bot) by extensions ['colcon_meta']
[0.234s] Level 1:colcon.colcon_core.package_identification:_identify(test_bot) by extension 'colcon_meta'
[0.234s] Level 1:colcon.colcon_core.package_identification:_identify(test_bot) by extensions ['ros']
[0.234s] Level 1:colcon.colcon_core.package_identification:_identify(test_bot) by extension 'ros'
[0.235s] DEBUG:colcon.colcon_core.package_identification:Package 'test_bot' with type 'ros.ament_cmake' and name 'test_bot'
[0.235s] Level 1:colcon.colcon_core.package_discovery:discover_packages(recursive) using defaults
[0.235s] Level 1:colcon.colcon_core.package_discovery:discover_packages(ignore) discover
[0.235s] Level 1:colcon.colcon_core.package_discovery:discover_packages(ignore) using defaults
[0.235s] Level 1:colcon.colcon_core.package_discovery:discover_packages(path) discover
[0.235s] Level 1:colcon.colcon_core.package_discovery:discover_packages(path) using defaults
[0.250s] Level 1:colcon.colcon_core.package_discovery:discover_packages(prefix_path) check parameters
[0.250s] Level 1:colcon.colcon_core.package_discovery:discover_packages(prefix_path) discover
[0.251s] DEBUG:colcon.colcon_installed_package_information.package_discovery:Found 1 installed packages in /home/sbrt/ROS2-WS/test_bot/install
[0.253s] DEBUG:colcon.colcon_installed_package_information.package_discovery:Found 298 installed packages in /opt/ros/humble
[0.254s] Level 1:colcon.colcon_core.package_discovery:discover_packages(prefix_path) using defaults
[0.292s] Level 5:colcon.colcon_core.verb:set package 'test_bot' build argument 'cmake_args' from command line to 'None'
[0.292s] Level 5:colcon.colcon_core.verb:set package 'test_bot' build argument 'cmake_target' from command line to 'None'
[0.292s] Level 5:colcon.colcon_core.verb:set package 'test_bot' build argument 'cmake_target_skip_unavailable' from command line to 'False'
[0.292s] Level 5:colcon.colcon_core.verb:set package 'test_bot' build argument 'cmake_clean_cache' from command line to 'False'
[0.292s] Level 5:colcon.colcon_core.verb:set package 'test_bot' build argument 'cmake_clean_first' from command line to 'False'
[0.292s] Level 5:colcon.colcon_core.verb:set package 'test_bot' build argument 'cmake_force_configure' from command line to 'False'
[0.292s] Level 5:colcon.colcon_core.verb:set package 'test_bot' build argument 'ament_cmake_args' from command line to 'None'
[0.292s] Level 5:colcon.colcon_core.verb:set package 'test_bot' build argument 'catkin_cmake_args' from command line to 'None'
[0.293s] Level 5:colcon.colcon_core.verb:set package 'test_bot' build argument 'catkin_skip_building_tests' from command line to 'False'
[0.293s] DEBUG:colcon.colcon_core.verb:Building package 'test_bot' with the following arguments: {'ament_cmake_args': None, 'build_base': '/home/sbrt/ROS2-WS/build/test_bot', 'catkin_cmake_args': None, 'catkin_skip_building_tests': False, 'cmake_args': None, 'cmake_clean_cache': False, 'cmake_clean_first': False, 'cmake_force_configure': False, 'cmake_target': None, 'cmake_target_skip_unavailable': False, 'install_base': '/home/sbrt/ROS2-WS/install/test_bot', 'merge_install': False, 'path': '/home/sbrt/ROS2-WS/test_bot', 'symlink_install': False, 'test_result_base': None}
[0.293s] INFO:colcon.colcon_core.executor:Executing jobs using 'parallel' executor
[0.295s] DEBUG:colcon.colcon_parallel_executor.executor.parallel:run_until_complete
[0.295s] INFO:colcon.colcon_ros.task.ament_cmake.build:Building ROS package in '/home/sbrt/ROS2-WS/test_bot' with build type 'ament_cmake'
[0.295s] INFO:colcon.colcon_cmake.task.cmake.build:Building CMake package in '/home/sbrt/ROS2-WS/test_bot'
[0.298s] INFO:colcon.colcon_core.plugin_system:Skipping extension 'colcon_core.shell.bat': Not used on non-Windows systems
[0.298s] INFO:colcon.colcon_core.shell:Skip shell extension 'powershell' for command environment: Not usable outside of PowerShell
[0.298s] DEBUG:colcon.colcon_core.shell:Skip shell extension 'dsv' for command environment
[0.307s] DEBUG:colcon.colcon_core.event_handler.log_command:Invoking command in '/home/sbrt/ROS2-WS/build/test_bot': CMAKE_PREFIX_PATH=${CMAKE_PREFIX_PATH}:/opt/ros/humble /usr/bin/cmake --build /home/sbrt/ROS2-WS/build/test_bot -- -j16 -l16
[0.344s] DEBUG:colcon.colcon_core.event_handler.log_command:Invoked command in '/home/sbrt/ROS2-WS/build/test_bot' returned '0': CMAKE_PREFIX_PATH=${CMAKE_PREFIX_PATH}:/opt/ros/humble /usr/bin/cmake --build /home/sbrt/ROS2-WS/build/test_bot -- -j16 -l16
[0.380s] DEBUG:colcon.colcon_core.event_handler.log_command:Invoking command in '/home/sbrt/ROS2-WS/build/test_bot': CMAKE_PREFIX_PATH=${CMAKE_PREFIX_PATH}:/opt/ros/humble /usr/bin/cmake --install /home/sbrt/ROS2-WS/build/test_bot
[0.388s] Level 1:colcon.colcon_core.environment:create_environment_scripts_only(test_bot)
[0.389s] DEBUG:colcon.colcon_core.event_handler.log_command:Invoked command in '/home/sbrt/ROS2-WS/build/test_bot' returned '0': CMAKE_PREFIX_PATH=${CMAKE_PREFIX_PATH}:/opt/ros/humble /usr/bin/cmake --install /home/sbrt/ROS2-WS/build/test_bot
[0.392s] Level 1:colcon.colcon_core.environment:checking '/home/sbrt/ROS2-WS/install/test_bot' for CMake module files
[0.392s] Level 1:colcon.colcon_core.environment:checking '/home/sbrt/ROS2-WS/install/test_bot' for CMake config files
[0.392s] Level 1:colcon.colcon_core.shell:create_environment_hook('test_bot', 'cmake_prefix_path')
[0.393s] INFO:colcon.colcon_core.shell:Creating environment hook '/home/sbrt/ROS2-WS/install/test_bot/share/test_bot/hook/cmake_prefix_path.ps1'
[0.393s] INFO:colcon.colcon_core.shell:Creating environment descriptor '/home/sbrt/ROS2-WS/install/test_bot/share/test_bot/hook/cmake_prefix_path.dsv'
[0.393s] INFO:colcon.colcon_core.shell:Creating environment hook '/home/sbrt/ROS2-WS/install/test_bot/share/test_bot/hook/cmake_prefix_path.sh'
[0.394s] Level 1:colcon.colcon_core.environment:checking '/home/sbrt/ROS2-WS/install/test_bot/bin'
[0.394s] Level 1:colcon.colcon_core.environment:checking '/home/sbrt/ROS2-WS/install/test_bot/lib/pkgconfig/test_bot.pc'
[0.394s] Level 1:colcon.colcon_core.environment:checking '/home/sbrt/ROS2-WS/install/test_bot/lib/python3.10/site-packages'
[0.394s] Level 1:colcon.colcon_core.environment:checking '/home/sbrt/ROS2-WS/install/test_bot/bin'
[0.395s] INFO:colcon.colcon_core.shell:Creating package script '/home/sbrt/ROS2-WS/install/test_bot/share/test_bot/package.ps1'
[0.396s] INFO:colcon.colcon_core.shell:Creating package descriptor '/home/sbrt/ROS2-WS/install/test_bot/share/test_bot/package.dsv'
[0.396s] INFO:colcon.colcon_core.shell:Creating package script '/home/sbrt/ROS2-WS/install/test_bot/share/test_bot/package.sh'
[0.396s] INFO:colcon.colcon_core.shell:Creating package script '/home/sbrt/ROS2-WS/install/test_bot/share/test_bot/package.bash'
[0.397s] INFO:colcon.colcon_core.shell:Creating package script '/home/sbrt/ROS2-WS/install/test_bot/share/test_bot/package.zsh'
[0.397s] Level 1:colcon.colcon_core.environment:create_file_with_runtime_dependencies(/home/sbrt/ROS2-WS/install/test_bot/share/colcon-core/packages/test_bot)
[0.425s] Level 1:colcon.colcon_core.environment:create_environment_scripts_only(test_bot)
[0.426s] Level 1:colcon.colcon_core.environment:checking '/home/sbrt/ROS2-WS/install/test_bot' for CMake module files
[0.426s] Level 1:colcon.colcon_core.environment:checking '/home/sbrt/ROS2-WS/install/test_bot' for CMake config files
[0.426s] Level 1:colcon.colcon_core.shell:create_environment_hook('test_bot', 'cmake_prefix_path')
[0.427s] INFO:colcon.colcon_core.shell:Creating environment hook '/home/sbrt/ROS2-WS/install/test_bot/share/test_bot/hook/cmake_prefix_path.ps1'
[0.427s] INFO:colcon.colcon_core.shell:Creating environment descriptor '/home/sbrt/ROS2-WS/install/test_bot/share/test_bot/hook/cmake_prefix_path.dsv'
[0.428s] INFO:colcon.colcon_core.shell:Creating environment hook '/home/sbrt/ROS2-WS/install/test_bot/share/test_bot/hook/cmake_prefix_path.sh'
[0.428s] Level 1:colcon.colcon_core.environment:checking '/home/sbrt/ROS2-WS/install/test_bot/bin'
[0.428s] Level 1:colcon.colcon_core.environment:checking '/home/sbrt/ROS2-WS/install/test_bot/lib/pkgconfig/test_bot.pc'
[0.428s] Level 1:colcon.colcon_core.environment:checking '/home/sbrt/ROS2-WS/install/test_bot/lib/python3.10/site-packages'
[0.428s] Level 1:colcon.colcon_core.environment:checking '/home/sbrt/ROS2-WS/install/test_bot/bin'
[0.429s] INFO:colcon.colcon_core.shell:Creating package script '/home/sbrt/ROS2-WS/install/test_bot/share/test_bot/package.ps1'
[0.429s] INFO:colcon.colcon_core.shell:Creating package descriptor '/home/sbrt/ROS2-WS/install/test_bot/share/test_bot/package.dsv'
[0.429s] INFO:colcon.colcon_core.shell:Creating package script '/home/sbrt/ROS2-WS/install/test_bot/share/test_bot/package.sh'
[0.430s] INFO:colcon.colcon_core.shell:Creating package script '/home/sbrt/ROS2-WS/install/test_bot/share/test_bot/package.bash'
[0.430s] INFO:colcon.colcon_core.shell:Creating package script '/home/sbrt/ROS2-WS/install/test_bot/share/test_bot/package.zsh'
[0.430s] Level 1:colcon.colcon_core.environment:create_file_with_runtime_dependencies(/home/sbrt/ROS2-WS/install/test_bot/share/colcon-core/packages/test_bot)
[0.430s] DEBUG:colcon.colcon_parallel_executor.executor.parallel:closing loop
[0.431s] DEBUG:colcon.colcon_parallel_executor.executor.parallel:loop closed
[0.431s] DEBUG:colcon.colcon_parallel_executor.executor.parallel:run_until_complete finished with '0'
[0.431s] DEBUG:colcon.colcon_core.event_reactor:joining thread
[0.435s] INFO:colcon.colcon_core.plugin_system:Skipping extension 'colcon_notification.desktop_notification.terminal_notifier': Not used on non-Darwin systems
[0.435s] INFO:colcon.colcon_core.plugin_system:Skipping extension 'colcon_notification.desktop_notification.win32': Not used on non-Windows systems
[0.435s] INFO:colcon.colcon_notification.desktop_notification:Sending desktop notification using 'notify2'
[0.444s] DEBUG:colcon.colcon_core.event_reactor:joined thread
[0.446s] INFO:colcon.colcon_core.shell:Creating prefix script '/home/sbrt/ROS2-WS/install/local_setup.ps1'
[0.446s] INFO:colcon.colcon_core.shell:Creating prefix util module '/home/sbrt/ROS2-WS/install/_local_setup_util_ps1.py'
[0.447s] INFO:colcon.colcon_core.shell:Creating prefix chain script '/home/sbrt/ROS2-WS/install/setup.ps1'
[0.448s] INFO:colcon.colcon_core.shell:Creating prefix script '/home/sbrt/ROS2-WS/install/local_setup.sh'
[0.448s] INFO:colcon.colcon_core.shell:Creating prefix util module '/home/sbrt/ROS2-WS/install/_local_setup_util_sh.py'
[0.448s] INFO:colcon.colcon_core.shell:Creating prefix chain script '/home/sbrt/ROS2-WS/install/setup.sh'
[0.449s] INFO:colcon.colcon_core.shell:Creating prefix script '/home/sbrt/ROS2-WS/install/local_setup.bash'
[0.450s] INFO:colcon.colcon_core.shell:Creating prefix chain script '/home/sbrt/ROS2-WS/install/setup.bash'
[0.450s] INFO:colcon.colcon_core.shell:Creating prefix script '/home/sbrt/ROS2-WS/install/local_setup.zsh'
[0.451s] INFO:colcon.colcon_core.shell:Creating prefix chain script '/home/sbrt/ROS2-WS/install/setup.zsh'
