[0.239s] DEBUG:colcon:Command line arguments: ['/usr/bin/colcon', 'build']
[0.239s] DEBUG:colcon:Parsed command line arguments: Namespace(log_base=None, log_level=None, verb_name='build', build_base='build', install_base='install', merge_install=False, symlink_install=False, test_result_base=None, continue_on_error=False, executor='parallel', parallel_workers=16, event_handlers=None, ignore_user_meta=False, metas=['./colcon.meta'], base_paths=['.'], packages_ignore=None, packages_ignore_regex=None, paths=None, packages_up_to=None, packages_up_to_regex=None, packages_above=None, packages_above_and_dependencies=None, packages_above_depth=None, packages_select_by_dep=None, packages_skip_by_dep=None, packages_skip_up_to=None, packages_select_build_failed=False, packages_skip_build_finished=False, packages_select_test_failures=False, packages_skip_test_passed=False, packages_select=None, packages_skip=None, packages_select_regex=None, packages_skip_regex=None, packages_start=None, packages_end=None, allow_overriding=[], cmake_args=None, cmake_target=None, cmake_target_skip_unavailable=False, cmake_clean_cache=False, cmake_clean_first=False, cmake_force_configure=False, ament_cmake_args=None, catkin_cmake_args=None, catkin_skip_building_tests=False, verb_parser=<colcon_defaults.argument_parser.defaults.DefaultArgumentsDecorator object at 0x7f95d4690a90>, verb_extension=<colcon_core.verb.build.BuildVerb object at 0x7f95d4eaa290>, main=<bound method BuildVerb.main of <colcon_core.verb.build.BuildVerb object at 0x7f95d4eaa290>>)
[0.261s] Level 1:colcon.colcon_core.package_discovery:discover_packages(colcon_meta) check parameters
[0.261s] Level 1:colcon.colcon_core.package_discovery:discover_packages(recursive) check parameters
[0.261s] Level 1:colcon.colcon_core.package_discovery:discover_packages(ignore) check parameters
[0.261s] Level 1:colcon.colcon_core.package_discovery:discover_packages(path) check parameters
[0.261s] Level 1:colcon.colcon_core.package_discovery:discover_packages(colcon_meta) discover
[0.261s] Level 1:colcon.colcon_core.package_discovery:discover_packages(recursive) discover
[0.261s] INFO:colcon.colcon_core.package_discovery:Crawling recursively for packages in '/home/sbrt/ROS2-WS'
[0.261s] Level 1:colcon.colcon_core.package_identification:_identify(.) by extensions ['ignore', 'ignore_ament_install']
[0.261s] Level 1:colcon.colcon_core.package_identification:_identify(.) by extension 'ignore'
[0.262s] Level 1:colcon.colcon_core.package_identification:_identify(.) by extension 'ignore_ament_install'
[0.262s] Level 1:colcon.colcon_core.package_identification:_identify(.) by extensions ['colcon_pkg']
[0.262s] Level 1:colcon.colcon_core.package_identification:_identify(.) by extension 'colcon_pkg'
[0.262s] Level 1:colcon.colcon_core.package_identification:_identify(.) by extensions ['colcon_meta']
[0.262s] Level 1:colcon.colcon_core.package_identification:_identify(.) by extension 'colcon_meta'
[0.262s] Level 1:colcon.colcon_core.package_identification:_identify(.) by extensions ['ros']
[0.262s] Level 1:colcon.colcon_core.package_identification:_identify(.) by extension 'ros'
[0.269s] Level 1:colcon.colcon_core.package_identification:_identify(.) by extensions ['cmake', 'python']
[0.269s] Level 1:colcon.colcon_core.package_identification:_identify(.) by extension 'cmake'
[0.269s] Level 1:colcon.colcon_core.package_identification:_identify(.) by extension 'python'
[0.269s] Level 1:colcon.colcon_core.package_identification:_identify(.) by extensions ['python_setup_py']
[0.269s] Level 1:colcon.colcon_core.package_identification:_identify(.) by extension 'python_setup_py'
[0.269s] Level 1:colcon.colcon_core.package_identification:_identify(build) by extensions ['ignore', 'ignore_ament_install']
[0.269s] Level 1:colcon.colcon_core.package_identification:_identify(build) by extension 'ignore'
[0.269s] Level 1:colcon.colcon_core.package_identification:_identify(build) ignored
[0.269s] Level 1:colcon.colcon_core.package_identification:_identify(install) by extensions ['ignore', 'ignore_ament_install']
[0.269s] Level 1:colcon.colcon_core.package_identification:_identify(install) by extension 'ignore'
[0.269s] Level 1:colcon.colcon_core.package_identification:_identify(install) ignored
[0.269s] Level 1:colcon.colcon_core.package_identification:_identify(log) by extensions ['ignore', 'ignore_ament_install']
[0.269s] Level 1:colcon.colcon_core.package_identification:_identify(log) by extension 'ignore'
[0.269s] Level 1:colcon.colcon_core.package_identification:_identify(log) ignored
[0.269s] Level 1:colcon.colcon_core.package_identification:_identify(test_bot) by extensions ['ignore', 'ignore_ament_install']
[0.270s] Level 1:colcon.colcon_core.package_identification:_identify(test_bot) by extension 'ignore'
[0.270s] Level 1:colcon.colcon_core.package_identification:_identify(test_bot) by extension 'ignore_ament_install'
[0.270s] Level 1:colcon.colcon_core.package_identification:_identify(test_bot) by extensions ['colcon_pkg']
[0.270s] Level 1:colcon.colcon_core.package_identification:_identify(test_bot) by extension 'colcon_pkg'
[0.270s] Level 1:colcon.colcon_core.package_identification:_identify(test_bot) by extensions ['colcon_meta']
[0.270s] Level 1:colcon.colcon_core.package_identification:_identify(test_bot) by extension 'colcon_meta'
[0.270s] Level 1:colcon.colcon_core.package_identification:_identify(test_bot) by extensions ['ros']
[0.270s] Level 1:colcon.colcon_core.package_identification:_identify(test_bot) by extension 'ros'
[0.271s] DEBUG:colcon.colcon_core.package_identification:Package 'test_bot' with type 'ros.ament_cmake' and name 'test_bot'
[0.271s] Level 1:colcon.colcon_core.package_discovery:discover_packages(recursive) using defaults
[0.271s] Level 1:colcon.colcon_core.package_discovery:discover_packages(ignore) discover
[0.271s] Level 1:colcon.colcon_core.package_discovery:discover_packages(ignore) using defaults
[0.271s] Level 1:colcon.colcon_core.package_discovery:discover_packages(path) discover
[0.271s] Level 1:colcon.colcon_core.package_discovery:discover_packages(path) using defaults
[0.286s] Level 1:colcon.colcon_core.package_discovery:discover_packages(prefix_path) check parameters
[0.286s] Level 1:colcon.colcon_core.package_discovery:discover_packages(prefix_path) discover
[0.288s] DEBUG:colcon.colcon_installed_package_information.package_discovery:Found 298 installed packages in /opt/ros/humble
[0.289s] Level 1:colcon.colcon_core.package_discovery:discover_packages(prefix_path) using defaults
[0.328s] Level 5:colcon.colcon_core.verb:set package 'test_bot' build argument 'cmake_args' from command line to 'None'
[0.328s] Level 5:colcon.colcon_core.verb:set package 'test_bot' build argument 'cmake_target' from command line to 'None'
[0.328s] Level 5:colcon.colcon_core.verb:set package 'test_bot' build argument 'cmake_target_skip_unavailable' from command line to 'False'
[0.328s] Level 5:colcon.colcon_core.verb:set package 'test_bot' build argument 'cmake_clean_cache' from command line to 'False'
[0.328s] Level 5:colcon.colcon_core.verb:set package 'test_bot' build argument 'cmake_clean_first' from command line to 'False'
[0.328s] Level 5:colcon.colcon_core.verb:set package 'test_bot' build argument 'cmake_force_configure' from command line to 'False'
[0.328s] Level 5:colcon.colcon_core.verb:set package 'test_bot' build argument 'ament_cmake_args' from command line to 'None'
[0.328s] Level 5:colcon.colcon_core.verb:set package 'test_bot' build argument 'catkin_cmake_args' from command line to 'None'
[0.328s] Level 5:colcon.colcon_core.verb:set package 'test_bot' build argument 'catkin_skip_building_tests' from command line to 'False'
[0.328s] DEBUG:colcon.colcon_core.verb:Building package 'test_bot' with the following arguments: {'ament_cmake_args': None, 'build_base': '/home/sbrt/ROS2-WS/build/test_bot', 'catkin_cmake_args': None, 'catkin_skip_building_tests': False, 'cmake_args': None, 'cmake_clean_cache': False, 'cmake_clean_first': False, 'cmake_force_configure': False, 'cmake_target': None, 'cmake_target_skip_unavailable': False, 'install_base': '/home/sbrt/ROS2-WS/install/test_bot', 'merge_install': False, 'path': '/home/sbrt/ROS2-WS/test_bot', 'symlink_install': False, 'test_result_base': None}
[0.328s] INFO:colcon.colcon_core.executor:Executing jobs using 'parallel' executor
[0.330s] DEBUG:colcon.colcon_parallel_executor.executor.parallel:run_until_complete
[0.330s] INFO:colcon.colcon_ros.task.ament_cmake.build:Building ROS package in '/home/sbrt/ROS2-WS/test_bot' with build type 'ament_cmake'
[0.331s] INFO:colcon.colcon_cmake.task.cmake.build:Building CMake package in '/home/sbrt/ROS2-WS/test_bot'
[0.333s] INFO:colcon.colcon_core.plugin_system:Skipping extension 'colcon_core.shell.bat': Not used on non-Windows systems
[0.333s] INFO:colcon.colcon_core.shell:Skip shell extension 'powershell' for command environment: Not usable outside of PowerShell
[0.333s] DEBUG:colcon.colcon_core.shell:Skip shell extension 'dsv' for command environment
[0.341s] DEBUG:colcon.colcon_core.event_handler.log_command:Invoking command in '/home/sbrt/ROS2-WS/build/test_bot': CMAKE_PREFIX_PATH=/opt/ros/humble /usr/bin/cmake /home/sbrt/ROS2-WS/test_bot -DCMAKE_INSTALL_PREFIX=/home/sbrt/ROS2-WS/install/test_bot
[0.881s] DEBUG:colcon.colcon_core.event_handler.log_command:Invoked command in '/home/sbrt/ROS2-WS/build/test_bot' returned '0': CMAKE_PREFIX_PATH=/opt/ros/humble /usr/bin/cmake /home/sbrt/ROS2-WS/test_bot -DCMAKE_INSTALL_PREFIX=/home/sbrt/ROS2-WS/install/test_bot
[0.883s] DEBUG:colcon.colcon_core.event_handler.log_command:Invoking command in '/home/sbrt/ROS2-WS/build/test_bot': CMAKE_PREFIX_PATH=/opt/ros/humble /usr/bin/cmake --build /home/sbrt/ROS2-WS/build/test_bot -- -j16 -l16
[0.917s] DEBUG:colcon.colcon_core.event_handler.log_command:Invoked command in '/home/sbrt/ROS2-WS/build/test_bot' returned '0': CMAKE_PREFIX_PATH=/opt/ros/humble /usr/bin/cmake --build /home/sbrt/ROS2-WS/build/test_bot -- -j16 -l16
[0.951s] DEBUG:colcon.colcon_core.event_handler.log_command:Invoking command in '/home/sbrt/ROS2-WS/build/test_bot': CMAKE_PREFIX_PATH=/opt/ros/humble /usr/bin/cmake --install /home/sbrt/ROS2-WS/build/test_bot
[0.960s] Level 1:colcon.colcon_core.environment:create_environment_scripts_only(test_bot)
[0.962s] DEBUG:colcon.colcon_core.event_handler.log_command:Invoked command in '/home/sbrt/ROS2-WS/build/test_bot' returned '0': CMAKE_PREFIX_PATH=/opt/ros/humble /usr/bin/cmake --install /home/sbrt/ROS2-WS/build/test_bot
[0.964s] Level 1:colcon.colcon_core.environment:checking '/home/sbrt/ROS2-WS/install/test_bot' for CMake module files
[0.964s] Level 1:colcon.colcon_core.environment:checking '/home/sbrt/ROS2-WS/install/test_bot' for CMake config files
[0.964s] Level 1:colcon.colcon_core.shell:create_environment_hook('test_bot', 'cmake_prefix_path')
[0.965s] INFO:colcon.colcon_core.shell:Creating environment hook '/home/sbrt/ROS2-WS/install/test_bot/share/test_bot/hook/cmake_prefix_path.ps1'
[0.965s] INFO:colcon.colcon_core.shell:Creating environment descriptor '/home/sbrt/ROS2-WS/install/test_bot/share/test_bot/hook/cmake_prefix_path.dsv'
[0.966s] INFO:colcon.colcon_core.shell:Creating environment hook '/home/sbrt/ROS2-WS/install/test_bot/share/test_bot/hook/cmake_prefix_path.sh'
[0.966s] Level 1:colcon.colcon_core.environment:checking '/home/sbrt/ROS2-WS/install/test_bot/bin'
[0.966s] Level 1:colcon.colcon_core.environment:checking '/home/sbrt/ROS2-WS/install/test_bot/lib/pkgconfig/test_bot.pc'
[0.966s] Level 1:colcon.colcon_core.environment:checking '/home/sbrt/ROS2-WS/install/test_bot/lib/python3.10/site-packages'
[0.967s] Level 1:colcon.colcon_core.environment:checking '/home/sbrt/ROS2-WS/install/test_bot/bin'
[0.967s] INFO:colcon.colcon_core.shell:Creating package script '/home/sbrt/ROS2-WS/install/test_bot/share/test_bot/package.ps1'
[0.968s] INFO:colcon.colcon_core.shell:Creating package descriptor '/home/sbrt/ROS2-WS/install/test_bot/share/test_bot/package.dsv'
[0.968s] INFO:colcon.colcon_core.shell:Creating package script '/home/sbrt/ROS2-WS/install/test_bot/share/test_bot/package.sh'
[0.968s] INFO:colcon.colcon_core.shell:Creating package script '/home/sbrt/ROS2-WS/install/test_bot/share/test_bot/package.bash'
[0.969s] INFO:colcon.colcon_core.shell:Creating package script '/home/sbrt/ROS2-WS/install/test_bot/share/test_bot/package.zsh'
[0.969s] Level 1:colcon.colcon_core.environment:create_file_with_runtime_dependencies(/home/sbrt/ROS2-WS/install/test_bot/share/colcon-core/packages/test_bot)
[0.995s] Level 1:colcon.colcon_core.environment:create_environment_scripts_only(test_bot)
[0.996s] Level 1:colcon.colcon_core.environment:checking '/home/sbrt/ROS2-WS/install/test_bot' for CMake module files
[0.996s] Level 1:colcon.colcon_core.environment:checking '/home/sbrt/ROS2-WS/install/test_bot' for CMake config files
[0.997s] Level 1:colcon.colcon_core.shell:create_environment_hook('test_bot', 'cmake_prefix_path')
[0.997s] INFO:colcon.colcon_core.shell:Creating environment hook '/home/sbrt/ROS2-WS/install/test_bot/share/test_bot/hook/cmake_prefix_path.ps1'
[0.998s] INFO:colcon.colcon_core.shell:Creating environment descriptor '/home/sbrt/ROS2-WS/install/test_bot/share/test_bot/hook/cmake_prefix_path.dsv'
[0.998s] INFO:colcon.colcon_core.shell:Creating environment hook '/home/sbrt/ROS2-WS/install/test_bot/share/test_bot/hook/cmake_prefix_path.sh'
[0.998s] Level 1:colcon.colcon_core.environment:checking '/home/sbrt/ROS2-WS/install/test_bot/bin'
[0.998s] Level 1:colcon.colcon_core.environment:checking '/home/sbrt/ROS2-WS/install/test_bot/lib/pkgconfig/test_bot.pc'
[0.998s] Level 1:colcon.colcon_core.environment:checking '/home/sbrt/ROS2-WS/install/test_bot/lib/python3.10/site-packages'
[0.998s] Level 1:colcon.colcon_core.environment:checking '/home/sbrt/ROS2-WS/install/test_bot/bin'
[0.999s] INFO:colcon.colcon_core.shell:Creating package script '/home/sbrt/ROS2-WS/install/test_bot/share/test_bot/package.ps1'
[0.999s] INFO:colcon.colcon_core.shell:Creating package descriptor '/home/sbrt/ROS2-WS/install/test_bot/share/test_bot/package.dsv'
[1.000s] INFO:colcon.colcon_core.shell:Creating package script '/home/sbrt/ROS2-WS/install/test_bot/share/test_bot/package.sh'
[1.000s] INFO:colcon.colcon_core.shell:Creating package script '/home/sbrt/ROS2-WS/install/test_bot/share/test_bot/package.bash'
[1.000s] INFO:colcon.colcon_core.shell:Creating package script '/home/sbrt/ROS2-WS/install/test_bot/share/test_bot/package.zsh'
[1.000s] Level 1:colcon.colcon_core.environment:create_file_with_runtime_dependencies(/home/sbrt/ROS2-WS/install/test_bot/share/colcon-core/packages/test_bot)
[1.001s] DEBUG:colcon.colcon_parallel_executor.executor.parallel:closing loop
[1.001s] DEBUG:colcon.colcon_parallel_executor.executor.parallel:loop closed
[1.001s] DEBUG:colcon.colcon_parallel_executor.executor.parallel:run_until_complete finished with '0'
[1.001s] DEBUG:colcon.colcon_core.event_reactor:joining thread
[1.005s] INFO:colcon.colcon_core.plugin_system:Skipping extension 'colcon_notification.desktop_notification.terminal_notifier': Not used on non-Darwin systems
[1.005s] INFO:colcon.colcon_core.plugin_system:Skipping extension 'colcon_notification.desktop_notification.win32': Not used on non-Windows systems
[1.005s] INFO:colcon.colcon_notification.desktop_notification:Sending desktop notification using 'notify2'
[1.013s] DEBUG:colcon.colcon_core.event_reactor:joined thread
[1.014s] INFO:colcon.colcon_core.shell:Creating prefix script '/home/sbrt/ROS2-WS/install/local_setup.ps1'
[1.015s] INFO:colcon.colcon_core.shell:Creating prefix util module '/home/sbrt/ROS2-WS/install/_local_setup_util_ps1.py'
[1.016s] INFO:colcon.colcon_core.shell:Creating prefix chain script '/home/sbrt/ROS2-WS/install/setup.ps1'
[1.016s] INFO:colcon.colcon_core.shell:Creating prefix script '/home/sbrt/ROS2-WS/install/local_setup.sh'
[1.017s] INFO:colcon.colcon_core.shell:Creating prefix util module '/home/sbrt/ROS2-WS/install/_local_setup_util_sh.py'
[1.017s] INFO:colcon.colcon_core.shell:Creating prefix chain script '/home/sbrt/ROS2-WS/install/setup.sh'
[1.018s] INFO:colcon.colcon_core.shell:Creating prefix script '/home/sbrt/ROS2-WS/install/local_setup.bash'
[1.018s] INFO:colcon.colcon_core.shell:Creating prefix chain script '/home/sbrt/ROS2-WS/install/setup.bash'
[1.019s] INFO:colcon.colcon_core.shell:Creating prefix script '/home/sbrt/ROS2-WS/install/local_setup.zsh'
[1.019s] INFO:colcon.colcon_core.shell:Creating prefix chain script '/home/sbrt/ROS2-WS/install/setup.zsh'
