[0.043s] Invoking command in '/home/shrujan/Desktop/SBRT/urdf_ros2_ws/src/build/tetra_description': CMAKE_PREFIX_PATH=/opt/ros/humble /usr/bin/cmake /home/shrujan/Desktop/SBRT/urdf_ros2_ws/src/tetra_description -DCMAKE_INSTALL_PREFIX=/home/shrujan/Desktop/SBRT/urdf_ros2_ws/src/install/tetra_description
[0.090s] -- The C compiler identification is GNU 11.4.0
[0.141s] -- The CXX compiler identification is GNU 11.4.0
[0.147s] -- Detecting C compiler ABI info
[0.205s] -- Detecting C compiler ABI info - done
[0.210s] -- Check for working C compiler: /usr/bin/cc - skipped
[0.210s] -- Detecting C compile features
[0.210s] -- Detecting C compile features - done
[0.212s] -- Detecting CXX compiler ABI info
[0.281s] -- Detecting CXX compiler ABI info - done
[0.286s] -- Check for working CXX compiler: /usr/bin/c++ - skipped
[0.287s] -- Detecting CXX compile features
[0.287s] -- Detecting CXX compile features - done
[0.292s] -- Found ament_cmake: 1.3.5 (/opt/ros/humble/share/ament_cmake/cmake)
[0.421s] -- Found Python3: /usr/bin/python3.10 (found version "3.10.12") found components: Interpreter 
[0.483s] -- Found ament_lint_auto: 0.12.8 (/opt/ros/humble/share/ament_lint_auto/cmake)
[0.546s] -- Added test 'lint_cmake' to check CMake code style
[0.548s] -- Added test 'xmllint' to check XML markup files
[0.549s] -- Configuring done
[0.552s] -- Generating done
[0.553s] -- Build files have been written to: /home/shrujan/Desktop/SBRT/urdf_ros2_ws/src/build/tetra_description
[0.557s] Invoked command in '/home/shrujan/Desktop/SBRT/urdf_ros2_ws/src/build/tetra_description' returned '0': CMAKE_PREFIX_PATH=/opt/ros/humble /usr/bin/cmake /home/shrujan/Desktop/SBRT/urdf_ros2_ws/src/tetra_description -DCMAKE_INSTALL_PREFIX=/home/shrujan/Desktop/SBRT/urdf_ros2_ws/src/install/tetra_description
[0.558s] Invoking command in '/home/shrujan/Desktop/SBRT/urdf_ros2_ws/src/build/tetra_description': CMAKE_PREFIX_PATH=/opt/ros/humble /usr/bin/cmake --build /home/shrujan/Desktop/SBRT/urdf_ros2_ws/src/build/tetra_description -- -j16 -l16
[0.592s] Invoked command in '/home/shrujan/Desktop/SBRT/urdf_ros2_ws/src/build/tetra_description' returned '0': CMAKE_PREFIX_PATH=/opt/ros/humble /usr/bin/cmake --build /home/shrujan/Desktop/SBRT/urdf_ros2_ws/src/build/tetra_description -- -j16 -l16
[0.621s] Invoking command in '/home/shrujan/Desktop/SBRT/urdf_ros2_ws/src/build/tetra_description': CMAKE_PREFIX_PATH=/opt/ros/humble /usr/bin/cmake --install /home/shrujan/Desktop/SBRT/urdf_ros2_ws/src/build/tetra_description
[0.626s] -- Install configuration: ""
[0.626s] -- Installing: /home/shrujan/Desktop/SBRT/urdf_ros2_ws/src/install/tetra_description/share/tetra_description/meshes
[0.627s] -- Installing: /home/shrujan/Desktop/SBRT/urdf_ros2_ws/src/install/tetra_description/share/tetra_description/meshes/ARMFINAL_basePlatform_v1_1.stl
[0.627s] -- Installing: /home/shrujan/Desktop/SBRT/urdf_ros2_ws/src/install/tetra_description/share/tetra_description/meshes/ARMFINAL_baseOuter1_v1_1.stl
[0.627s] -- Installing: /home/shrujan/Desktop/SBRT/urdf_ros2_ws/src/install/tetra_description/share/tetra_description/meshes/sprocket_v1__2__1.stl
[0.627s] -- Installing: /home/shrujan/Desktop/SBRT/urdf_ros2_ws/src/install/tetra_description/share/tetra_description/meshes/drive_housing_v2__1__1.stl
[0.627s] -- Installing: /home/shrujan/Desktop/SBRT/urdf_ros2_ws/src/install/tetra_description/share/tetra_description/meshes/ARMFINAL_1401-0043-0032_assembly_v1__1__1.stl
[0.629s] -- Installing: /home/shrujan/Desktop/SBRT/urdf_ros2_ws/src/install/tetra_description/share/tetra_description/meshes/ARMFINAL_upperArmHinge_v1_1.stl
[0.629s] -- Installing: /home/shrujan/Desktop/SBRT/urdf_ros2_ws/src/install/tetra_description/share/tetra_description/meshes/backFlipper_v2_1.stl
[0.629s] -- Installing: /home/shrujan/Desktop/SBRT/urdf_ros2_ws/src/install/tetra_description/share/tetra_description/meshes/sprocket_v1__3__1.stl
[0.630s] -- Installing: /home/shrujan/Desktop/SBRT/urdf_ros2_ws/src/install/tetra_description/share/tetra_description/meshes/ebox_v1_1.stl
[0.630s] -- Installing: /home/shrujan/Desktop/SBRT/urdf_ros2_ws/src/install/tetra_description/share/tetra_description/meshes/backFlipper_v2__2__1.stl
[0.630s] -- Installing: /home/shrujan/Desktop/SBRT/urdf_ros2_ws/src/install/tetra_description/share/tetra_description/meshes/ARMFINAL_baseAxle_v1_1.stl
[0.630s] -- Installing: /home/shrujan/Desktop/SBRT/urdf_ros2_ws/src/install/tetra_description/share/tetra_description/meshes/base_link.stl
[0.630s] -- Installing: /home/shrujan/Desktop/SBRT/urdf_ros2_ws/src/install/tetra_description/share/tetra_description/meshes/sprocket_v1_1.stl
[0.630s] -- Installing: /home/shrujan/Desktop/SBRT/urdf_ros2_ws/src/install/tetra_description/share/tetra_description/meshes/ARMFINAL_LowerArmPlate_v1_1.stl
[0.631s] -- Installing: /home/shrujan/Desktop/SBRT/urdf_ros2_ws/src/install/tetra_description/share/tetra_description/meshes/drive_housing_v2_1.stl
[0.631s] -- Installing: /home/shrujan/Desktop/SBRT/urdf_ros2_ws/src/install/tetra_description/share/tetra_description/meshes/sprocket_v1__1__1.stl
[0.631s] -- Installing: /home/shrujan/Desktop/SBRT/urdf_ros2_ws/src/install/tetra_description/share/tetra_description/meshes/ARMFINAL_1401-0043-0032_assembly_v1_1.stl
[0.632s] -- Installing: /home/shrujan/Desktop/SBRT/urdf_ros2_ws/src/install/tetra_description/share/tetra_description/meshes/backFlipper_v2__3__1.stl
[0.632s] -- Installing: /home/shrujan/Desktop/SBRT/urdf_ros2_ws/src/install/tetra_description/share/tetra_description/meshes/ARMFINAL_LowerArmPlate_v1__1__1.stl
[0.633s] -- Installing: /home/shrujan/Desktop/SBRT/urdf_ros2_ws/src/install/tetra_description/share/tetra_description/meshes/ARMFINAL_1516-4008-0800_v1_1.stl
[0.633s] -- Installing: /home/shrujan/Desktop/SBRT/urdf_ros2_ws/src/install/tetra_description/share/tetra_description/meshes/backFlipper_v2__1__1.stl
[0.633s] -- Installing: /home/shrujan/Desktop/SBRT/urdf_ros2_ws/src/install/tetra_description/share/tetra_description/meshes/ARMFINAL_baseOuter_v1_1.stl
[0.634s] -- Installing: /home/shrujan/Desktop/SBRT/urdf_ros2_ws/src/install/tetra_description/share/tetra_description/urdf
[0.634s] -- Installing: /home/shrujan/Desktop/SBRT/urdf_ros2_ws/src/install/tetra_description/share/tetra_description/urdf/simple_dexter_driveTrain.gazebo
[0.634s] -- Installing: /home/shrujan/Desktop/SBRT/urdf_ros2_ws/src/install/tetra_description/share/tetra_description/urdf/simple_dexter_driveTrain.xacro
[0.634s] -- Installing: /home/shrujan/Desktop/SBRT/urdf_ros2_ws/src/install/tetra_description/share/tetra_description/urdf/materials.xacro
[0.634s] -- Installing: /home/shrujan/Desktop/SBRT/urdf_ros2_ws/src/install/tetra_description/share/tetra_description/urdf/simple_dexter_driveTrain.trans
[0.634s] -- Installing: /home/shrujan/Desktop/SBRT/urdf_ros2_ws/src/install/tetra_description/share/tetra_description/urdf/test.urdf
[0.634s] -- Installing: /home/shrujan/Desktop/SBRT/urdf_ros2_ws/src/install/tetra_description/share/tetra_description/urdf/multipleshapes.urdf
[0.635s] -- Installing: /home/shrujan/Desktop/SBRT/urdf_ros2_ws/src/install/tetra_description/share/ament_index/resource_index/package_run_dependencies/tetra_description
[0.635s] -- Installing: /home/shrujan/Desktop/SBRT/urdf_ros2_ws/src/install/tetra_description/share/ament_index/resource_index/parent_prefix_path/tetra_description
[0.635s] -- Installing: /home/shrujan/Desktop/SBRT/urdf_ros2_ws/src/install/tetra_description/share/tetra_description/environment/ament_prefix_path.sh
[0.635s] -- Installing: /home/shrujan/Desktop/SBRT/urdf_ros2_ws/src/install/tetra_description/share/tetra_description/environment/ament_prefix_path.dsv
[0.635s] -- Installing: /home/shrujan/Desktop/SBRT/urdf_ros2_ws/src/install/tetra_description/share/tetra_description/environment/path.sh
[0.635s] -- Installing: /home/shrujan/Desktop/SBRT/urdf_ros2_ws/src/install/tetra_description/share/tetra_description/environment/path.dsv
[0.635s] -- Installing: /home/shrujan/Desktop/SBRT/urdf_ros2_ws/src/install/tetra_description/share/tetra_description/local_setup.bash
[0.636s] -- Installing: /home/shrujan/Desktop/SBRT/urdf_ros2_ws/src/install/tetra_description/share/tetra_description/local_setup.sh
[0.636s] -- Installing: /home/shrujan/Desktop/SBRT/urdf_ros2_ws/src/install/tetra_description/share/tetra_description/local_setup.zsh
[0.636s] -- Installing: /home/shrujan/Desktop/SBRT/urdf_ros2_ws/src/install/tetra_description/share/tetra_description/local_setup.dsv
[0.636s] -- Installing: /home/shrujan/Desktop/SBRT/urdf_ros2_ws/src/install/tetra_description/share/tetra_description/package.dsv
[0.636s] -- Installing: /home/shrujan/Desktop/SBRT/urdf_ros2_ws/src/install/tetra_description/share/ament_index/resource_index/packages/tetra_description
[0.636s] -- Installing: /home/shrujan/Desktop/SBRT/urdf_ros2_ws/src/install/tetra_description/share/tetra_description/cmake/tetra_descriptionConfig.cmake
[0.637s] -- Installing: /home/shrujan/Desktop/SBRT/urdf_ros2_ws/src/install/tetra_description/share/tetra_description/cmake/tetra_descriptionConfig-version.cmake
[0.637s] -- Installing: /home/shrujan/Desktop/SBRT/urdf_ros2_ws/src/install/tetra_description/share/tetra_description/package.xml
[0.639s] Invoked command in '/home/shrujan/Desktop/SBRT/urdf_ros2_ws/src/build/tetra_description' returned '0': CMAKE_PREFIX_PATH=/opt/ros/humble /usr/bin/cmake --install /home/shrujan/Desktop/SBRT/urdf_ros2_ws/src/build/tetra_description
