-- Install configuration: ""
-- Up-to-date: /home/shrujan/Desktop/SBRT/urdf_ros2_ws/install/tetra_description/share/tetra_description/meshes
-- Up-to-date: /home/shrujan/Desktop/SBRT/urdf_ros2_ws/install/tetra_description/share/tetra_description/meshes/ARMFINAL_basePlatform_v1_1.stl
-- Up-to-date: /home/shrujan/Desktop/SBRT/urdf_ros2_ws/install/tetra_description/share/tetra_description/meshes/ARMFINAL_baseOuter1_v1_1.stl
-- Up-to-date: /home/shrujan/Desktop/SBRT/urdf_ros2_ws/install/tetra_description/share/tetra_description/meshes/sprocket_v1__2__1.stl
-- Up-to-date: /home/shrujan/Desktop/SBRT/urdf_ros2_ws/install/tetra_description/share/tetra_description/meshes/drive_housing_v2__1__1.stl
-- Up-to-date: /home/shrujan/Desktop/SBRT/urdf_ros2_ws/install/tetra_description/share/tetra_description/meshes/ARMFINAL_1401-0043-0032_assembly_v1__1__1.stl
-- Up-to-date: /home/shrujan/Desktop/SBRT/urdf_ros2_ws/install/tetra_description/share/tetra_description/meshes/ARMFINAL_upperArmHinge_v1_1.stl
-- Up-to-date: /home/shrujan/Desktop/SBRT/urdf_ros2_ws/install/tetra_description/share/tetra_description/meshes/backFlipper_v2_1.stl
-- Up-to-date: /home/shrujan/Desktop/SBRT/urdf_ros2_ws/install/tetra_description/share/tetra_description/meshes/sprocket_v1__3__1.stl
-- Up-to-date: /home/shrujan/Desktop/SBRT/urdf_ros2_ws/install/tetra_description/share/tetra_description/meshes/ebox_v1_1.stl
-- Up-to-date: /home/shrujan/Desktop/SBRT/urdf_ros2_ws/install/tetra_description/share/tetra_description/meshes/backFlipper_v2__2__1.stl
-- Up-to-date: /home/shrujan/Desktop/SBRT/urdf_ros2_ws/install/tetra_description/share/tetra_description/meshes/ARMFINAL_baseAxle_v1_1.stl
-- Up-to-date: /home/shrujan/Desktop/SBRT/urdf_ros2_ws/install/tetra_description/share/tetra_description/meshes/base_link.stl
-- Up-to-date: /home/shrujan/Desktop/SBRT/urdf_ros2_ws/install/tetra_description/share/tetra_description/meshes/sprocket_v1_1.stl
-- Up-to-date: /home/shrujan/Desktop/SBRT/urdf_ros2_ws/install/tetra_description/share/tetra_description/meshes/ARMFINAL_LowerArmPlate_v1_1.stl
-- Up-to-date: /home/shrujan/Desktop/SBRT/urdf_ros2_ws/install/tetra_description/share/tetra_description/meshes/drive_housing_v2_1.stl
-- Up-to-date: /home/shrujan/Desktop/SBRT/urdf_ros2_ws/install/tetra_description/share/tetra_description/meshes/sprocket_v1__1__1.stl
-- Up-to-date: /home/shrujan/Desktop/SBRT/urdf_ros2_ws/install/tetra_description/share/tetra_description/meshes/ARMFINAL_1401-0043-0032_assembly_v1_1.stl
-- Up-to-date: /home/shrujan/Desktop/SBRT/urdf_ros2_ws/install/tetra_description/share/tetra_description/meshes/backFlipper_v2__3__1.stl
-- Up-to-date: /home/shrujan/Desktop/SBRT/urdf_ros2_ws/install/tetra_description/share/tetra_description/meshes/ARMFINAL_LowerArmPlate_v1__1__1.stl
-- Up-to-date: /home/shrujan/Desktop/SBRT/urdf_ros2_ws/install/tetra_description/share/tetra_description/meshes/ARMFINAL_1516-4008-0800_v1_1.stl
-- Up-to-date: /home/shrujan/Desktop/SBRT/urdf_ros2_ws/install/tetra_description/share/tetra_description/meshes/backFlipper_v2__1__1.stl
-- Up-to-date: /home/shrujan/Desktop/SBRT/urdf_ros2_ws/install/tetra_description/share/tetra_description/meshes/ARMFINAL_baseOuter_v1_1.stl
-- Up-to-date: /home/shrujan/Desktop/SBRT/urdf_ros2_ws/install/tetra_description/share/tetra_description/urdf
-- Up-to-date: /home/shrujan/Desktop/SBRT/urdf_ros2_ws/install/tetra_description/share/tetra_description/urdf/simple_dexter_driveTrain.gazebo
-- Up-to-date: /home/shrujan/Desktop/SBRT/urdf_ros2_ws/install/tetra_description/share/tetra_description/urdf/simple_dexter_driveTrain.xacro
-- Up-to-date: /home/shrujan/Desktop/SBRT/urdf_ros2_ws/install/tetra_description/share/tetra_description/urdf/materials.xacro
-- Up-to-date: /home/shrujan/Desktop/SBRT/urdf_ros2_ws/install/tetra_description/share/tetra_description/urdf/simple_dexter_driveTrain.trans
-- Up-to-date: /home/shrujan/Desktop/SBRT/urdf_ros2_ws/install/tetra_description/share/tetra_description/urdf/test.urdf
-- Up-to-date: /home/shrujan/Desktop/SBRT/urdf_ros2_ws/install/tetra_description/share/tetra_description/launch
-- Installing: /home/shrujan/Desktop/SBRT/urdf_ros2_ws/install/tetra_description/share/tetra_description/launch/gazebo.launch.py
-- Up-to-date: /home/shrujan/Desktop/SBRT/urdf_ros2_ws/install/tetra_description/share/tetra_description/rviz
-- Up-to-date: /home/shrujan/Desktop/SBRT/urdf_ros2_ws/install/tetra_description/share/tetra_description/rviz/urdf.rviz
-- Installing: /home/shrujan/Desktop/SBRT/urdf_ros2_ws/install/tetra_description/share/tetra_description/rviz/display.rviz
-- Up-to-date: /home/shrujan/Desktop/SBRT/urdf_ros2_ws/install/tetra_description/share/ament_index/resource_index/package_run_dependencies/tetra_description
-- Up-to-date: /home/shrujan/Desktop/SBRT/urdf_ros2_ws/install/tetra_description/share/ament_index/resource_index/parent_prefix_path/tetra_description
-- Up-to-date: /home/shrujan/Desktop/SBRT/urdf_ros2_ws/install/tetra_description/share/tetra_description/environment/ament_prefix_path.sh
-- Up-to-date: /home/shrujan/Desktop/SBRT/urdf_ros2_ws/install/tetra_description/share/tetra_description/environment/ament_prefix_path.dsv
-- Up-to-date: /home/shrujan/Desktop/SBRT/urdf_ros2_ws/install/tetra_description/share/tetra_description/environment/path.sh
-- Up-to-date: /home/shrujan/Desktop/SBRT/urdf_ros2_ws/install/tetra_description/share/tetra_description/environment/path.dsv
-- Up-to-date: /home/shrujan/Desktop/SBRT/urdf_ros2_ws/install/tetra_description/share/tetra_description/local_setup.bash
-- Up-to-date: /home/shrujan/Desktop/SBRT/urdf_ros2_ws/install/tetra_description/share/tetra_description/local_setup.sh
-- Up-to-date: /home/shrujan/Desktop/SBRT/urdf_ros2_ws/install/tetra_description/share/tetra_description/local_setup.zsh
-- Up-to-date: /home/shrujan/Desktop/SBRT/urdf_ros2_ws/install/tetra_description/share/tetra_description/local_setup.dsv
-- Installing: /home/shrujan/Desktop/SBRT/urdf_ros2_ws/install/tetra_description/share/tetra_description/package.dsv
-- Up-to-date: /home/shrujan/Desktop/SBRT/urdf_ros2_ws/install/tetra_description/share/ament_index/resource_index/packages/tetra_description
-- Up-to-date: /home/shrujan/Desktop/SBRT/urdf_ros2_ws/install/tetra_description/share/tetra_description/cmake/tetra_descriptionConfig.cmake
-- Up-to-date: /home/shrujan/Desktop/SBRT/urdf_ros2_ws/install/tetra_description/share/tetra_description/cmake/tetra_descriptionConfig-version.cmake
-- Up-to-date: /home/shrujan/Desktop/SBRT/urdf_ros2_ws/install/tetra_description/share/tetra_description/package.xml
