-- Found ament_cmake: 1.3.5 (/opt/ros/humble/share/ament_cmake/cmake)
-- Override CMake install command with custom implementation using symlinks instead of copying resources
-- Found ament_lint_auto: 0.12.8 (/opt/ros/humble/share/ament_lint_auto/cmake)
-- Added test 'flake8' to check Python code syntax and style conventions
-- Added test 'lint_cmake' to check CMake code style
-- Added test 'pep257' to check Python code against some of the docstring style conventions in PEP 257
-- Added test 'xmllint' to check XML markup files
-- Configuring done
-- Generating done
-- Build files have been written to: /home/shrujan/Desktop/SBRT/urdf_ros2_ws/build/tetra_controller
-- Install configuration: ""
-- Execute custom install script
-- Symlinking: /home/shrujan/Desktop/SBRT/urdf_ros2_ws/install/tetra_controller/share/tetra_controller/config/tetra_controllers.yaml
-- Symlinking: /home/shrujan/Desktop/SBRT/urdf_ros2_ws/install/tetra_controller/share/tetra_controller/launch/controller.launch.py
-- Symlinking: /home/shrujan/Desktop/SBRT/urdf_ros2_ws/install/tetra_controller/share/ament_index/resource_index/package_run_dependencies/tetra_controller
-- Symlinking: /home/shrujan/Desktop/SBRT/urdf_ros2_ws/install/tetra_controller/share/ament_index/resource_index/parent_prefix_path/tetra_controller
-- Symlinking: /home/shrujan/Desktop/SBRT/urdf_ros2_ws/install/tetra_controller/share/tetra_controller/environment/ament_prefix_path.sh
-- Symlinking: /home/shrujan/Desktop/SBRT/urdf_ros2_ws/install/tetra_controller/share/tetra_controller/environment/ament_prefix_path.dsv
-- Symlinking: /home/shrujan/Desktop/SBRT/urdf_ros2_ws/install/tetra_controller/share/tetra_controller/environment/path.sh
-- Symlinking: /home/shrujan/Desktop/SBRT/urdf_ros2_ws/install/tetra_controller/share/tetra_controller/environment/path.dsv
-- Symlinking: /home/shrujan/Desktop/SBRT/urdf_ros2_ws/install/tetra_controller/share/tetra_controller/local_setup.bash
-- Symlinking: /home/shrujan/Desktop/SBRT/urdf_ros2_ws/install/tetra_controller/share/tetra_controller/local_setup.sh
-- Symlinking: /home/shrujan/Desktop/SBRT/urdf_ros2_ws/install/tetra_controller/share/tetra_controller/local_setup.zsh
-- Symlinking: /home/shrujan/Desktop/SBRT/urdf_ros2_ws/install/tetra_controller/share/tetra_controller/local_setup.dsv
-- Symlinking: /home/shrujan/Desktop/SBRT/urdf_ros2_ws/install/tetra_controller/share/tetra_controller/package.dsv
-- Symlinking: /home/shrujan/Desktop/SBRT/urdf_ros2_ws/install/tetra_controller/share/ament_index/resource_index/packages/tetra_controller
-- Symlinking: /home/shrujan/Desktop/SBRT/urdf_ros2_ws/install/tetra_controller/share/tetra_controller/cmake/tetra_controllerConfig.cmake
-- Symlinking: /home/shrujan/Desktop/SBRT/urdf_ros2_ws/install/tetra_controller/share/tetra_controller/cmake/tetra_controllerConfig-version.cmake
-- Symlinking: /home/shrujan/Desktop/SBRT/urdf_ros2_ws/install/tetra_controller/share/tetra_controller/package.xml
