[0.057s] Invoking command in '/home/shrujan/Desktop/SBRT/urdf_ros2_ws/build/tetra_description': CMAKE_PREFIX_PATH=${CMAKE_PREFIX_PATH}:/opt/ros/humble /usr/bin/cmake /home/shrujan/Desktop/SBRT/urdf_ros2_ws/src/tetra_description -DAMENT_CMAKE_SYMLINK_INSTALL=1 -DCMAKE_INSTALL_PREFIX=/home/shrujan/Desktop/SBRT/urdf_ros2_ws/install/tetra_description
[0.067s] -- Found ament_cmake: 1.3.5 (/opt/ros/humble/share/ament_cmake/cmake)
[0.166s] -- Override CMake install command with custom implementation using symlinks instead of copying resources
[0.172s] -- Found ament_lint_auto: 0.12.8 (/opt/ros/humble/share/ament_lint_auto/cmake)
[0.227s] -- Added test 'flake8' to check Python code syntax and style conventions
[0.227s] -- Added test 'lint_cmake' to check CMake code style
[0.228s] -- Added test 'pep257' to check Python code against some of the docstring style conventions in PEP 257
[0.230s] -- Added test 'xmllint' to check XML markup files
[0.231s] -- Configuring done
[0.234s] -- Generating done
[0.235s] -- Build files have been written to: /home/shrujan/Desktop/SBRT/urdf_ros2_ws/build/tetra_description
[0.237s] Invoked command in '/home/shrujan/Desktop/SBRT/urdf_ros2_ws/build/tetra_description' returned '0': CMAKE_PREFIX_PATH=${CMAKE_PREFIX_PATH}:/opt/ros/humble /usr/bin/cmake /home/shrujan/Desktop/SBRT/urdf_ros2_ws/src/tetra_description -DAMENT_CMAKE_SYMLINK_INSTALL=1 -DCMAKE_INSTALL_PREFIX=/home/shrujan/Desktop/SBRT/urdf_ros2_ws/install/tetra_description
[0.239s] Invoking command in '/home/shrujan/Desktop/SBRT/urdf_ros2_ws/build/tetra_description': CMAKE_PREFIX_PATH=${CMAKE_PREFIX_PATH}:/opt/ros/humble /usr/bin/cmake --build /home/shrujan/Desktop/SBRT/urdf_ros2_ws/build/tetra_description -- -j16 -l16
[0.271s] Invoked command in '/home/shrujan/Desktop/SBRT/urdf_ros2_ws/build/tetra_description' returned '0': CMAKE_PREFIX_PATH=${CMAKE_PREFIX_PATH}:/opt/ros/humble /usr/bin/cmake --build /home/shrujan/Desktop/SBRT/urdf_ros2_ws/build/tetra_description -- -j16 -l16
[0.299s] Invoking command in '/home/shrujan/Desktop/SBRT/urdf_ros2_ws/build/tetra_description': CMAKE_PREFIX_PATH=${CMAKE_PREFIX_PATH}:/opt/ros/humble /usr/bin/cmake --install /home/shrujan/Desktop/SBRT/urdf_ros2_ws/build/tetra_description
[0.306s] -- Install configuration: ""
[0.306s] -- Execute custom install script
[0.306s] -- Symlinking: /home/shrujan/Desktop/SBRT/urdf_ros2_ws/install/tetra_description/share/tetra_description/meshes/ARMFINAL_1401-0043-0032_assembly_v1_1.stl
[0.314s] -- Symlinking: /home/shrujan/Desktop/SBRT/urdf_ros2_ws/install/tetra_description/share/tetra_description/meshes/ARMFINAL_1401-0043-0032_assembly_v1__1__1.stl
[0.322s] -- Symlinking: /home/shrujan/Desktop/SBRT/urdf_ros2_ws/install/tetra_description/share/tetra_description/meshes/ARMFINAL_1516-4008-0800_v1_1.stl
[0.332s] -- Symlinking: /home/shrujan/Desktop/SBRT/urdf_ros2_ws/install/tetra_description/share/tetra_description/meshes/ARMFINAL_LowerArmPlate_v1_1.stl
[0.340s] -- Symlinking: /home/shrujan/Desktop/SBRT/urdf_ros2_ws/install/tetra_description/share/tetra_description/meshes/ARMFINAL_LowerArmPlate_v1__1__1.stl
[0.347s] -- Symlinking: /home/shrujan/Desktop/SBRT/urdf_ros2_ws/install/tetra_description/share/tetra_description/meshes/ARMFINAL_baseAxle_v1_1.stl
[0.354s] -- Symlinking: /home/shrujan/Desktop/SBRT/urdf_ros2_ws/install/tetra_description/share/tetra_description/meshes/ARMFINAL_baseOuter1_v1_1.stl
[0.362s] -- Symlinking: /home/shrujan/Desktop/SBRT/urdf_ros2_ws/install/tetra_description/share/tetra_description/meshes/ARMFINAL_baseOuter_v1_1.stl
[0.369s] -- Symlinking: /home/shrujan/Desktop/SBRT/urdf_ros2_ws/install/tetra_description/share/tetra_description/meshes/ARMFINAL_basePlatform_v1_1.stl
[0.377s] -- Symlinking: /home/shrujan/Desktop/SBRT/urdf_ros2_ws/install/tetra_description/share/tetra_description/meshes/ARMFINAL_upperArmHinge_v1_1.stl
[0.384s] -- Symlinking: /home/shrujan/Desktop/SBRT/urdf_ros2_ws/install/tetra_description/share/tetra_description/meshes/backFlipper_v2_1.stl
[0.392s] -- Symlinking: /home/shrujan/Desktop/SBRT/urdf_ros2_ws/install/tetra_description/share/tetra_description/meshes/backFlipper_v2__1__1.stl
[0.399s] -- Symlinking: /home/shrujan/Desktop/SBRT/urdf_ros2_ws/install/tetra_description/share/tetra_description/meshes/backFlipper_v2__2__1.stl
[0.407s] -- Symlinking: /home/shrujan/Desktop/SBRT/urdf_ros2_ws/install/tetra_description/share/tetra_description/meshes/backFlipper_v2__3__1.stl
[0.414s] -- Symlinking: /home/shrujan/Desktop/SBRT/urdf_ros2_ws/install/tetra_description/share/tetra_description/meshes/base_link.stl
[0.421s] -- Symlinking: /home/shrujan/Desktop/SBRT/urdf_ros2_ws/install/tetra_description/share/tetra_description/meshes/drive_housing_v2_1.stl
[0.430s] -- Symlinking: /home/shrujan/Desktop/SBRT/urdf_ros2_ws/install/tetra_description/share/tetra_description/meshes/drive_housing_v2__1__1.stl
[0.439s] -- Symlinking: /home/shrujan/Desktop/SBRT/urdf_ros2_ws/install/tetra_description/share/tetra_description/meshes/ebox_v1_1.stl
[0.446s] -- Symlinking: /home/shrujan/Desktop/SBRT/urdf_ros2_ws/install/tetra_description/share/tetra_description/meshes/sprocket_v1_1.stl
[0.454s] -- Symlinking: /home/shrujan/Desktop/SBRT/urdf_ros2_ws/install/tetra_description/share/tetra_description/meshes/sprocket_v1__1__1.stl
[0.461s] -- Symlinking: /home/shrujan/Desktop/SBRT/urdf_ros2_ws/install/tetra_description/share/tetra_description/meshes/sprocket_v1__2__1.stl
[0.469s] -- Symlinking: /home/shrujan/Desktop/SBRT/urdf_ros2_ws/install/tetra_description/share/tetra_description/meshes/sprocket_v1__3__1.stl
[0.477s] -- Symlinking: /home/shrujan/Desktop/SBRT/urdf_ros2_ws/install/tetra_description/share/tetra_description/urdf/materials.xacro
[0.485s] -- Symlinking: /home/shrujan/Desktop/SBRT/urdf_ros2_ws/install/tetra_description/share/tetra_description/urdf/simple_dexter_driveTrain.gazebo
[0.492s] -- Symlinking: /home/shrujan/Desktop/SBRT/urdf_ros2_ws/install/tetra_description/share/tetra_description/urdf/simple_dexter_driveTrain.trans
[0.500s] -- Symlinking: /home/shrujan/Desktop/SBRT/urdf_ros2_ws/install/tetra_description/share/tetra_description/urdf/simple_dexter_driveTrain.xacro
[0.507s] -- Symlinking: /home/shrujan/Desktop/SBRT/urdf_ros2_ws/install/tetra_description/share/tetra_description/urdf/test.urdf
[0.514s] -- Symlinking: /home/shrujan/Desktop/SBRT/urdf_ros2_ws/install/tetra_description/share/tetra_description/launch/gazebo.launch.py
[0.524s] -- Symlinking: /home/shrujan/Desktop/SBRT/urdf_ros2_ws/install/tetra_description/share/tetra_description/rviz/display.rviz
[0.534s] -- Symlinking: /home/shrujan/Desktop/SBRT/urdf_ros2_ws/install/tetra_description/share/tetra_description/rviz/urdf.rviz
[0.543s] -- Symlinking: /home/shrujan/Desktop/SBRT/urdf_ros2_ws/install/tetra_description/share/ament_index/resource_index/package_run_dependencies/tetra_description
[0.551s] -- Symlinking: /home/shrujan/Desktop/SBRT/urdf_ros2_ws/install/tetra_description/share/ament_index/resource_index/parent_prefix_path/tetra_description
[0.559s] -- Symlinking: /home/shrujan/Desktop/SBRT/urdf_ros2_ws/install/tetra_description/share/tetra_description/environment/ament_prefix_path.sh
[0.566s] -- Symlinking: /home/shrujan/Desktop/SBRT/urdf_ros2_ws/install/tetra_description/share/tetra_description/environment/ament_prefix_path.dsv
[0.574s] -- Symlinking: /home/shrujan/Desktop/SBRT/urdf_ros2_ws/install/tetra_description/share/tetra_description/environment/path.sh
[0.582s] -- Symlinking: /home/shrujan/Desktop/SBRT/urdf_ros2_ws/install/tetra_description/share/tetra_description/environment/path.dsv
[0.589s] -- Symlinking: /home/shrujan/Desktop/SBRT/urdf_ros2_ws/install/tetra_description/share/tetra_description/local_setup.bash
[0.597s] -- Symlinking: /home/shrujan/Desktop/SBRT/urdf_ros2_ws/install/tetra_description/share/tetra_description/local_setup.sh
[0.604s] -- Symlinking: /home/shrujan/Desktop/SBRT/urdf_ros2_ws/install/tetra_description/share/tetra_description/local_setup.zsh
[0.612s] -- Symlinking: /home/shrujan/Desktop/SBRT/urdf_ros2_ws/install/tetra_description/share/tetra_description/local_setup.dsv
[0.619s] -- Symlinking: /home/shrujan/Desktop/SBRT/urdf_ros2_ws/install/tetra_description/share/tetra_description/package.dsv
[0.627s] -- Symlinking: /home/shrujan/Desktop/SBRT/urdf_ros2_ws/install/tetra_description/share/ament_index/resource_index/packages/tetra_description
[0.637s] -- Symlinking: /home/shrujan/Desktop/SBRT/urdf_ros2_ws/install/tetra_description/share/tetra_description/cmake/tetra_descriptionConfig.cmake
[0.645s] -- Symlinking: /home/shrujan/Desktop/SBRT/urdf_ros2_ws/install/tetra_description/share/tetra_description/cmake/tetra_descriptionConfig-version.cmake
[0.653s] -- Symlinking: /home/shrujan/Desktop/SBRT/urdf_ros2_ws/install/tetra_description/share/tetra_description/package.xml
[0.664s] Invoked command in '/home/shrujan/Desktop/SBRT/urdf_ros2_ws/build/tetra_description' returned '0': CMAKE_PREFIX_PATH=${CMAKE_PREFIX_PATH}:/opt/ros/humble /usr/bin/cmake --install /home/shrujan/Desktop/SBRT/urdf_ros2_ws/build/tetra_description
