Built target ament_cmake_python_symlink_tetra_controller
running egg_info
writing tetra_controller.egg-info/PKG-INFO
writing dependency_links to tetra_controller.egg-info/dependency_links.txt
writing top-level names to tetra_controller.egg-info/top_level.txt
reading manifest file 'tetra_controller.egg-info/SOURCES.txt'
writing manifest file 'tetra_controller.egg-info/SOURCES.txt'
Built target ament_cmake_python_build_tetra_controller_egg
-- Install configuration: ""
-- Execute custom install script
-- Up-to-date symlink: /home/shrujan/Desktop/SBRT/urdf_ros2_ws/install/tetra_controller/share/tetra_controller/environment/pythonpath.sh
-- Up-to-date symlink: /home/shrujan/Desktop/SBRT/urdf_ros2_ws/install/tetra_controller/share/tetra_controller/environment/pythonpath.dsv
-- Up-to-date symlink: /home/shrujan/Desktop/SBRT/urdf_ros2_ws/install/tetra_controller/local/lib/python3.10/dist-packages/tetra_controller-0.0.0-py3.10.egg-info/PKG-INFO
-- Up-to-date symlink: /home/shrujan/Desktop/SBRT/urdf_ros2_ws/install/tetra_controller/local/lib/python3.10/dist-packages/tetra_controller-0.0.0-py3.10.egg-info/SOURCES.txt
-- Up-to-date symlink: /home/shrujan/Desktop/SBRT/urdf_ros2_ws/install/tetra_controller/local/lib/python3.10/dist-packages/tetra_controller-0.0.0-py3.10.egg-info/dependency_links.txt
-- Up-to-date symlink: /home/shrujan/Desktop/SBRT/urdf_ros2_ws/install/tetra_controller/local/lib/python3.10/dist-packages/tetra_controller-0.0.0-py3.10.egg-info/top_level.txt
-- Up-to-date symlink: /home/shrujan/Desktop/SBRT/urdf_ros2_ws/install/tetra_controller/local/lib/python3.10/dist-packages/tetra_controller/__init__.py
-- Up-to-date symlink: /home/shrujan/Desktop/SBRT/urdf_ros2_ws/install/tetra_controller/local/lib/python3.10/dist-packages/tetra_controller/simple_controller.py
-- Up-to-date symlink: /home/shrujan/Desktop/SBRT/urdf_ros2_ws/install/tetra_controller/share/tetra_controller/config/tetra_controllers.yaml
-- Up-to-date symlink: /home/shrujan/Desktop/SBRT/urdf_ros2_ws/install/tetra_controller/share/tetra_controller/launch/controller.launch.py
-- Up-to-date symlink: /home/shrujan/Desktop/SBRT/urdf_ros2_ws/install/tetra_controller/lib/tetra_controller/simple_controller.py
-- Up-to-date symlink: /home/shrujan/Desktop/SBRT/urdf_ros2_ws/install/tetra_controller/share/ament_index/resource_index/package_run_dependencies/tetra_controller
-- Up-to-date symlink: /home/shrujan/Desktop/SBRT/urdf_ros2_ws/install/tetra_controller/share/ament_index/resource_index/parent_prefix_path/tetra_controller
-- Up-to-date symlink: /home/shrujan/Desktop/SBRT/urdf_ros2_ws/install/tetra_controller/share/tetra_controller/environment/ament_prefix_path.sh
-- Up-to-date symlink: /home/shrujan/Desktop/SBRT/urdf_ros2_ws/install/tetra_controller/share/tetra_controller/environment/ament_prefix_path.dsv
-- Up-to-date symlink: /home/shrujan/Desktop/SBRT/urdf_ros2_ws/install/tetra_controller/share/tetra_controller/environment/path.sh
-- Up-to-date symlink: /home/shrujan/Desktop/SBRT/urdf_ros2_ws/install/tetra_controller/share/tetra_controller/environment/path.dsv
-- Up-to-date symlink: /home/shrujan/Desktop/SBRT/urdf_ros2_ws/install/tetra_controller/share/tetra_controller/local_setup.bash
-- Up-to-date symlink: /home/shrujan/Desktop/SBRT/urdf_ros2_ws/install/tetra_controller/share/tetra_controller/local_setup.sh
-- Up-to-date symlink: /home/shrujan/Desktop/SBRT/urdf_ros2_ws/install/tetra_controller/share/tetra_controller/local_setup.zsh
-- Up-to-date symlink: /home/shrujan/Desktop/SBRT/urdf_ros2_ws/install/tetra_controller/share/tetra_controller/local_setup.dsv
-- Symlinking: /home/shrujan/Desktop/SBRT/urdf_ros2_ws/install/tetra_controller/share/tetra_controller/package.dsv
-- Up-to-date symlink: /home/shrujan/Desktop/SBRT/urdf_ros2_ws/install/tetra_controller/share/ament_index/resource_index/packages/tetra_controller
-- Up-to-date symlink: /home/shrujan/Desktop/SBRT/urdf_ros2_ws/install/tetra_controller/share/tetra_controller/cmake/tetra_controllerConfig.cmake
-- Up-to-date symlink: /home/shrujan/Desktop/SBRT/urdf_ros2_ws/install/tetra_controller/share/tetra_controller/cmake/tetra_controllerConfig-version.cmake
-- Up-to-date symlink: /home/shrujan/Desktop/SBRT/urdf_ros2_ws/install/tetra_controller/share/tetra_controller/package.xml
Listing '/home/shrujan/Desktop/SBRT/urdf_ros2_ws/install/tetra_controller/local/lib/python3.10/dist-packages/tetra_controller'...
