[0.871s] DEBUG:colcon:Command line arguments: ['/usr/bin/colcon', 'build']
[0.871s] DEBUG:colcon:Parsed command line arguments: Namespace(log_base=None, log_level=None, verb_name='build', build_base='build', install_base='install', merge_install=False, symlink_install=False, test_result_base=None, continue_on_error=False, executor='parallel', parallel_workers=16, event_handlers=None, ignore_user_meta=False, metas=['./colcon.meta'], base_paths=['.'], packages_ignore=None, packages_ignore_regex=None, paths=None, packages_up_to=None, packages_up_to_regex=None, packages_above=None, packages_above_and_dependencies=None, packages_above_depth=None, packages_select_by_dep=None, packages_skip_by_dep=None, packages_skip_up_to=None, packages_select_build_failed=False, packages_skip_build_finished=False, packages_select_test_failures=False, packages_skip_test_passed=False, packages_select=None, packages_skip=None, packages_select_regex=None, packages_skip_regex=None, packages_start=None, packages_end=None, allow_overriding=[], cmake_args=None, cmake_target=None, cmake_target_skip_unavailable=False, cmake_clean_cache=False, cmake_clean_first=False, cmake_force_configure=False, ament_cmake_args=None, catkin_cmake_args=None, catkin_skip_building_tests=False, verb_parser=<colcon_defaults.argument_parser.defaults.DefaultArgumentsDecorator object at 0x7f9e8ebc5b70>, verb_extension=<colcon_core.verb.build.BuildVerb object at 0x7f9e8eee6890>, main=<bound method BuildVerb.main of <colcon_core.verb.build.BuildVerb object at 0x7f9e8eee6890>>)
[0.911s] Level 1:colcon.colcon_core.package_discovery:discover_packages(colcon_meta) check parameters
[0.911s] Level 1:colcon.colcon_core.package_discovery:discover_packages(recursive) check parameters
[0.911s] Level 1:colcon.colcon_core.package_discovery:discover_packages(ignore) check parameters
[0.911s] Level 1:colcon.colcon_core.package_discovery:discover_packages(path) check parameters
[0.911s] Level 1:colcon.colcon_core.package_discovery:discover_packages(colcon_meta) discover
[0.911s] Level 1:colcon.colcon_core.package_discovery:discover_packages(recursive) discover
[0.911s] INFO:colcon.colcon_core.package_discovery:Crawling recursively for packages in '/home/shrujan/Desktop/SBRT/urdf_ros2_ws'
[0.912s] Level 1:colcon.colcon_core.package_identification:_identify(.) by extensions ['ignore', 'ignore_ament_install']
[0.912s] Level 1:colcon.colcon_core.package_identification:_identify(.) by extension 'ignore'
[0.912s] Level 1:colcon.colcon_core.package_identification:_identify(.) by extension 'ignore_ament_install'
[0.912s] Level 1:colcon.colcon_core.package_identification:_identify(.) by extensions ['colcon_pkg']
[0.912s] Level 1:colcon.colcon_core.package_identification:_identify(.) by extension 'colcon_pkg'
[0.912s] Level 1:colcon.colcon_core.package_identification:_identify(.) by extensions ['colcon_meta']
[0.912s] Level 1:colcon.colcon_core.package_identification:_identify(.) by extension 'colcon_meta'
[0.912s] Level 1:colcon.colcon_core.package_identification:_identify(.) by extensions ['ros']
[0.912s] Level 1:colcon.colcon_core.package_identification:_identify(.) by extension 'ros'
[0.920s] Level 1:colcon.colcon_core.package_identification:_identify(.) by extensions ['cmake', 'python']
[0.920s] Level 1:colcon.colcon_core.package_identification:_identify(.) by extension 'cmake'
[0.920s] Level 1:colcon.colcon_core.package_identification:_identify(.) by extension 'python'
[0.920s] Level 1:colcon.colcon_core.package_identification:_identify(.) by extensions ['python_setup_py']
[0.920s] Level 1:colcon.colcon_core.package_identification:_identify(.) by extension 'python_setup_py'
[0.920s] Level 1:colcon.colcon_core.package_identification:_identify(build) by extensions ['ignore', 'ignore_ament_install']
[0.920s] Level 1:colcon.colcon_core.package_identification:_identify(build) by extension 'ignore'
[0.920s] Level 1:colcon.colcon_core.package_identification:_identify(build) ignored
[0.920s] Level 1:colcon.colcon_core.package_identification:_identify(install) by extensions ['ignore', 'ignore_ament_install']
[0.920s] Level 1:colcon.colcon_core.package_identification:_identify(install) by extension 'ignore'
[0.920s] Level 1:colcon.colcon_core.package_identification:_identify(install) ignored
[0.921s] Level 1:colcon.colcon_core.package_identification:_identify(log) by extensions ['ignore', 'ignore_ament_install']
[0.921s] Level 1:colcon.colcon_core.package_identification:_identify(log) by extension 'ignore'
[0.921s] Level 1:colcon.colcon_core.package_identification:_identify(log) ignored
[0.921s] Level 1:colcon.colcon_core.package_identification:_identify(src) by extensions ['ignore', 'ignore_ament_install']
[0.921s] Level 1:colcon.colcon_core.package_identification:_identify(src) by extension 'ignore'
[0.921s] Level 1:colcon.colcon_core.package_identification:_identify(src) by extension 'ignore_ament_install'
[0.921s] Level 1:colcon.colcon_core.package_identification:_identify(src) by extensions ['colcon_pkg']
[0.921s] Level 1:colcon.colcon_core.package_identification:_identify(src) by extension 'colcon_pkg'
[0.921s] Level 1:colcon.colcon_core.package_identification:_identify(src) by extensions ['colcon_meta']
[0.921s] Level 1:colcon.colcon_core.package_identification:_identify(src) by extension 'colcon_meta'
[0.921s] Level 1:colcon.colcon_core.package_identification:_identify(src) by extensions ['ros']
[0.921s] Level 1:colcon.colcon_core.package_identification:_identify(src) by extension 'ros'
[0.921s] Level 1:colcon.colcon_core.package_identification:_identify(src) by extensions ['cmake', 'python']
[0.921s] Level 1:colcon.colcon_core.package_identification:_identify(src) by extension 'cmake'
[0.921s] Level 1:colcon.colcon_core.package_identification:_identify(src) by extension 'python'
[0.921s] Level 1:colcon.colcon_core.package_identification:_identify(src) by extensions ['python_setup_py']
[0.921s] Level 1:colcon.colcon_core.package_identification:_identify(src) by extension 'python_setup_py'
[0.921s] Level 1:colcon.colcon_core.package_identification:_identify(src/tetra_controller) by extensions ['ignore', 'ignore_ament_install']
[0.921s] Level 1:colcon.colcon_core.package_identification:_identify(src/tetra_controller) by extension 'ignore'
[0.921s] Level 1:colcon.colcon_core.package_identification:_identify(src/tetra_controller) by extension 'ignore_ament_install'
[0.921s] Level 1:colcon.colcon_core.package_identification:_identify(src/tetra_controller) by extensions ['colcon_pkg']
[0.922s] Level 1:colcon.colcon_core.package_identification:_identify(src/tetra_controller) by extension 'colcon_pkg'
[0.922s] Level 1:colcon.colcon_core.package_identification:_identify(src/tetra_controller) by extensions ['colcon_meta']
[0.922s] Level 1:colcon.colcon_core.package_identification:_identify(src/tetra_controller) by extension 'colcon_meta'
[0.922s] Level 1:colcon.colcon_core.package_identification:_identify(src/tetra_controller) by extensions ['ros']
[0.922s] Level 1:colcon.colcon_core.package_identification:_identify(src/tetra_controller) by extension 'ros'
[0.924s] DEBUG:colcon.colcon_core.package_identification:Package 'src/tetra_controller' with type 'ros.ament_cmake' and name 'tetra_controller'
[0.924s] Level 1:colcon.colcon_core.package_identification:_identify(src/tetra_description) by extensions ['ignore', 'ignore_ament_install']
[0.924s] Level 1:colcon.colcon_core.package_identification:_identify(src/tetra_description) by extension 'ignore'
[0.924s] Level 1:colcon.colcon_core.package_identification:_identify(src/tetra_description) by extension 'ignore_ament_install'
[0.924s] Level 1:colcon.colcon_core.package_identification:_identify(src/tetra_description) by extensions ['colcon_pkg']
[0.924s] Level 1:colcon.colcon_core.package_identification:_identify(src/tetra_description) by extension 'colcon_pkg'
[0.924s] Level 1:colcon.colcon_core.package_identification:_identify(src/tetra_description) by extensions ['colcon_meta']
[0.924s] Level 1:colcon.colcon_core.package_identification:_identify(src/tetra_description) by extension 'colcon_meta'
[0.924s] Level 1:colcon.colcon_core.package_identification:_identify(src/tetra_description) by extensions ['ros']
[0.924s] Level 1:colcon.colcon_core.package_identification:_identify(src/tetra_description) by extension 'ros'
[0.924s] DEBUG:colcon.colcon_core.package_identification:Package 'src/tetra_description' with type 'ros.ament_cmake' and name 'tetra_description'
[0.924s] Level 1:colcon.colcon_core.package_discovery:discover_packages(recursive) using defaults
[0.924s] Level 1:colcon.colcon_core.package_discovery:discover_packages(ignore) discover
[0.924s] Level 1:colcon.colcon_core.package_discovery:discover_packages(ignore) using defaults
[0.924s] Level 1:colcon.colcon_core.package_discovery:discover_packages(path) discover
[0.924s] Level 1:colcon.colcon_core.package_discovery:discover_packages(path) using defaults
[1.004s] Level 1:colcon.colcon_core.package_discovery:discover_packages(prefix_path) check parameters
[1.004s] Level 1:colcon.colcon_core.package_discovery:discover_packages(prefix_path) discover
[1.030s] DEBUG:colcon.colcon_installed_package_information.package_discovery:Found 2 installed packages in /home/shrujan/Desktop/SBRT/urdf_ros2_ws/install
[1.044s] DEBUG:colcon.colcon_installed_package_information.package_discovery:Found 403 installed packages in /opt/ros/humble
[1.056s] Level 1:colcon.colcon_core.package_discovery:discover_packages(prefix_path) using defaults
[1.140s] Level 5:colcon.colcon_core.verb:set package 'tetra_controller' build argument 'cmake_args' from command line to 'None'
[1.140s] Level 5:colcon.colcon_core.verb:set package 'tetra_controller' build argument 'cmake_target' from command line to 'None'
[1.140s] Level 5:colcon.colcon_core.verb:set package 'tetra_controller' build argument 'cmake_target_skip_unavailable' from command line to 'False'
[1.140s] Level 5:colcon.colcon_core.verb:set package 'tetra_controller' build argument 'cmake_clean_cache' from command line to 'False'
[1.140s] Level 5:colcon.colcon_core.verb:set package 'tetra_controller' build argument 'cmake_clean_first' from command line to 'False'
[1.140s] Level 5:colcon.colcon_core.verb:set package 'tetra_controller' build argument 'cmake_force_configure' from command line to 'False'
[1.140s] Level 5:colcon.colcon_core.verb:set package 'tetra_controller' build argument 'ament_cmake_args' from command line to 'None'
[1.140s] Level 5:colcon.colcon_core.verb:set package 'tetra_controller' build argument 'catkin_cmake_args' from command line to 'None'
[1.140s] Level 5:colcon.colcon_core.verb:set package 'tetra_controller' build argument 'catkin_skip_building_tests' from command line to 'False'
[1.140s] DEBUG:colcon.colcon_core.verb:Building package 'tetra_controller' with the following arguments: {'ament_cmake_args': None, 'build_base': '/home/shrujan/Desktop/SBRT/urdf_ros2_ws/build/tetra_controller', 'catkin_cmake_args': None, 'catkin_skip_building_tests': False, 'cmake_args': None, 'cmake_clean_cache': False, 'cmake_clean_first': False, 'cmake_force_configure': False, 'cmake_target': None, 'cmake_target_skip_unavailable': False, 'install_base': '/home/shrujan/Desktop/SBRT/urdf_ros2_ws/install/tetra_controller', 'merge_install': False, 'path': '/home/shrujan/Desktop/SBRT/urdf_ros2_ws/src/tetra_controller', 'symlink_install': False, 'test_result_base': None}
[1.153s] Level 5:colcon.colcon_core.verb:set package 'tetra_description' build argument 'cmake_args' from command line to 'None'
[1.153s] Level 5:colcon.colcon_core.verb:set package 'tetra_description' build argument 'cmake_target' from command line to 'None'
[1.153s] Level 5:colcon.colcon_core.verb:set package 'tetra_description' build argument 'cmake_target_skip_unavailable' from command line to 'False'
[1.153s] Level 5:colcon.colcon_core.verb:set package 'tetra_description' build argument 'cmake_clean_cache' from command line to 'False'
[1.153s] Level 5:colcon.colcon_core.verb:set package 'tetra_description' build argument 'cmake_clean_first' from command line to 'False'
[1.153s] Level 5:colcon.colcon_core.verb:set package 'tetra_description' build argument 'cmake_force_configure' from command line to 'False'
[1.153s] Level 5:colcon.colcon_core.verb:set package 'tetra_description' build argument 'ament_cmake_args' from command line to 'None'
[1.153s] Level 5:colcon.colcon_core.verb:set package 'tetra_description' build argument 'catkin_cmake_args' from command line to 'None'
[1.153s] Level 5:colcon.colcon_core.verb:set package 'tetra_description' build argument 'catkin_skip_building_tests' from command line to 'False'
[1.153s] DEBUG:colcon.colcon_core.verb:Building package 'tetra_description' with the following arguments: {'ament_cmake_args': None, 'build_base': '/home/shrujan/Desktop/SBRT/urdf_ros2_ws/build/tetra_description', 'catkin_cmake_args': None, 'catkin_skip_building_tests': False, 'cmake_args': None, 'cmake_clean_cache': False, 'cmake_clean_first': False, 'cmake_force_configure': False, 'cmake_target': None, 'cmake_target_skip_unavailable': False, 'install_base': '/home/shrujan/Desktop/SBRT/urdf_ros2_ws/install/tetra_description', 'merge_install': False, 'path': '/home/shrujan/Desktop/SBRT/urdf_ros2_ws/src/tetra_description', 'symlink_install': False, 'test_result_base': None}
[1.166s] INFO:colcon.colcon_core.executor:Executing jobs using 'parallel' executor
[1.179s] DEBUG:colcon.colcon_parallel_executor.executor.parallel:run_until_complete
[1.179s] INFO:colcon.colcon_ros.task.ament_cmake.build:Building ROS package in '/home/shrujan/Desktop/SBRT/urdf_ros2_ws/src/tetra_controller' with build type 'ament_cmake'
[1.179s] INFO:colcon.colcon_cmake.task.cmake.build:Building CMake package in '/home/shrujan/Desktop/SBRT/urdf_ros2_ws/src/tetra_controller'
[1.194s] INFO:colcon.colcon_core.plugin_system:Skipping extension 'colcon_core.shell.bat': Not used on non-Windows systems
[1.194s] INFO:colcon.colcon_core.shell:Skip shell extension 'powershell' for command environment: Not usable outside of PowerShell
[1.194s] DEBUG:colcon.colcon_core.shell:Skip shell extension 'dsv' for command environment
[1.236s] INFO:colcon.colcon_ros.task.ament_cmake.build:Building ROS package in '/home/shrujan/Desktop/SBRT/urdf_ros2_ws/src/tetra_description' with build type 'ament_cmake'
[1.236s] INFO:colcon.colcon_cmake.task.cmake.build:Building CMake package in '/home/shrujan/Desktop/SBRT/urdf_ros2_ws/src/tetra_description'
[1.250s] INFO:colcon.colcon_core.shell:Skip shell extension 'powershell' for command environment: Not usable outside of PowerShell
[1.250s] DEBUG:colcon.colcon_core.shell:Skip shell extension 'dsv' for command environment
[1.296s] DEBUG:colcon.colcon_core.event_handler.log_command:Invoking command in '/home/shrujan/Desktop/SBRT/urdf_ros2_ws/build/tetra_controller': CMAKE_PREFIX_PATH=${CMAKE_PREFIX_PATH}:/opt/ros/humble /usr/bin/cmake --build /home/shrujan/Desktop/SBRT/urdf_ros2_ws/build/tetra_controller -- -j16 -l16
[1.299s] DEBUG:colcon.colcon_core.event_handler.log_command:Invoking command in '/home/shrujan/Desktop/SBRT/urdf_ros2_ws/build/tetra_description': CMAKE_PREFIX_PATH=${CMAKE_PREFIX_PATH}:/opt/ros/humble /usr/bin/cmake --build /home/shrujan/Desktop/SBRT/urdf_ros2_ws/build/tetra_description -- -j16 -l16
[1.329s] DEBUG:colcon.colcon_core.event_handler.log_command:Invoked command in '/home/shrujan/Desktop/SBRT/urdf_ros2_ws/build/tetra_controller' returned '0': CMAKE_PREFIX_PATH=${CMAKE_PREFIX_PATH}:/opt/ros/humble /usr/bin/cmake --build /home/shrujan/Desktop/SBRT/urdf_ros2_ws/build/tetra_controller -- -j16 -l16
[1.331s] DEBUG:colcon.colcon_core.event_handler.log_command:Invoked command in '/home/shrujan/Desktop/SBRT/urdf_ros2_ws/build/tetra_description' returned '0': CMAKE_PREFIX_PATH=${CMAKE_PREFIX_PATH}:/opt/ros/humble /usr/bin/cmake --build /home/shrujan/Desktop/SBRT/urdf_ros2_ws/build/tetra_description -- -j16 -l16
[1.358s] DEBUG:colcon.colcon_core.event_handler.log_command:Invoking command in '/home/shrujan/Desktop/SBRT/urdf_ros2_ws/build/tetra_controller': CMAKE_PREFIX_PATH=${CMAKE_PREFIX_PATH}:/opt/ros/humble /usr/bin/cmake --install /home/shrujan/Desktop/SBRT/urdf_ros2_ws/build/tetra_controller
[1.359s] DEBUG:colcon.colcon_core.event_handler.log_command:Invoking command in '/home/shrujan/Desktop/SBRT/urdf_ros2_ws/build/tetra_description': CMAKE_PREFIX_PATH=${CMAKE_PREFIX_PATH}:/opt/ros/humble /usr/bin/cmake --install /home/shrujan/Desktop/SBRT/urdf_ros2_ws/build/tetra_description
[1.366s] Level 1:colcon.colcon_core.environment:create_environment_scripts_only(tetra_controller)
[1.368s] DEBUG:colcon.colcon_core.event_handler.log_command:Invoked command in '/home/shrujan/Desktop/SBRT/urdf_ros2_ws/build/tetra_controller' returned '0': CMAKE_PREFIX_PATH=${CMAKE_PREFIX_PATH}:/opt/ros/humble /usr/bin/cmake --install /home/shrujan/Desktop/SBRT/urdf_ros2_ws/build/tetra_controller
[1.385s] Level 1:colcon.colcon_core.environment:checking '/home/shrujan/Desktop/SBRT/urdf_ros2_ws/install/tetra_controller' for CMake module files
[1.386s] Level 1:colcon.colcon_core.environment:checking '/home/shrujan/Desktop/SBRT/urdf_ros2_ws/install/tetra_controller' for CMake config files
[1.386s] Level 1:colcon.colcon_core.shell:create_environment_hook('tetra_controller', 'cmake_prefix_path')
[1.399s] INFO:colcon.colcon_core.shell:Creating environment hook '/home/shrujan/Desktop/SBRT/urdf_ros2_ws/install/tetra_controller/share/tetra_controller/hook/cmake_prefix_path.ps1'
[1.399s] INFO:colcon.colcon_core.shell:Creating environment descriptor '/home/shrujan/Desktop/SBRT/urdf_ros2_ws/install/tetra_controller/share/tetra_controller/hook/cmake_prefix_path.dsv'
[1.400s] INFO:colcon.colcon_core.shell:Creating environment hook '/home/shrujan/Desktop/SBRT/urdf_ros2_ws/install/tetra_controller/share/tetra_controller/hook/cmake_prefix_path.sh'
[1.400s] Level 1:colcon.colcon_core.environment:checking '/home/shrujan/Desktop/SBRT/urdf_ros2_ws/install/tetra_controller/bin'
[1.400s] Level 1:colcon.colcon_core.environment:checking '/home/shrujan/Desktop/SBRT/urdf_ros2_ws/install/tetra_controller/lib/pkgconfig/tetra_controller.pc'
[1.400s] Level 1:colcon.colcon_core.environment:checking '/home/shrujan/Desktop/SBRT/urdf_ros2_ws/install/tetra_controller/lib/python3.10/site-packages'
[1.401s] Level 1:colcon.colcon_core.environment:checking '/home/shrujan/Desktop/SBRT/urdf_ros2_ws/install/tetra_controller/bin'
[1.414s] INFO:colcon.colcon_core.shell:Creating package script '/home/shrujan/Desktop/SBRT/urdf_ros2_ws/install/tetra_controller/share/tetra_controller/package.ps1'
[1.415s] INFO:colcon.colcon_core.shell:Creating package descriptor '/home/shrujan/Desktop/SBRT/urdf_ros2_ws/install/tetra_controller/share/tetra_controller/package.dsv'
[1.415s] INFO:colcon.colcon_core.shell:Creating package script '/home/shrujan/Desktop/SBRT/urdf_ros2_ws/install/tetra_controller/share/tetra_controller/package.sh'
[1.416s] INFO:colcon.colcon_core.shell:Creating package script '/home/shrujan/Desktop/SBRT/urdf_ros2_ws/install/tetra_controller/share/tetra_controller/package.bash'
[1.416s] INFO:colcon.colcon_core.shell:Creating package script '/home/shrujan/Desktop/SBRT/urdf_ros2_ws/install/tetra_controller/share/tetra_controller/package.zsh'
[1.416s] Level 1:colcon.colcon_core.environment:create_file_with_runtime_dependencies(/home/shrujan/Desktop/SBRT/urdf_ros2_ws/install/tetra_controller/share/colcon-core/packages/tetra_controller)
[1.418s] Level 1:colcon.colcon_core.environment:create_environment_scripts_only(tetra_description)
[1.418s] DEBUG:colcon.colcon_core.event_handler.log_command:Invoked command in '/home/shrujan/Desktop/SBRT/urdf_ros2_ws/build/tetra_description' returned '0': CMAKE_PREFIX_PATH=${CMAKE_PREFIX_PATH}:/opt/ros/humble /usr/bin/cmake --install /home/shrujan/Desktop/SBRT/urdf_ros2_ws/build/tetra_description
[1.432s] Level 1:colcon.colcon_core.environment:checking '/home/shrujan/Desktop/SBRT/urdf_ros2_ws/install/tetra_description' for CMake module files
[1.432s] Level 1:colcon.colcon_core.environment:checking '/home/shrujan/Desktop/SBRT/urdf_ros2_ws/install/tetra_description' for CMake config files
[1.432s] Level 1:colcon.colcon_core.shell:create_environment_hook('tetra_description', 'cmake_prefix_path')
[1.446s] INFO:colcon.colcon_core.shell:Creating environment hook '/home/shrujan/Desktop/SBRT/urdf_ros2_ws/install/tetra_description/share/tetra_description/hook/cmake_prefix_path.ps1'
[1.446s] INFO:colcon.colcon_core.shell:Creating environment descriptor '/home/shrujan/Desktop/SBRT/urdf_ros2_ws/install/tetra_description/share/tetra_description/hook/cmake_prefix_path.dsv'
[1.447s] INFO:colcon.colcon_core.shell:Creating environment hook '/home/shrujan/Desktop/SBRT/urdf_ros2_ws/install/tetra_description/share/tetra_description/hook/cmake_prefix_path.sh'
[1.447s] Level 1:colcon.colcon_core.environment:checking '/home/shrujan/Desktop/SBRT/urdf_ros2_ws/install/tetra_description/bin'
[1.447s] Level 1:colcon.colcon_core.environment:checking '/home/shrujan/Desktop/SBRT/urdf_ros2_ws/install/tetra_description/lib/pkgconfig/tetra_description.pc'
[1.447s] Level 1:colcon.colcon_core.environment:checking '/home/shrujan/Desktop/SBRT/urdf_ros2_ws/install/tetra_description/lib/python3.10/site-packages'
[1.448s] Level 1:colcon.colcon_core.environment:checking '/home/shrujan/Desktop/SBRT/urdf_ros2_ws/install/tetra_description/bin'
[1.461s] INFO:colcon.colcon_core.shell:Creating package script '/home/shrujan/Desktop/SBRT/urdf_ros2_ws/install/tetra_description/share/tetra_description/package.ps1'
[1.461s] INFO:colcon.colcon_core.shell:Creating package descriptor '/home/shrujan/Desktop/SBRT/urdf_ros2_ws/install/tetra_description/share/tetra_description/package.dsv'
[1.462s] INFO:colcon.colcon_core.shell:Creating package script '/home/shrujan/Desktop/SBRT/urdf_ros2_ws/install/tetra_description/share/tetra_description/package.sh'
[1.462s] INFO:colcon.colcon_core.shell:Creating package script '/home/shrujan/Desktop/SBRT/urdf_ros2_ws/install/tetra_description/share/tetra_description/package.bash'
[1.462s] INFO:colcon.colcon_core.shell:Creating package script '/home/shrujan/Desktop/SBRT/urdf_ros2_ws/install/tetra_description/share/tetra_description/package.zsh'
[1.462s] Level 1:colcon.colcon_core.environment:create_file_with_runtime_dependencies(/home/shrujan/Desktop/SBRT/urdf_ros2_ws/install/tetra_description/share/colcon-core/packages/tetra_description)
[1.478s] Level 1:colcon.colcon_core.environment:create_environment_scripts_only(tetra_controller)
[1.492s] Level 1:colcon.colcon_core.environment:checking '/home/shrujan/Desktop/SBRT/urdf_ros2_ws/install/tetra_controller' for CMake module files
[1.492s] Level 1:colcon.colcon_core.environment:checking '/home/shrujan/Desktop/SBRT/urdf_ros2_ws/install/tetra_controller' for CMake config files
[1.492s] Level 1:colcon.colcon_core.shell:create_environment_hook('tetra_controller', 'cmake_prefix_path')
[1.505s] INFO:colcon.colcon_core.shell:Creating environment hook '/home/shrujan/Desktop/SBRT/urdf_ros2_ws/install/tetra_controller/share/tetra_controller/hook/cmake_prefix_path.ps1'
[1.506s] INFO:colcon.colcon_core.shell:Creating environment descriptor '/home/shrujan/Desktop/SBRT/urdf_ros2_ws/install/tetra_controller/share/tetra_controller/hook/cmake_prefix_path.dsv'
[1.506s] INFO:colcon.colcon_core.shell:Creating environment hook '/home/shrujan/Desktop/SBRT/urdf_ros2_ws/install/tetra_controller/share/tetra_controller/hook/cmake_prefix_path.sh'
[1.507s] Level 1:colcon.colcon_core.environment:checking '/home/shrujan/Desktop/SBRT/urdf_ros2_ws/install/tetra_controller/bin'
[1.507s] Level 1:colcon.colcon_core.environment:checking '/home/shrujan/Desktop/SBRT/urdf_ros2_ws/install/tetra_controller/lib/pkgconfig/tetra_controller.pc'
[1.507s] Level 1:colcon.colcon_core.environment:checking '/home/shrujan/Desktop/SBRT/urdf_ros2_ws/install/tetra_controller/lib/python3.10/site-packages'
[1.507s] Level 1:colcon.colcon_core.environment:checking '/home/shrujan/Desktop/SBRT/urdf_ros2_ws/install/tetra_controller/bin'
[1.521s] INFO:colcon.colcon_core.shell:Creating package script '/home/shrujan/Desktop/SBRT/urdf_ros2_ws/install/tetra_controller/share/tetra_controller/package.ps1'
[1.521s] INFO:colcon.colcon_core.shell:Creating package descriptor '/home/shrujan/Desktop/SBRT/urdf_ros2_ws/install/tetra_controller/share/tetra_controller/package.dsv'
[1.522s] INFO:colcon.colcon_core.shell:Creating package script '/home/shrujan/Desktop/SBRT/urdf_ros2_ws/install/tetra_controller/share/tetra_controller/package.sh'
[1.522s] INFO:colcon.colcon_core.shell:Creating package script '/home/shrujan/Desktop/SBRT/urdf_ros2_ws/install/tetra_controller/share/tetra_controller/package.bash'
[1.522s] INFO:colcon.colcon_core.shell:Creating package script '/home/shrujan/Desktop/SBRT/urdf_ros2_ws/install/tetra_controller/share/tetra_controller/package.zsh'
[1.522s] Level 1:colcon.colcon_core.environment:create_file_with_runtime_dependencies(/home/shrujan/Desktop/SBRT/urdf_ros2_ws/install/tetra_controller/share/colcon-core/packages/tetra_controller)
[1.536s] Level 1:colcon.colcon_core.environment:create_environment_scripts_only(tetra_description)
[1.550s] Level 1:colcon.colcon_core.environment:checking '/home/shrujan/Desktop/SBRT/urdf_ros2_ws/install/tetra_description' for CMake module files
[1.551s] Level 1:colcon.colcon_core.environment:checking '/home/shrujan/Desktop/SBRT/urdf_ros2_ws/install/tetra_description' for CMake config files
[1.551s] Level 1:colcon.colcon_core.shell:create_environment_hook('tetra_description', 'cmake_prefix_path')
[1.564s] INFO:colcon.colcon_core.shell:Creating environment hook '/home/shrujan/Desktop/SBRT/urdf_ros2_ws/install/tetra_description/share/tetra_description/hook/cmake_prefix_path.ps1'
[1.564s] INFO:colcon.colcon_core.shell:Creating environment descriptor '/home/shrujan/Desktop/SBRT/urdf_ros2_ws/install/tetra_description/share/tetra_description/hook/cmake_prefix_path.dsv'
[1.564s] INFO:colcon.colcon_core.shell:Creating environment hook '/home/shrujan/Desktop/SBRT/urdf_ros2_ws/install/tetra_description/share/tetra_description/hook/cmake_prefix_path.sh'
[1.565s] Level 1:colcon.colcon_core.environment:checking '/home/shrujan/Desktop/SBRT/urdf_ros2_ws/install/tetra_description/bin'
[1.565s] Level 1:colcon.colcon_core.environment:checking '/home/shrujan/Desktop/SBRT/urdf_ros2_ws/install/tetra_description/lib/pkgconfig/tetra_description.pc'
[1.565s] Level 1:colcon.colcon_core.environment:checking '/home/shrujan/Desktop/SBRT/urdf_ros2_ws/install/tetra_description/lib/python3.10/site-packages'
[1.565s] Level 1:colcon.colcon_core.environment:checking '/home/shrujan/Desktop/SBRT/urdf_ros2_ws/install/tetra_description/bin'
[1.578s] INFO:colcon.colcon_core.shell:Creating package script '/home/shrujan/Desktop/SBRT/urdf_ros2_ws/install/tetra_description/share/tetra_description/package.ps1'
[1.579s] INFO:colcon.colcon_core.shell:Creating package descriptor '/home/shrujan/Desktop/SBRT/urdf_ros2_ws/install/tetra_description/share/tetra_description/package.dsv'
[1.579s] INFO:colcon.colcon_core.shell:Creating package script '/home/shrujan/Desktop/SBRT/urdf_ros2_ws/install/tetra_description/share/tetra_description/package.sh'
[1.580s] INFO:colcon.colcon_core.shell:Creating package script '/home/shrujan/Desktop/SBRT/urdf_ros2_ws/install/tetra_description/share/tetra_description/package.bash'
[1.580s] INFO:colcon.colcon_core.shell:Creating package script '/home/shrujan/Desktop/SBRT/urdf_ros2_ws/install/tetra_description/share/tetra_description/package.zsh'
[1.580s] Level 1:colcon.colcon_core.environment:create_file_with_runtime_dependencies(/home/shrujan/Desktop/SBRT/urdf_ros2_ws/install/tetra_description/share/colcon-core/packages/tetra_description)
[1.580s] DEBUG:colcon.colcon_parallel_executor.executor.parallel:closing loop
[1.581s] DEBUG:colcon.colcon_parallel_executor.executor.parallel:loop closed
[1.581s] DEBUG:colcon.colcon_parallel_executor.executor.parallel:run_until_complete finished with '0'
[1.581s] DEBUG:colcon.colcon_core.event_reactor:joining thread
[1.601s] INFO:colcon.colcon_core.plugin_system:Skipping extension 'colcon_notification.desktop_notification.terminal_notifier': Not used on non-Darwin systems
[1.601s] INFO:colcon.colcon_core.plugin_system:Skipping extension 'colcon_notification.desktop_notification.win32': Not used on non-Windows systems
[1.601s] INFO:colcon.colcon_notification.desktop_notification:Sending desktop notification using 'notify2'
[1.611s] DEBUG:colcon.colcon_core.event_reactor:joined thread
[1.625s] INFO:colcon.colcon_core.shell:Creating prefix script '/home/shrujan/Desktop/SBRT/urdf_ros2_ws/install/local_setup.ps1'
[1.625s] INFO:colcon.colcon_core.shell:Creating prefix util module '/home/shrujan/Desktop/SBRT/urdf_ros2_ws/install/_local_setup_util_ps1.py'
[1.626s] INFO:colcon.colcon_core.shell:Creating prefix chain script '/home/shrujan/Desktop/SBRT/urdf_ros2_ws/install/setup.ps1'
[1.640s] INFO:colcon.colcon_core.shell:Creating prefix script '/home/shrujan/Desktop/SBRT/urdf_ros2_ws/install/local_setup.sh'
[1.640s] INFO:colcon.colcon_core.shell:Creating prefix util module '/home/shrujan/Desktop/SBRT/urdf_ros2_ws/install/_local_setup_util_sh.py'
[1.641s] INFO:colcon.colcon_core.shell:Creating prefix chain script '/home/shrujan/Desktop/SBRT/urdf_ros2_ws/install/setup.sh'
[1.654s] INFO:colcon.colcon_core.shell:Creating prefix script '/home/shrujan/Desktop/SBRT/urdf_ros2_ws/install/local_setup.bash'
[1.655s] INFO:colcon.colcon_core.shell:Creating prefix chain script '/home/shrujan/Desktop/SBRT/urdf_ros2_ws/install/setup.bash'
[1.669s] INFO:colcon.colcon_core.shell:Creating prefix script '/home/shrujan/Desktop/SBRT/urdf_ros2_ws/install/local_setup.zsh'
[1.669s] INFO:colcon.colcon_core.shell:Creating prefix chain script '/home/shrujan/Desktop/SBRT/urdf_ros2_ws/install/setup.zsh'
