[0.775s] DEBUG:colcon:Command line arguments: ['/usr/bin/colcon', 'build']
[0.775s] DEBUG:colcon:Parsed command line arguments: Namespace(log_base=None, log_level=None, verb_name='build', build_base='build', install_base='install', merge_install=False, symlink_install=False, test_result_base=None, continue_on_error=False, executor='parallel', parallel_workers=16, event_handlers=None, ignore_user_meta=False, metas=['./colcon.meta'], base_paths=['.'], packages_ignore=None, packages_ignore_regex=None, paths=None, packages_up_to=None, packages_up_to_regex=None, packages_above=None, packages_above_and_dependencies=None, packages_above_depth=None, packages_select_by_dep=None, packages_skip_by_dep=None, packages_skip_up_to=None, packages_select_build_failed=False, packages_skip_build_finished=False, packages_select_test_failures=False, packages_skip_test_passed=False, packages_select=None, packages_skip=None, packages_select_regex=None, packages_skip_regex=None, packages_start=None, packages_end=None, allow_overriding=[], cmake_args=None, cmake_target=None, cmake_target_skip_unavailable=False, cmake_clean_cache=False, cmake_clean_first=False, cmake_force_configure=False, ament_cmake_args=None, catkin_cmake_args=None, catkin_skip_building_tests=False, verb_parser=<colcon_defaults.argument_parser.defaults.DefaultArgumentsDecorator object at 0x7f13c2d2f160>, verb_extension=<colcon_core.verb.build.BuildVerb object at 0x7f13c3003970>, main=<bound method BuildVerb.main of <colcon_core.verb.build.BuildVerb object at 0x7f13c3003970>>)
[0.814s] Level 1:colcon.colcon_core.package_discovery:discover_packages(colcon_meta) check parameters
[0.815s] Level 1:colcon.colcon_core.package_discovery:discover_packages(recursive) check parameters
[0.815s] Level 1:colcon.colcon_core.package_discovery:discover_packages(ignore) check parameters
[0.815s] Level 1:colcon.colcon_core.package_discovery:discover_packages(path) check parameters
[0.815s] Level 1:colcon.colcon_core.package_discovery:discover_packages(colcon_meta) discover
[0.815s] Level 1:colcon.colcon_core.package_discovery:discover_packages(recursive) discover
[0.815s] INFO:colcon.colcon_core.package_discovery:Crawling recursively for packages in '/home/shrujan/Desktop/SBRT/urdf_ros2_ws/src'
[0.815s] Level 1:colcon.colcon_core.package_identification:_identify(.) by extensions ['ignore', 'ignore_ament_install']
[0.815s] Level 1:colcon.colcon_core.package_identification:_identify(.) by extension 'ignore'
[0.815s] Level 1:colcon.colcon_core.package_identification:_identify(.) by extension 'ignore_ament_install'
[0.815s] Level 1:colcon.colcon_core.package_identification:_identify(.) by extensions ['colcon_pkg']
[0.815s] Level 1:colcon.colcon_core.package_identification:_identify(.) by extension 'colcon_pkg'
[0.815s] Level 1:colcon.colcon_core.package_identification:_identify(.) by extensions ['colcon_meta']
[0.815s] Level 1:colcon.colcon_core.package_identification:_identify(.) by extension 'colcon_meta'
[0.815s] Level 1:colcon.colcon_core.package_identification:_identify(.) by extensions ['ros']
[0.815s] Level 1:colcon.colcon_core.package_identification:_identify(.) by extension 'ros'
[0.827s] Level 1:colcon.colcon_core.package_identification:_identify(.) by extensions ['cmake', 'python']
[0.827s] Level 1:colcon.colcon_core.package_identification:_identify(.) by extension 'cmake'
[0.827s] Level 1:colcon.colcon_core.package_identification:_identify(.) by extension 'python'
[0.827s] Level 1:colcon.colcon_core.package_identification:_identify(.) by extensions ['python_setup_py']
[0.827s] Level 1:colcon.colcon_core.package_identification:_identify(.) by extension 'python_setup_py'
[0.827s] Level 1:colcon.colcon_core.package_identification:_identify(build) by extensions ['ignore', 'ignore_ament_install']
[0.827s] Level 1:colcon.colcon_core.package_identification:_identify(build) by extension 'ignore'
[0.827s] Level 1:colcon.colcon_core.package_identification:_identify(build) ignored
[0.827s] Level 1:colcon.colcon_core.package_identification:_identify(install) by extensions ['ignore', 'ignore_ament_install']
[0.827s] Level 1:colcon.colcon_core.package_identification:_identify(install) by extension 'ignore'
[0.827s] Level 1:colcon.colcon_core.package_identification:_identify(install) ignored
[0.827s] Level 1:colcon.colcon_core.package_identification:_identify(log) by extensions ['ignore', 'ignore_ament_install']
[0.827s] Level 1:colcon.colcon_core.package_identification:_identify(log) by extension 'ignore'
[0.827s] Level 1:colcon.colcon_core.package_identification:_identify(log) ignored
[0.828s] Level 1:colcon.colcon_core.package_identification:_identify(tetra_description) by extensions ['ignore', 'ignore_ament_install']
[0.828s] Level 1:colcon.colcon_core.package_identification:_identify(tetra_description) by extension 'ignore'
[0.828s] Level 1:colcon.colcon_core.package_identification:_identify(tetra_description) by extension 'ignore_ament_install'
[0.828s] Level 1:colcon.colcon_core.package_identification:_identify(tetra_description) by extensions ['colcon_pkg']
[0.828s] Level 1:colcon.colcon_core.package_identification:_identify(tetra_description) by extension 'colcon_pkg'
[0.828s] Level 1:colcon.colcon_core.package_identification:_identify(tetra_description) by extensions ['colcon_meta']
[0.828s] Level 1:colcon.colcon_core.package_identification:_identify(tetra_description) by extension 'colcon_meta'
[0.828s] Level 1:colcon.colcon_core.package_identification:_identify(tetra_description) by extensions ['ros']
[0.828s] Level 1:colcon.colcon_core.package_identification:_identify(tetra_description) by extension 'ros'
[0.830s] DEBUG:colcon.colcon_core.package_identification:Package 'tetra_description' with type 'ros.ament_cmake' and name 'tetra_description'
[0.830s] Level 1:colcon.colcon_core.package_discovery:discover_packages(recursive) using defaults
[0.830s] Level 1:colcon.colcon_core.package_discovery:discover_packages(ignore) discover
[0.830s] Level 1:colcon.colcon_core.package_discovery:discover_packages(ignore) using defaults
[0.830s] Level 1:colcon.colcon_core.package_discovery:discover_packages(path) discover
[0.830s] Level 1:colcon.colcon_core.package_discovery:discover_packages(path) using defaults
[0.906s] Level 1:colcon.colcon_core.package_discovery:discover_packages(prefix_path) check parameters
[0.906s] Level 1:colcon.colcon_core.package_discovery:discover_packages(prefix_path) discover
[0.930s] DEBUG:colcon.colcon_installed_package_information.package_discovery:Found 275 installed packages in /opt/ros/humble
[0.931s] Level 1:colcon.colcon_core.package_discovery:discover_packages(prefix_path) using defaults
[1.008s] Level 5:colcon.colcon_core.verb:set package 'tetra_description' build argument 'cmake_args' from command line to 'None'
[1.008s] Level 5:colcon.colcon_core.verb:set package 'tetra_description' build argument 'cmake_target' from command line to 'None'
[1.008s] Level 5:colcon.colcon_core.verb:set package 'tetra_description' build argument 'cmake_target_skip_unavailable' from command line to 'False'
[1.008s] Level 5:colcon.colcon_core.verb:set package 'tetra_description' build argument 'cmake_clean_cache' from command line to 'False'
[1.008s] Level 5:colcon.colcon_core.verb:set package 'tetra_description' build argument 'cmake_clean_first' from command line to 'False'
[1.008s] Level 5:colcon.colcon_core.verb:set package 'tetra_description' build argument 'cmake_force_configure' from command line to 'False'
[1.008s] Level 5:colcon.colcon_core.verb:set package 'tetra_description' build argument 'ament_cmake_args' from command line to 'None'
[1.008s] Level 5:colcon.colcon_core.verb:set package 'tetra_description' build argument 'catkin_cmake_args' from command line to 'None'
[1.008s] Level 5:colcon.colcon_core.verb:set package 'tetra_description' build argument 'catkin_skip_building_tests' from command line to 'False'
[1.008s] DEBUG:colcon.colcon_core.verb:Building package 'tetra_description' with the following arguments: {'ament_cmake_args': None, 'build_base': '/home/shrujan/Desktop/SBRT/urdf_ros2_ws/src/build/tetra_description', 'catkin_cmake_args': None, 'catkin_skip_building_tests': False, 'cmake_args': None, 'cmake_clean_cache': False, 'cmake_clean_first': False, 'cmake_force_configure': False, 'cmake_target': None, 'cmake_target_skip_unavailable': False, 'install_base': '/home/shrujan/Desktop/SBRT/urdf_ros2_ws/src/install/tetra_description', 'merge_install': False, 'path': '/home/shrujan/Desktop/SBRT/urdf_ros2_ws/src/tetra_description', 'symlink_install': False, 'test_result_base': None}
[1.021s] INFO:colcon.colcon_core.executor:Executing jobs using 'parallel' executor
[1.033s] DEBUG:colcon.colcon_parallel_executor.executor.parallel:run_until_complete
[1.034s] INFO:colcon.colcon_ros.task.ament_cmake.build:Building ROS package in '/home/shrujan/Desktop/SBRT/urdf_ros2_ws/src/tetra_description' with build type 'ament_cmake'
[1.034s] INFO:colcon.colcon_cmake.task.cmake.build:Building CMake package in '/home/shrujan/Desktop/SBRT/urdf_ros2_ws/src/tetra_description'
[1.047s] INFO:colcon.colcon_core.plugin_system:Skipping extension 'colcon_core.shell.bat': Not used on non-Windows systems
[1.047s] INFO:colcon.colcon_core.shell:Skip shell extension 'powershell' for command environment: Not usable outside of PowerShell
[1.047s] DEBUG:colcon.colcon_core.shell:Skip shell extension 'dsv' for command environment
[1.080s] DEBUG:colcon.colcon_core.event_handler.log_command:Invoking command in '/home/shrujan/Desktop/SBRT/urdf_ros2_ws/src/build/tetra_description': CMAKE_PREFIX_PATH=/opt/ros/humble /usr/bin/cmake --build /home/shrujan/Desktop/SBRT/urdf_ros2_ws/src/build/tetra_description -- -j16 -l16
[1.115s] DEBUG:colcon.colcon_core.event_handler.log_command:Invoked command in '/home/shrujan/Desktop/SBRT/urdf_ros2_ws/src/build/tetra_description' returned '0': CMAKE_PREFIX_PATH=/opt/ros/humble /usr/bin/cmake --build /home/shrujan/Desktop/SBRT/urdf_ros2_ws/src/build/tetra_description -- -j16 -l16
[1.144s] DEBUG:colcon.colcon_core.event_handler.log_command:Invoking command in '/home/shrujan/Desktop/SBRT/urdf_ros2_ws/src/build/tetra_description': CMAKE_PREFIX_PATH=/opt/ros/humble /usr/bin/cmake --install /home/shrujan/Desktop/SBRT/urdf_ros2_ws/src/build/tetra_description
[1.157s] Level 1:colcon.colcon_core.environment:create_environment_scripts_only(tetra_description)
[1.157s] DEBUG:colcon.colcon_core.event_handler.log_command:Invoked command in '/home/shrujan/Desktop/SBRT/urdf_ros2_ws/src/build/tetra_description' returned '0': CMAKE_PREFIX_PATH=/opt/ros/humble /usr/bin/cmake --install /home/shrujan/Desktop/SBRT/urdf_ros2_ws/src/build/tetra_description
[1.173s] Level 1:colcon.colcon_core.environment:checking '/home/shrujan/Desktop/SBRT/urdf_ros2_ws/src/install/tetra_description' for CMake module files
[1.173s] Level 1:colcon.colcon_core.environment:checking '/home/shrujan/Desktop/SBRT/urdf_ros2_ws/src/install/tetra_description' for CMake config files
[1.174s] Level 1:colcon.colcon_core.shell:create_environment_hook('tetra_description', 'cmake_prefix_path')
[1.185s] INFO:colcon.colcon_core.shell:Creating environment hook '/home/shrujan/Desktop/SBRT/urdf_ros2_ws/src/install/tetra_description/share/tetra_description/hook/cmake_prefix_path.ps1'
[1.185s] INFO:colcon.colcon_core.shell:Creating environment descriptor '/home/shrujan/Desktop/SBRT/urdf_ros2_ws/src/install/tetra_description/share/tetra_description/hook/cmake_prefix_path.dsv'
[1.186s] INFO:colcon.colcon_core.shell:Creating environment hook '/home/shrujan/Desktop/SBRT/urdf_ros2_ws/src/install/tetra_description/share/tetra_description/hook/cmake_prefix_path.sh'
[1.186s] Level 1:colcon.colcon_core.environment:checking '/home/shrujan/Desktop/SBRT/urdf_ros2_ws/src/install/tetra_description/bin'
[1.186s] Level 1:colcon.colcon_core.environment:checking '/home/shrujan/Desktop/SBRT/urdf_ros2_ws/src/install/tetra_description/lib/pkgconfig/tetra_description.pc'
[1.187s] Level 1:colcon.colcon_core.environment:checking '/home/shrujan/Desktop/SBRT/urdf_ros2_ws/src/install/tetra_description/lib/python3.10/site-packages'
[1.187s] Level 1:colcon.colcon_core.environment:checking '/home/shrujan/Desktop/SBRT/urdf_ros2_ws/src/install/tetra_description/bin'
[1.198s] INFO:colcon.colcon_core.shell:Creating package script '/home/shrujan/Desktop/SBRT/urdf_ros2_ws/src/install/tetra_description/share/tetra_description/package.ps1'
[1.199s] INFO:colcon.colcon_core.shell:Creating package descriptor '/home/shrujan/Desktop/SBRT/urdf_ros2_ws/src/install/tetra_description/share/tetra_description/package.dsv'
[1.199s] INFO:colcon.colcon_core.shell:Creating package script '/home/shrujan/Desktop/SBRT/urdf_ros2_ws/src/install/tetra_description/share/tetra_description/package.sh'
[1.200s] INFO:colcon.colcon_core.shell:Creating package script '/home/shrujan/Desktop/SBRT/urdf_ros2_ws/src/install/tetra_description/share/tetra_description/package.bash'
[1.200s] INFO:colcon.colcon_core.shell:Creating package script '/home/shrujan/Desktop/SBRT/urdf_ros2_ws/src/install/tetra_description/share/tetra_description/package.zsh'
[1.201s] Level 1:colcon.colcon_core.environment:create_file_with_runtime_dependencies(/home/shrujan/Desktop/SBRT/urdf_ros2_ws/src/install/tetra_description/share/colcon-core/packages/tetra_description)
[1.233s] Level 1:colcon.colcon_core.environment:create_environment_scripts_only(tetra_description)
[1.244s] Level 1:colcon.colcon_core.environment:checking '/home/shrujan/Desktop/SBRT/urdf_ros2_ws/src/install/tetra_description' for CMake module files
[1.245s] Level 1:colcon.colcon_core.environment:checking '/home/shrujan/Desktop/SBRT/urdf_ros2_ws/src/install/tetra_description' for CMake config files
[1.245s] Level 1:colcon.colcon_core.shell:create_environment_hook('tetra_description', 'cmake_prefix_path')
[1.257s] INFO:colcon.colcon_core.shell:Creating environment hook '/home/shrujan/Desktop/SBRT/urdf_ros2_ws/src/install/tetra_description/share/tetra_description/hook/cmake_prefix_path.ps1'
[1.257s] INFO:colcon.colcon_core.shell:Creating environment descriptor '/home/shrujan/Desktop/SBRT/urdf_ros2_ws/src/install/tetra_description/share/tetra_description/hook/cmake_prefix_path.dsv'
[1.257s] INFO:colcon.colcon_core.shell:Creating environment hook '/home/shrujan/Desktop/SBRT/urdf_ros2_ws/src/install/tetra_description/share/tetra_description/hook/cmake_prefix_path.sh'
[1.258s] Level 1:colcon.colcon_core.environment:checking '/home/shrujan/Desktop/SBRT/urdf_ros2_ws/src/install/tetra_description/bin'
[1.258s] Level 1:colcon.colcon_core.environment:checking '/home/shrujan/Desktop/SBRT/urdf_ros2_ws/src/install/tetra_description/lib/pkgconfig/tetra_description.pc'
[1.258s] Level 1:colcon.colcon_core.environment:checking '/home/shrujan/Desktop/SBRT/urdf_ros2_ws/src/install/tetra_description/lib/python3.10/site-packages'
[1.258s] Level 1:colcon.colcon_core.environment:checking '/home/shrujan/Desktop/SBRT/urdf_ros2_ws/src/install/tetra_description/bin'
[1.271s] INFO:colcon.colcon_core.shell:Creating package script '/home/shrujan/Desktop/SBRT/urdf_ros2_ws/src/install/tetra_description/share/tetra_description/package.ps1'
[1.271s] INFO:colcon.colcon_core.shell:Creating package descriptor '/home/shrujan/Desktop/SBRT/urdf_ros2_ws/src/install/tetra_description/share/tetra_description/package.dsv'
[1.271s] INFO:colcon.colcon_core.shell:Creating package script '/home/shrujan/Desktop/SBRT/urdf_ros2_ws/src/install/tetra_description/share/tetra_description/package.sh'
[1.272s] INFO:colcon.colcon_core.shell:Creating package script '/home/shrujan/Desktop/SBRT/urdf_ros2_ws/src/install/tetra_description/share/tetra_description/package.bash'
[1.272s] INFO:colcon.colcon_core.shell:Creating package script '/home/shrujan/Desktop/SBRT/urdf_ros2_ws/src/install/tetra_description/share/tetra_description/package.zsh'
[1.272s] Level 1:colcon.colcon_core.environment:create_file_with_runtime_dependencies(/home/shrujan/Desktop/SBRT/urdf_ros2_ws/src/install/tetra_description/share/colcon-core/packages/tetra_description)
[1.273s] DEBUG:colcon.colcon_parallel_executor.executor.parallel:closing loop
[1.273s] DEBUG:colcon.colcon_parallel_executor.executor.parallel:loop closed
[1.273s] DEBUG:colcon.colcon_parallel_executor.executor.parallel:run_until_complete finished with '0'
[1.273s] DEBUG:colcon.colcon_core.event_reactor:joining thread
[1.292s] INFO:colcon.colcon_core.plugin_system:Skipping extension 'colcon_notification.desktop_notification.terminal_notifier': Not used on non-Darwin systems
[1.292s] INFO:colcon.colcon_core.plugin_system:Skipping extension 'colcon_notification.desktop_notification.win32': Not used on non-Windows systems
[1.292s] INFO:colcon.colcon_notification.desktop_notification:Sending desktop notification using 'notify2'
[1.302s] DEBUG:colcon.colcon_core.event_reactor:joined thread
[1.314s] INFO:colcon.colcon_core.shell:Creating prefix script '/home/shrujan/Desktop/SBRT/urdf_ros2_ws/src/install/local_setup.ps1'
[1.315s] INFO:colcon.colcon_core.shell:Creating prefix util module '/home/shrujan/Desktop/SBRT/urdf_ros2_ws/src/install/_local_setup_util_ps1.py'
[1.316s] INFO:colcon.colcon_core.shell:Creating prefix chain script '/home/shrujan/Desktop/SBRT/urdf_ros2_ws/src/install/setup.ps1'
[1.328s] INFO:colcon.colcon_core.shell:Creating prefix script '/home/shrujan/Desktop/SBRT/urdf_ros2_ws/src/install/local_setup.sh'
[1.329s] INFO:colcon.colcon_core.shell:Creating prefix util module '/home/shrujan/Desktop/SBRT/urdf_ros2_ws/src/install/_local_setup_util_sh.py'
[1.329s] INFO:colcon.colcon_core.shell:Creating prefix chain script '/home/shrujan/Desktop/SBRT/urdf_ros2_ws/src/install/setup.sh'
[1.341s] INFO:colcon.colcon_core.shell:Creating prefix script '/home/shrujan/Desktop/SBRT/urdf_ros2_ws/src/install/local_setup.bash'
[1.342s] INFO:colcon.colcon_core.shell:Creating prefix chain script '/home/shrujan/Desktop/SBRT/urdf_ros2_ws/src/install/setup.bash'
[1.354s] INFO:colcon.colcon_core.shell:Creating prefix script '/home/shrujan/Desktop/SBRT/urdf_ros2_ws/src/install/local_setup.zsh'
[1.354s] INFO:colcon.colcon_core.shell:Creating prefix chain script '/home/shrujan/Desktop/SBRT/urdf_ros2_ws/src/install/setup.zsh'
